TN:
SF:src/analyzer/MEVDetector.ts
FN:31,(anonymous_0)
FN:98,(anonymous_1)
FN:99,(anonymous_2)
FN:107,(anonymous_3)
FN:108,(anonymous_4)
FN:120,(anonymous_5)
FN:179,(anonymous_6)
FN:201,(anonymous_7)
FN:208,(anonymous_8)
FN:213,(anonymous_9)
FN:233,(anonymous_10)
FN:246,(anonymous_11)
FN:250,(anonymous_12)
FN:254,(anonymous_13)
FNF:14
FNH:0
FNDA:0,(anonymous_0)
FNDA:0,(anonymous_1)
FNDA:0,(anonymous_2)
FNDA:0,(anonymous_3)
FNDA:0,(anonymous_4)
FNDA:0,(anonymous_5)
FNDA:0,(anonymous_6)
FNDA:0,(anonymous_7)
FNDA:0,(anonymous_8)
FNDA:0,(anonymous_9)
FNDA:0,(anonymous_10)
FNDA:0,(anonymous_11)
FNDA:0,(anonymous_12)
FNDA:0,(anonymous_13)
DA:2,0
DA:8,0
DA:10,0
DA:19,0
DA:32,0
DA:34,0
DA:38,0
DA:42,0
DA:43,0
DA:47,0
DA:51,0
DA:52,0
DA:56,0
DA:60,0
DA:61,0
DA:64,0
DA:68,0
DA:69,0
DA:72,0
DA:76,0
DA:77,0
DA:80,0
DA:83,0
DA:85,0
DA:89,0
DA:99,0
DA:108,0
DA:109,0
DA:124,0
DA:125,0
DA:128,0
DA:129,0
DA:130,0
DA:133,0
DA:134,0
DA:136,0
DA:137,0
DA:141,0
DA:142,0
DA:146,0
DA:148,0
DA:154,0
DA:159,0
DA:165,0
DA:169,0
DA:178,0
DA:179,0
DA:180,0
DA:182,0
DA:183,0
DA:184,0
DA:189,0
DA:191,0
DA:205,0
DA:208,0
DA:211,0
DA:213,0
DA:216,0
DA:219,0
DA:220,0
DA:224,0
DA:237,0
DA:239,0
DA:241,0
DA:242,0
DA:245,0
DA:247,0
DA:248,0
DA:250,0
DA:252,0
DA:254,0
DA:257,0
DA:258,0
DA:262,0
DA:263,0
DA:266,0
DA:268,0
LF:77
LH:0
BRDA:34,0,0,0
BRDA:34,1,0,0
BRDA:34,1,1,0
BRDA:34,1,2,0
BRDA:34,1,3,0
BRDA:34,1,4,0
BRDA:34,1,5,0
BRDA:34,1,6,0
BRDA:34,1,7,0
BRDA:42,2,0,0
BRDA:51,3,0,0
BRDA:51,4,0,0
BRDA:51,4,1,0
BRDA:60,5,0,0
BRDA:68,6,0,0
BRDA:76,7,0,0
BRDA:87,8,0,0
BRDA:87,8,1,0
BRDA:125,9,0,0
BRDA:136,10,0,0
BRDA:136,11,0,0
BRDA:136,11,1,0
BRDA:141,12,0,0
BRDA:141,13,0,0
BRDA:141,13,1,0
BRDA:146,14,0,0
BRDA:146,15,0,0
BRDA:146,15,1,0
BRDA:148,16,0,0
BRDA:149,17,0,0
BRDA:149,17,1,0
BRDA:149,17,2,0
BRDA:154,18,0,0
BRDA:155,19,0,0
BRDA:155,19,1,0
BRDA:155,19,2,0
BRDA:155,19,3,0
BRDA:159,20,0,0
BRDA:160,21,0,0
BRDA:160,21,1,0
BRDA:160,21,2,0
BRDA:165,22,0,0
BRDA:166,23,0,0
BRDA:166,23,1,0
BRDA:178,24,0,0
BRDA:180,25,0,0
BRDA:180,26,0,0
BRDA:180,26,1,0
BRDA:183,27,0,0
BRDA:205,28,0,0
BRDA:211,29,0,0
BRDA:219,30,0,0
BRDA:219,31,0,0
BRDA:219,31,1,0
BRDA:237,32,0,0
BRDA:241,33,0,0
BRDA:241,33,1,0
BRDA:242,34,0,0
BRDA:247,35,0,0
BRDA:247,35,1,0
BRDA:252,36,0,0
BRDA:257,37,0,0
BRDA:262,38,0,0
BRF:63
BRH:0
end_of_record
TN:
SF:src/analyzer/MLModel.ts
FN:23,(anonymous_0)
FN:106,(anonymous_1)
FN:135,(anonymous_2)
FN:151,(anonymous_3)
FN:157,(anonymous_4)
FN:194,(anonymous_5)
FN:212,(anonymous_6)
FN:246,(anonymous_7)
FNF:8
FNH:0
FNDA:0,(anonymous_0)
FNDA:0,(anonymous_1)
FNDA:0,(anonymous_2)
FNDA:0,(anonymous_3)
FNDA:0,(anonymous_4)
FNDA:0,(anonymous_5)
FNDA:0,(anonymous_6)
FNDA:0,(anonymous_7)
DA:1,0
DA:2,0
DA:3,0
DA:4,0
DA:17,0
DA:24,0
DA:25,0
DA:31,0
DA:34,0
DA:37,0
DA:40,0
DA:44,0
DA:50,0
DA:53,0
DA:56,0
DA:57,0
DA:61,0
DA:62,0
DA:66,0
DA:71,0
DA:79,0
DA:86,0
DA:92,0
DA:109,0
DA:111,0
DA:114,0
DA:116,0
DA:117,0
DA:120,0
DA:122,0
DA:125,0
DA:126,0
DA:127,0
DA:129,0
DA:130,0
DA:131,0
DA:135,0
DA:136,0
DA:137,0
DA:141,0
DA:142,0
DA:146,0
DA:148,0
DA:151,0
DA:152,0
DA:153,0
DA:157,0
DA:158,0
DA:159,0
DA:163,0
DA:164,0
DA:168,0
DA:170,0
DA:176,0
DA:181,0
DA:195,0
DA:196,0
DA:199,0
DA:200,0
DA:204,0
DA:213,0
DA:215,0
DA:216,0
DA:219,0
DA:220,0
DA:224,0
DA:225,0
DA:229,0
DA:230,0
DA:234,0
DA:237,0
DA:247,0
DA:248,0
DA:249,0
DA:250,0
LF:75
LH:0
BRDA:56,0,0,0
BRDA:61,1,0,0
BRDA:88,2,0,0
BRDA:88,2,1,0
BRDA:120,3,0,0
BRDA:120,3,1,0
BRDA:129,4,0,0
BRDA:135,5,0,0
BRDA:135,6,0,0
BRDA:135,6,1,0
BRDA:146,7,0,0
BRDA:146,7,1,0
BRDA:151,8,0,0
BRDA:151,9,0,0
BRDA:151,9,1,0
BRDA:157,10,0,0
BRDA:173,11,0,0
BRDA:173,11,1,0
BRDA:173,12,0,0
BRDA:173,12,1,0
BRDA:178,13,0,0
BRDA:178,13,1,0
BRDA:199,14,0,0
BRDA:199,15,0,0
BRDA:199,15,1,0
BRDA:213,16,0,0
BRDA:219,17,0,0
BRDA:224,18,0,0
BRDA:229,19,0,0
BRDA:247,20,0,0
BRDA:248,21,0,0
BRDA:249,22,0,0
BRF:32
BRH:0
end_of_record
TN:
SF:src/analyzer/RiskPatternAnalyzer.ts
FN:18,(anonymous_0)
FN:110,(anonymous_1)
FN:116,(anonymous_2)
FN:132,(anonymous_3)
FN:143,(anonymous_4)
FN:143,(anonymous_5)
FN:151,(anonymous_6)
FN:180,(anonymous_7)
FN:189,(anonymous_8)
FN:190,(anonymous_9)
FN:195,(anonymous_10)
FN:227,(anonymous_11)
FN:231,(anonymous_12)
FN:245,(anonymous_13)
FNF:14
FNH:0
FNDA:0,(anonymous_0)
FNDA:0,(anonymous_1)
FNDA:0,(anonymous_2)
FNDA:0,(anonymous_3)
FNDA:0,(anonymous_4)
FNDA:0,(anonymous_5)
FNDA:0,(anonymous_6)
FNDA:0,(anonymous_7)
FNDA:0,(anonymous_8)
FNDA:0,(anonymous_9)
FNDA:0,(anonymous_10)
FNDA:0,(anonymous_11)
FNDA:0,(anonymous_12)
FNDA:0,(anonymous_13)
DA:1,0
DA:2,0
DA:3,0
DA:4,0
DA:5,0
DA:6,0
DA:12,0
DA:21,0
DA:22,0
DA:28,0
DA:31,0
DA:32,0
DA:35,0
DA:36,0
DA:37,0
DA:38,0
DA:42,0
DA:43,0
DA:44,0
DA:45,0
DA:49,0
DA:50,0
DA:51,0
DA:52,0
DA:56,0
DA:57,0
DA:58,0
DA:59,0
DA:63,0
DA:64,0
DA:65,0
DA:66,0
DA:67,0
DA:72,0
DA:75,0
DA:77,0
DA:84,0
DA:90,0
DA:96,0
DA:111,0
DA:114,0
DA:116,0
DA:118,0
DA:122,0
DA:136,0
DA:138,0
DA:140,0
DA:143,0
DA:146,0
DA:147,0
DA:148,0
DA:151,0
DA:154,0
DA:155,0
DA:159,0
DA:160,0
DA:164,0
DA:165,0
DA:168,0
DA:170,0
DA:184,0
DA:186,0
DA:188,0
DA:189,0
DA:190,0
DA:192,0
DA:195,0
DA:196,0
DA:199,0
DA:202,0
DA:203,0
DA:207,0
DA:208,0
DA:212,0
DA:213,0
DA:216,0
DA:218,0
DA:228,0
DA:231,0
DA:232,0
DA:235,0
DA:236,0
DA:240,0
DA:241,0
DA:245,0
DA:246,0
DA:249,0
DA:250,0
DA:254,0
DA:255,0
DA:258,0
LF:91
LH:0
BRDA:36,0,0,0
BRDA:43,1,0,0
BRDA:50,2,0,0
BRDA:57,3,0,0
BRDA:63,4,0,0
BRDA:65,5,0,0
BRDA:92,6,0,0
BRDA:92,6,1,0
BRDA:116,7,0,0
BRDA:116,7,1,0
BRDA:120,8,0,0
BRDA:120,8,1,0
BRDA:136,9,0,0
BRDA:154,10,0,0
BRDA:159,11,0,0
BRDA:164,12,0,0
BRDA:164,13,0,0
BRDA:164,13,1,0
BRDA:164,13,2,0
BRDA:184,14,0,0
BRDA:184,15,0,0
BRDA:184,15,1,0
BRDA:190,16,0,0
BRDA:190,16,1,0
BRDA:192,17,0,0
BRDA:202,18,0,0
BRDA:207,19,0,0
BRDA:212,20,0,0
BRDA:228,21,0,0
BRDA:235,22,0,0
BRDA:240,23,0,0
BRDA:249,24,0,0
BRDA:254,25,0,0
BRDA:254,26,0,0
BRDA:254,26,1,0
BRF:35
BRH:0
end_of_record
TN:
SF:src/analyzer/TimeSeriesAnalyzer.ts
FN:14,(anonymous_0)
FN:22,(anonymous_1)
FN:22,(anonymous_2)
FN:47,(anonymous_3)
FN:100,(anonymous_4)
FN:102,(anonymous_5)
FN:111,(anonymous_6)
FN:114,(anonymous_7)
FN:115,(anonymous_8)
FN:124,(anonymous_9)
FN:159,(anonymous_10)
FN:179,(anonymous_11)
FN:185,(anonymous_12)
FN:191,(anonymous_13)
FN:199,(anonymous_14)
FN:214,(anonymous_15)
FN:230,(anonymous_16)
FN:266,(anonymous_17)
FN:317,(anonymous_18)
FN:322,(anonymous_19)
FN:323,(anonymous_20)
FN:330,(anonymous_21)
FN:343,(anonymous_22)
FN:348,(anonymous_23)
FN:374,(anonymous_24)
FN:421,(anonymous_25)
FN:427,(anonymous_26)
FN:449,(anonymous_27)
FNF:28
FNH:0
FNDA:0,(anonymous_0)
FNDA:0,(anonymous_1)
FNDA:0,(anonymous_2)
FNDA:0,(anonymous_3)
FNDA:0,(anonymous_4)
FNDA:0,(anonymous_5)
FNDA:0,(anonymous_6)
FNDA:0,(anonymous_7)
FNDA:0,(anonymous_8)
FNDA:0,(anonymous_9)
FNDA:0,(anonymous_10)
FNDA:0,(anonymous_11)
FNDA:0,(anonymous_12)
FNDA:0,(anonymous_13)
FNDA:0,(anonymous_14)
FNDA:0,(anonymous_15)
FNDA:0,(anonymous_16)
FNDA:0,(anonymous_17)
FNDA:0,(anonymous_18)
FNDA:0,(anonymous_19)
FNDA:0,(anonymous_20)
FNDA:0,(anonymous_21)
FNDA:0,(anonymous_22)
FNDA:0,(anonymous_23)
FNDA:0,(anonymous_24)
FNDA:0,(anonymous_25)
FNDA:0,(anonymous_26)
FNDA:0,(anonymous_27)
DA:2,0
DA:8,0
DA:16,0
DA:17,0
DA:18,0
DA:20,0
DA:22,0
DA:25,0
DA:26,0
DA:27,0
DA:31,0
DA:32,0
DA:35,0
DA:38,0
DA:41,0
DA:42,0
DA:46,0
DA:47,0
DA:48,0
DA:50,0
DA:51,0
DA:55,0
DA:56,0
DA:59,0
DA:60,0
DA:63,0
DA:64,0
DA:67,0
DA:68,0
DA:71,0
DA:72,0
DA:75,0
DA:76,0
DA:79,0
DA:80,0
DA:82,0
DA:83,0
DA:86,0
DA:88,0
DA:91,0
DA:101,0
DA:102,0
DA:112,0
DA:114,0
DA:115,0
DA:116,0
DA:125,0
DA:128,0
DA:129,0
DA:131,0
DA:132,0
DA:133,0
DA:136,0
DA:137,0
DA:138,0
DA:143,0
DA:144,0
DA:146,0
DA:147,0
DA:148,0
DA:150,0
DA:160,0
DA:162,0
DA:164,0
DA:165,0
DA:166,0
DA:167,0
DA:171,0
DA:180,0
DA:183,0
DA:185,0
DA:186,0
DA:187,0
DA:191,0
DA:194,0
DA:195,0
DA:199,0
DA:200,0
DA:202,0
DA:203,0
DA:206,0
DA:215,0
DA:218,0
DA:220,0
DA:221,0
DA:222,0
DA:226,0
DA:227,0
DA:230,0
DA:231,0
DA:233,0
DA:234,0
DA:235,0
DA:238,0
DA:239,0
DA:241,0
DA:242,0
DA:246,0
DA:249,0
DA:250,0
DA:254,0
DA:255,0
DA:258,0
DA:267,0
DA:270,0
DA:272,0
DA:273,0
DA:274,0
DA:276,0
DA:277,0
DA:279,0
DA:280,0
DA:283,0
DA:284,0
DA:288,0
DA:290,0
DA:291,0
DA:292,0
DA:295,0
DA:297,0
DA:299,0
DA:300,0
DA:301,0
DA:302,0
DA:303,0
DA:304,0
DA:309,0
DA:318,0
DA:321,0
DA:322,0
DA:324,0
DA:325,0
DA:327,0
DA:330,0
DA:332,0
DA:335,0
DA:336,0
DA:339,0
DA:342,0
DA:343,0
DA:344,0
DA:347,0
DA:348,0
DA:349,0
DA:352,0
DA:353,0
DA:357,0
DA:358,0
DA:362,0
DA:363,0
DA:366,0
DA:375,0
DA:378,0
DA:379,0
DA:382,0
DA:385,0
DA:386,0
DA:387,0
DA:390,0
DA:391,0
DA:395,0
DA:396,0
DA:400,0
DA:401,0
DA:402,0
DA:403,0
DA:404,0
DA:408,0
DA:409,0
DA:410,0
DA:413,0
DA:422,0
DA:425,0
DA:427,0
DA:428,0
DA:429,0
DA:431,0
DA:432,0
DA:437,0
DA:438,0
DA:439,0
DA:442,0
DA:443,0
DA:446,0
DA:447,0
DA:449,0
DA:450,0
DA:451,0
DA:452,0
DA:453,0
DA:455,0
DA:460,0
DA:463,0
DA:466,0
DA:467,0
DA:471,0
DA:472,0
DA:476,0
DA:477,0
DA:481,0
DA:483,0
LF:201
LH:0
BRDA:16,0,0,0
BRDA:17,1,0,0
BRDA:18,2,0,0
BRDA:41,3,0,0
BRDA:41,4,0,0
BRDA:41,4,1,0
BRDA:50,5,0,0
BRDA:50,6,0,0
BRDA:50,6,1,0
BRDA:79,7,0,0
BRDA:89,8,0,0
BRDA:89,8,1,0
BRDA:101,9,0,0
BRDA:112,10,0,0
BRDA:125,11,0,0
BRDA:137,12,0,0
BRDA:146,13,0,0
BRDA:147,14,0,0
BRDA:148,15,0,0
BRDA:160,16,0,0
BRDA:166,17,0,0
BRDA:166,18,0,0
BRDA:166,18,1,0
BRDA:180,19,0,0
BRDA:194,20,0,0
BRDA:194,21,0,0
BRDA:194,21,1,0
BRDA:202,22,0,0
BRDA:202,23,0,0
BRDA:202,23,1,0
BRDA:215,24,0,0
BRDA:222,25,0,0
BRDA:222,25,1,0
BRDA:241,26,0,0
BRDA:241,27,0,0
BRDA:241,27,1,0
BRDA:249,28,0,0
BRDA:249,29,0,0
BRDA:249,29,1,0
BRDA:254,30,0,0
BRDA:267,31,0,0
BRDA:276,32,0,0
BRDA:279,33,0,0
BRDA:295,34,0,0
BRDA:295,35,0,0
BRDA:295,35,1,0
BRDA:295,35,2,0
BRDA:299,36,0,0
BRDA:299,36,1,0
BRDA:299,37,0,0
BRDA:299,37,1,0
BRDA:301,38,0,0
BRDA:301,38,1,0
BRDA:301,39,0,0
BRDA:301,39,1,0
BRDA:303,40,0,0
BRDA:318,41,0,0
BRDA:325,42,0,0
BRDA:325,42,1,0
BRDA:330,43,0,0
BRDA:330,43,1,0
BRDA:332,44,0,0
BRDA:352,45,0,0
BRDA:357,46,0,0
BRDA:357,47,0,0
BRDA:357,47,1,0
BRDA:362,48,0,0
BRDA:362,49,0,0
BRDA:362,49,1,0
BRDA:362,49,2,0
BRDA:375,50,0,0
BRDA:390,51,0,0
BRDA:395,52,0,0
BRDA:403,53,0,0
BRDA:403,54,0,0
BRDA:403,54,1,0
BRDA:409,55,0,0
BRDA:422,56,0,0
BRDA:428,57,0,0
BRDA:429,58,0,0
BRDA:429,58,1,0
BRDA:431,59,0,0
BRDA:432,60,0,0
BRDA:432,60,1,0
BRDA:450,61,0,0
BRDA:450,62,0,0
BRDA:450,62,1,0
BRDA:452,63,0,0
BRDA:452,63,1,0
BRDA:466,64,0,0
BRDA:471,65,0,0
BRDA:476,66,0,0
BRF:92
BRH:0
end_of_record
TN:
SF:src/analyzer/riskAnalyzer.ts
FN:16,(anonymous_0)
FN:64,(anonymous_1)
FN:74,(anonymous_2)
FN:204,(anonymous_3)
FN:243,(anonymous_4)
FN:268,(anonymous_5)
FNF:6
FNH:0
FNDA:0,(anonymous_0)
FNDA:0,(anonymous_1)
FNDA:0,(anonymous_2)
FNDA:0,(anonymous_3)
FNDA:0,(anonymous_4)
FNDA:0,(anonymous_5)
DA:1,0
DA:4,0
DA:5,0
DA:6,0
DA:7,0
DA:9,0
DA:17,0
DA:18,0
DA:24,0
DA:25,0
DA:28,0
DA:31,0
DA:32,0
DA:33,0
DA:34,0
DA:41,0
DA:42,0
DA:43,0
DA:44,0
DA:51,0
DA:52,0
DA:53,0
DA:54,0
DA:61,0
DA:64,0
DA:65,0
DA:66,0
DA:71,0
DA:74,0
DA:75,0
DA:76,0
DA:82,0
DA:90,0
DA:100,0
DA:103,0
DA:147,0
DA:154,0
DA:156,0
DA:162,0
DA:205,0
DA:207,0
DA:208,0
DA:211,0
DA:212,0
DA:216,0
DA:217,0
DA:221,0
DA:222,0
DA:226,0
DA:227,0
DA:231,0
DA:234,0
DA:245,0
DA:246,0
DA:250,0
DA:251,0
DA:255,0
DA:267,0
DA:268,0
DA:269,0
DA:272,0
LF:61
LH:0
BRDA:32,0,0,0
BRDA:42,1,0,0
BRDA:52,2,0,0
BRDA:65,3,0,0
BRDA:75,4,0,0
BRDA:90,5,0,0
BRDA:90,5,1,0
BRDA:92,6,0,0
BRDA:92,6,1,0
BRDA:94,7,0,0
BRDA:94,7,1,0
BRDA:100,8,0,0
BRDA:100,8,1,0
BRDA:100,9,0,0
BRDA:100,9,1,0
BRDA:100,10,0,0
BRDA:100,10,1,0
BRDA:110,11,0,0
BRDA:110,11,1,0
BRDA:112,12,0,0
BRDA:112,12,1,0
BRDA:158,13,0,0
BRDA:158,13,1,0
BRDA:205,14,0,0
BRDA:211,15,0,0
BRDA:216,16,0,0
BRDA:221,17,0,0
BRDA:226,18,0,0
BRDA:245,19,0,0
BRDA:250,20,0,0
BRDA:268,21,0,0
BRF:31
BRH:0
end_of_record
TN:
SF:src/analyzer/riskRules.ts
FNF:0
FNH:0
DA:4,0
DA:47,0
DA:75,0
DA:110,0
DA:134,0
DA:158,0
LF:6
LH:0
BRF:0
BRH:0
end_of_record
TN:
SF:src/api/server.ts
FN:16,initializePipeline
FN:31,(anonymous_2)
FN:39,(anonymous_3)
FN:81,(anonymous_4)
FN:93,(anonymous_5)
FN:144,(anonymous_6)
FN:161,(anonymous_7)
FN:162,(anonymous_8)
FNF:8
FNH:0
FNDA:0,initializePipeline
FNDA:0,(anonymous_2)
FNDA:0,(anonymous_3)
FNDA:0,(anonymous_4)
FNDA:0,(anonymous_5)
FNDA:0,(anonymous_6)
FNDA:0,(anonymous_7)
FNDA:0,(anonymous_8)
DA:1,0
DA:2,0
DA:3,0
DA:4,0
DA:5,0
DA:8,0
DA:11,0
DA:17,0
DA:18,0
DA:19,0
DA:20,0
DA:22,0
DA:23,0
DA:28,0
DA:31,0
DA:32,0
DA:39,0
DA:40,0
DA:42,0
DA:43,0
DA:49,0
DA:50,0
DA:55,0
DA:57,0
DA:60,0
DA:68,0
DA:73,0
DA:81,0
DA:82,0
DA:84,0
DA:85,0
DA:90,0
DA:92,0
DA:94,0
DA:95,0
DA:96,0
DA:103,0
DA:105,0
DA:113,0
DA:118,0
DA:127,0
DA:132,0
DA:136,0
DA:144,0
DA:145,0
DA:150,0
DA:157,0
DA:158,0
DA:161,0
DA:162,0
DA:163,0
DA:168,0
LF:52
LH:0
BRDA:42,0,0,0
BRDA:49,1,0,0
BRDA:49,2,0,0
BRDA:49,2,1,0
BRDA:49,2,2,0
BRDA:62,3,0,0
BRDA:62,3,1,0
BRDA:63,4,0,0
BRDA:63,4,1,0
BRDA:64,5,0,0
BRDA:64,5,1,0
BRDA:84,6,0,0
BRDA:84,7,0,0
BRDA:84,7,1,0
BRDA:84,7,2,0
BRDA:95,8,0,0
BRDA:95,9,0,0
BRDA:95,9,1,0
BRDA:95,9,2,0
BRDA:97,10,0,0
BRDA:97,10,1,0
BRDA:107,11,0,0
BRDA:107,11,1,0
BRDA:108,12,0,0
BRDA:108,12,1,0
BRDA:109,13,0,0
BRDA:109,13,1,0
BRDA:119,14,0,0
BRDA:119,14,1,0
BRDA:157,15,0,0
BRDA:158,16,0,0
BRDA:158,16,1,0
BRF:32
BRH:0
end_of_record
TN:
SF:src/config/default.ts
FN:92,validateConfig
FN:97,(anonymous_1)
FNF:2
FNH:0
FNDA:0,validateConfig
FNDA:0,(anonymous_1)
DA:1,1
DA:3,1
DA:5,1
DA:47,1
DA:92,1
DA:93,0
DA:94,0
DA:96,0
DA:97,0
DA:98,0
DA:100,0
LF:11
LH:5
BRDA:49,0,0,1
BRDA:49,0,1,1
BRDA:50,1,0,1
BRDA:50,1,1,1
BRDA:51,2,0,1
BRDA:51,2,1,0
BRDA:54,3,0,1
BRDA:54,3,1,1
BRDA:55,4,0,1
BRDA:55,4,1,1
BRDA:58,5,0,1
BRDA:58,5,1,1
BRDA:59,6,0,1
BRDA:59,6,1,1
BRDA:60,7,0,1
BRDA:60,7,1,1
BRDA:61,8,0,1
BRDA:61,8,1,1
BRDA:62,9,0,1
BRDA:62,9,1,1
BRDA:65,10,0,1
BRDA:65,10,1,1
BRDA:66,11,0,1
BRDA:66,11,1,1
BRDA:68,12,0,1
BRDA:68,12,1,1
BRDA:73,13,0,1
BRDA:73,13,1,1
BRDA:76,14,0,1
BRDA:76,14,1,1
BRDA:77,15,0,1
BRDA:77,15,1,1
BRDA:96,16,0,0
BRF:33
BRH:31
end_of_record
TN:
SF:src/config/development.ts
FNF:0
FNH:0
DA:3,1
LF:1
LH:1
BRF:0
BRH:0
end_of_record
TN:
SF:src/config/index.ts
FN:69,loadConfig
FNF:1
FNH:0
FNDA:0,loadConfig
DA:7,1
DA:8,1
DA:9,1
DA:11,1
DA:55,1
DA:69,1
DA:70,0
DA:71,0
DA:72,0
DA:74,0
DA:75,0
LF:11
LH:6
BRDA:57,0,0,0
BRDA:57,0,1,1
BRF:2
BRH:1
end_of_record
TN:
SF:src/config/pipelineConfig.ts
FNF:0
FNH:0
DA:5,0
DA:8,0
DA:10,0
DA:30,0
LF:4
LH:0
BRDA:12,0,0,0
BRDA:12,0,1,0
BRDA:13,1,0,0
BRDA:13,1,1,0
BRDA:14,2,0,0
BRDA:14,2,1,0
BRDA:15,3,0,0
BRDA:15,3,1,0
BRDA:16,4,0,0
BRDA:16,4,1,0
BRDA:17,5,0,0
BRDA:17,5,1,0
BRDA:24,6,0,0
BRDA:24,6,1,0
BRDA:25,7,0,0
BRDA:25,7,1,0
BRF:16
BRH:0
end_of_record
TN:
SF:src/config/production.ts
FNF:0
FNH:0
DA:3,1
LF:1
LH:1
BRDA:5,0,0,1
BRDA:5,0,1,1
BRDA:6,1,0,1
BRDA:6,1,1,1
BRDA:7,2,0,1
BRDA:7,2,1,1
BRDA:8,3,0,1
BRDA:8,3,1,1
BRDA:9,4,0,1
BRDA:9,4,1,1
BRDA:12,5,0,1
BRDA:12,5,1,1
BRDA:13,6,0,1
BRDA:13,6,1,1
BRDA:15,7,0,1
BRDA:15,7,1,1
BRDA:20,8,0,1
BRDA:20,8,1,1
BRDA:23,9,0,1
BRDA:23,9,1,1
BRDA:24,10,0,1
BRDA:24,10,1,1
BRF:22
BRH:22
end_of_record
TN:
SF:src/database/index.ts
FN:12,initializeDatabase
FN:22,closeDatabase
FNF:2
FNH:2
FNDA:2,initializeDatabase
FNDA:3,closeDatabase
DA:1,1
DA:2,1
DA:4,1
DA:5,1
DA:6,1
DA:7,1
DA:8,1
DA:9,1
DA:10,1
DA:12,1
DA:13,2
DA:14,2
DA:17,1
DA:18,1
DA:22,1
DA:23,3
DA:24,3
DA:26,2
DA:27,2
LF:19
LH:19
BRF:0
BRH:0
end_of_record
TN:
SF:src/database/mongodb.ts
FN:11,connectMongoDB
FN:22,disconnectMongoDB
FN:33,(anonymous_3)
FN:37,(anonymous_4)
FN:41,(anonymous_5)
FNF:5
FNH:2
FNDA:2,connectMongoDB
FNDA:2,disconnectMongoDB
FNDA:0,(anonymous_3)
FNDA:0,(anonymous_4)
FNDA:0,(anonymous_5)
DA:1,1
DA:2,1
DA:3,1
DA:5,1
DA:11,1
DA:12,2
DA:13,2
DA:14,2
DA:15,1
DA:17,1
DA:18,1
DA:22,1
DA:23,2
DA:24,2
DA:25,1
DA:27,1
DA:28,1
DA:33,1
DA:34,0
DA:37,1
DA:38,0
DA:41,1
DA:42,0
LF:23
LH:20
BRF:0
BRH:0
end_of_record
TN:
SF:src/database/redis.ts
FN:21,(anonymous_1)
FN:25,(anonymous_2)
FN:29,(anonymous_3)
FN:33,(anonymous_4)
FN:39,(anonymous_5)
FN:49,(anonymous_6)
FN:61,(anonymous_7)
FN:69,(anonymous_8)
FNF:8
FNH:0
FNDA:0,(anonymous_1)
FNDA:0,(anonymous_2)
FNDA:0,(anonymous_3)
FNDA:0,(anonymous_4)
FNDA:0,(anonymous_5)
FNDA:0,(anonymous_6)
FNDA:0,(anonymous_7)
FNDA:0,(anonymous_8)
DA:1,0
DA:2,0
DA:3,0
DA:6,0
DA:12,0
DA:21,0
DA:22,0
DA:25,0
DA:26,0
DA:29,0
DA:30,0
DA:33,0
DA:34,0
DA:38,0
DA:40,0
DA:41,0
DA:42,0
DA:44,0
DA:45,0
DA:50,0
DA:51,0
DA:52,0
DA:54,0
DA:57,0
DA:62,0
DA:63,0
DA:65,0
DA:70,0
DA:71,0
DA:73,0
DA:74,0
LF:31
LH:0
BRDA:42,0,0,0
BRDA:42,0,1,0
BRDA:51,1,0,0
BRDA:51,1,1,0
BRF:4
BRH:0
end_of_record
TN:
SF:src/database/config/database.config.ts
FNF:0
FNH:0
DA:1,1
DA:22,1
LF:2
LH:2
BRDA:24,0,0,1
BRDA:24,0,1,0
BRDA:35,1,0,1
BRDA:35,1,1,0
BRDA:36,2,0,1
BRDA:36,2,1,0
BRDA:38,3,0,1
BRDA:38,3,1,0
BRF:8
BRH:4
end_of_record
TN:
SF:src/database/dao/AddressProfileDAO.ts
FN:14,(anonymous_0)
FN:25,(anonymous_1)
FN:45,(anonymous_2)
FN:65,(anonymous_3)
FN:85,(anonymous_4)
FN:102,(anonymous_5)
FN:119,(anonymous_6)
FNF:7
FNH:0
FNDA:0,(anonymous_0)
FNDA:0,(anonymous_1)
FNDA:0,(anonymous_2)
FNDA:0,(anonymous_3)
FNDA:0,(anonymous_4)
FNDA:0,(anonymous_5)
FNDA:0,(anonymous_6)
DA:2,1
DA:3,1
DA:4,1
DA:6,1
DA:11,1
DA:13,1
DA:15,0
DA:16,0
DA:17,0
DA:18,0
DA:20,0
DA:21,0
DA:26,0
DA:28,0
DA:29,0
DA:30,0
DA:34,0
DA:35,0
DA:36,0
DA:38,0
DA:40,0
DA:41,0
DA:49,0
DA:50,0
DA:55,0
DA:56,0
DA:58,0
DA:60,0
DA:61,0
DA:69,0
DA:70,0
DA:75,0
DA:76,0
DA:78,0
DA:80,0
DA:81,0
DA:86,0
DA:87,0
DA:92,0
DA:93,0
DA:95,0
DA:97,0
DA:98,0
DA:103,0
DA:104,0
DA:109,0
DA:110,0
DA:112,0
DA:114,0
DA:115,0
DA:120,0
DA:121,0
DA:122,0
DA:123,0
DA:125,0
DA:126,0
LF:56
LH:6
BRDA:29,0,0,0
BRDA:35,1,0,0
BRDA:55,2,0,0
BRDA:75,3,0,0
BRDA:92,4,0,0
BRDA:109,5,0,0
BRF:6
BRH:0
end_of_record
TN:
SF:src/database/dao/EventDAO.ts
FN:14,(anonymous_0)
FN:25,(anonymous_1)
FN:45,(anonymous_2)
FN:54,(anonymous_3)
FN:74,(anonymous_4)
FN:94,(anonymous_5)
FN:105,(anonymous_6)
FN:121,(anonymous_7)
FNF:8
FNH:0
FNDA:0,(anonymous_0)
FNDA:0,(anonymous_1)
FNDA:0,(anonymous_2)
FNDA:0,(anonymous_3)
FNDA:0,(anonymous_4)
FNDA:0,(anonymous_5)
FNDA:0,(anonymous_6)
FNDA:0,(anonymous_7)
DA:2,1
DA:3,1
DA:4,1
DA:6,1
DA:11,1
DA:13,1
DA:15,0
DA:16,0
DA:17,0
DA:18,0
DA:20,0
DA:21,0
DA:26,0
DA:28,0
DA:29,0
DA:30,0
DA:34,0
DA:35,0
DA:36,0
DA:38,0
DA:40,0
DA:41,0
DA:46,0
DA:47,0
DA:49,0
DA:50,0
DA:58,0
DA:59,0
DA:64,0
DA:65,0
DA:67,0
DA:69,0
DA:70,0
DA:78,0
DA:79,0
DA:84,0
DA:85,0
DA:87,0
DA:89,0
DA:90,0
DA:95,0
DA:96,0
DA:97,0
DA:98,0
DA:100,0
DA:101,0
DA:106,0
DA:107,0
DA:108,0
DA:110,0
DA:111,0
DA:122,0
DA:124,0
DA:130,0
DA:132,0
DA:133,0
LF:56
LH:6
BRDA:29,0,0,0
BRDA:35,1,0,0
BRDA:64,2,0,0
BRDA:84,3,0,0
BRDA:105,4,0,0
BRDA:121,5,0,0
BRF:6
BRH:0
end_of_record
TN:
SF:src/database/dao/RiskAnalysisDAO.ts
FN:14,(anonymous_0)
FN:25,(anonymous_1)
FN:45,(anonymous_2)
FN:65,(anonymous_3)
FN:76,(anonymous_4)
FNF:5
FNH:0
FNDA:0,(anonymous_0)
FNDA:0,(anonymous_1)
FNDA:0,(anonymous_2)
FNDA:0,(anonymous_3)
FNDA:0,(anonymous_4)
DA:2,1
DA:3,1
DA:4,1
DA:6,1
DA:11,1
DA:13,1
DA:15,0
DA:16,0
DA:17,0
DA:18,0
DA:20,0
DA:21,0
DA:26,0
DA:28,0
DA:29,0
DA:30,0
DA:34,0
DA:35,0
DA:36,0
DA:38,0
DA:40,0
DA:41,0
DA:49,0
DA:50,0
DA:55,0
DA:56,0
DA:58,0
DA:60,0
DA:61,0
DA:66,0
DA:67,0
DA:68,0
DA:69,0
DA:71,0
DA:72,0
DA:77,0
DA:78,0
DA:82,0
DA:83,0
LF:39
LH:6
BRDA:29,0,0,0
BRDA:35,1,0,0
BRDA:55,2,0,0
BRDA:76,3,0,0
BRF:4
BRH:0
end_of_record
TN:
SF:src/database/models/AddressProfile.ts
FN:31,(anonymous_0)
FNF:1
FNH:0
FNDA:0,(anonymous_0)
DA:1,0
DA:9,0
DA:25,0
DA:26,0
DA:27,0
DA:28,0
DA:31,0
DA:32,0
DA:33,0
DA:36,0
LF:10
LH:0
BRF:0
BRH:0
end_of_record
TN:
SF:src/database/models/EventRecord.ts
FN:46,(anonymous_0)
FNF:1
FNH:0
FNDA:0,(anonymous_0)
DA:1,0
DA:18,0
DA:40,0
DA:41,0
DA:42,0
DA:43,0
DA:46,0
DA:47,0
DA:48,0
DA:51,0
LF:10
LH:0
BRF:0
BRH:0
end_of_record
TN:
SF:src/database/models/RiskAnalysis.ts
FN:27,(anonymous_0)
FNF:1
FNH:0
FNDA:0,(anonymous_0)
DA:1,0
DA:11,0
DA:22,0
DA:23,0
DA:24,0
DA:27,0
DA:28,0
DA:29,0
DA:32,0
LF:9
LH:0
BRF:0
BRH:0
end_of_record
TN:
SF:src/monitoring/pipelineMonitor.ts
FN:25,(anonymous_0)
FN:78,(anonymous_1)
FN:83,(anonymous_2)
FN:90,(anonymous_3)
FN:97,(anonymous_4)
FN:108,(anonymous_5)
FN:113,(anonymous_6)
FN:118,(anonymous_7)
FN:123,(anonymous_8)
FNF:9
FNH:0
FNDA:0,(anonymous_0)
FNDA:0,(anonymous_1)
FNDA:0,(anonymous_2)
FNDA:0,(anonymous_3)
FNDA:0,(anonymous_4)
FNDA:0,(anonymous_5)
FNDA:0,(anonymous_6)
FNDA:0,(anonymous_7)
FNDA:0,(anonymous_8)
DA:1,0
DA:4,0
DA:22,0
DA:23,0
DA:26,0
DA:27,0
DA:30,0
DA:37,0
DA:43,0
DA:49,0
DA:55,0
DA:62,0
DA:69,0
DA:79,0
DA:84,0
DA:85,0
DA:86,0
DA:91,0
DA:92,0
DA:93,0
DA:98,0
DA:100,0
DA:101,0
DA:109,0
DA:114,0
DA:119,0
DA:124,0
LF:27
LH:0
BRDA:100,0,0,0
BRF:1
BRH:0
end_of_record
TN:
SF:src/notifier/dingtalk.ts
FN:4,(anonymous_1)
FN:6,(anonymous_2)
FNF:2
FNH:0
FNDA:0,(anonymous_1)
FNDA:0,(anonymous_2)
DA:1,0
DA:3,0
DA:4,0
DA:7,0
DA:8,0
DA:12,0
DA:13,0
DA:16,0
DA:17,0
LF:9
LH:0
BRDA:12,0,0,0
BRF:1
BRH:0
end_of_record
TN:
SF:src/notifier/feishu.ts
FN:4,(anonymous_1)
FN:6,(anonymous_2)
FNF:2
FNH:0
FNDA:0,(anonymous_1)
FNDA:0,(anonymous_2)
DA:1,0
DA:3,0
DA:4,0
DA:7,0
DA:8,0
DA:12,0
DA:13,0
DA:16,0
DA:17,0
LF:9
LH:0
BRDA:12,0,0,0
BRF:1
BRH:0
end_of_record
TN:
SF:src/notifier/notificationRouter.ts
FN:13,(anonymous_0)
FN:65,(anonymous_1)
FN:74,(anonymous_2)
FNF:3
FNH:0
FNDA:0,(anonymous_0)
FNDA:0,(anonymous_1)
FNDA:0,(anonymous_2)
DA:3,0
DA:12,0
DA:14,0
DA:16,0
DA:18,0
DA:19,0
DA:20,0
DA:24,0
DA:25,0
DA:30,0
DA:34,0
DA:37,0
DA:38,0
DA:43,0
DA:47,0
DA:49,0
DA:57,0
DA:61,0
DA:71,0
DA:80,0
LF:20
LH:0
BRDA:18,0,0,0
BRDA:24,1,0,0
BRDA:34,2,0,0
BRDA:34,2,1,0
BRDA:37,3,0,0
BRDA:59,4,0,0
BRDA:59,4,1,0
BRF:7
BRH:0
end_of_record
TN:
SF:src/notifier/slack.ts
FN:4,(anonymous_0)
FNF:1
FNH:0
FNDA:0,(anonymous_0)
DA:1,0
DA:3,0
DA:5,0
LF:3
LH:0
BRF:0
BRH:0
end_of_record
TN:
SF:src/pipeline/eventNormalizer.ts
FN:5,(anonymous_0)
FN:19,(anonymous_1)
FN:23,(anonymous_2)
FN:47,(anonymous_3)
FN:76,(anonymous_4)
FN:135,(anonymous_5)
FN:171,(anonymous_6)
FN:175,(anonymous_7)
FNF:8
FNH:0
FNDA:0,(anonymous_0)
FNDA:0,(anonymous_1)
FNDA:0,(anonymous_2)
FNDA:0,(anonymous_3)
FNDA:0,(anonymous_4)
FNDA:0,(anonymous_5)
FNDA:0,(anonymous_6)
FNDA:0,(anonymous_7)
DA:3,0
DA:5,0
DA:11,0
DA:13,0
DA:20,0
DA:24,0
DA:25,0
DA:28,0
DA:48,0
DA:49,0
DA:52,0
DA:53,0
DA:55,0
DA:77,0
DA:79,0
DA:80,0
DA:84,0
DA:85,0
DA:89,0
DA:90,0
DA:94,0
DA:95,0
DA:99,0
DA:102,0
DA:120,0
DA:125,0
DA:127,0
DA:131,0
DA:140,0
DA:141,0
DA:148,0
DA:150,0
DA:155,0
DA:163,0
DA:167,0
DA:172,0
DA:176,0
LF:37
LH:0
BRDA:24,0,0,0
BRDA:48,1,0,0
BRDA:53,2,0,0
BRDA:53,2,1,0
BRDA:79,3,0,0
BRDA:84,4,0,0
BRDA:84,5,0,0
BRDA:84,5,1,0
BRDA:84,5,2,0
BRDA:89,6,0,0
BRDA:89,7,0,0
BRDA:89,7,1,0
BRDA:94,8,0,0
BRDA:94,9,0,0
BRDA:94,9,1,0
BRDA:109,10,0,0
BRDA:109,10,1,0
BRDA:128,11,0,0
BRDA:128,11,1,0
BRDA:140,12,0,0
BRDA:140,13,0,0
BRDA:140,13,1,0
BRDA:164,14,0,0
BRDA:164,14,1,0
BRF:24
BRH:0
end_of_record
TN:
SF:src/pipeline/eventPipeline.ts
FN:17,(anonymous_0)
FN:24,(anonymous_1)
FN:100,(anonymous_2)
FN:105,(anonymous_3)
FN:109,(anonymous_4)
FNF:5
FNH:0
FNDA:0,(anonymous_0)
FNDA:0,(anonymous_1)
FNDA:0,(anonymous_2)
FNDA:0,(anonymous_3)
FNDA:0,(anonymous_4)
DA:2,0
DA:3,0
DA:4,0
DA:5,0
DA:7,0
DA:8,0
DA:9,0
DA:11,0
DA:18,0
DA:19,0
DA:20,0
DA:21,0
DA:25,0
DA:26,0
DA:28,0
DA:29,0
DA:30,0
DA:34,0
DA:35,0
DA:36,0
DA:38,0
DA:39,0
DA:43,0
DA:44,0
DA:45,0
DA:46,0
DA:47,0
DA:52,0
DA:53,0
DA:54,0
DA:55,0
DA:57,0
DA:58,0
DA:63,0
DA:64,0
DA:65,0
DA:66,0
DA:67,0
DA:69,0
DA:70,0
DA:74,0
DA:77,0
DA:78,0
DA:79,0
DA:80,0
DA:84,0
DA:86,0
DA:90,0
DA:95,0
DA:96,0
DA:101,0
DA:102,0
DA:106,0
DA:110,0
DA:111,0
DA:113,0
DA:114,0
DA:116,0
DA:117,0
DA:119,0
LF:60
LH:0
BRDA:29,0,0,0
BRDA:29,0,1,0
BRDA:35,1,0,0
BRDA:35,1,1,0
BRDA:43,2,0,0
BRDA:106,3,0,0
BRDA:106,3,1,0
BRDA:110,4,0,0
BRDA:113,5,0,0
BRDA:116,6,0,0
BRF:10
BRH:0
end_of_record
TN:
SF:src/pipeline/pipelineConfig.ts
FN:108,getRiskLevel
FN:121,getNotificationChannels
FN:126,validateConfig
FN:131,(anonymous_3)
FN:138,loadConfig
FN:149,(anonymous_5)
FNF:6
FNH:0
FNDA:0,getRiskLevel
FNDA:0,getNotificationChannels
FNDA:0,validateConfig
FNDA:0,(anonymous_3)
FNDA:0,loadConfig
FNDA:0,(anonymous_5)
DA:1,0
DA:3,0
DA:5,0
DA:60,0
DA:108,0
DA:109,0
DA:110,0
DA:112,0
DA:113,0
DA:115,0
DA:116,0
DA:118,0
DA:121,0
DA:122,0
DA:123,0
DA:126,0
DA:127,0
DA:128,0
DA:130,0
DA:131,0
DA:132,0
DA:134,0
DA:138,0
DA:139,0
DA:141,0
DA:149,0
DA:201,0
DA:207,0
DA:209,0
DA:212,0
DA:214,0
DA:217,0
LF:32
LH:0
BRDA:83,0,0,0
BRDA:83,0,1,0
BRDA:109,1,0,0
BRDA:112,2,0,0
BRDA:115,3,0,0
BRDA:123,4,0,0
BRDA:123,4,1,0
BRDA:130,5,0,0
BRDA:144,6,0,0
BRDA:144,6,1,0
BRDA:145,7,0,0
BRDA:145,7,1,0
BRDA:146,8,0,0
BRDA:146,8,1,0
BRDA:147,9,0,0
BRDA:147,9,1,0
BRDA:158,10,0,0
BRDA:158,10,1,0
BRDA:159,11,0,0
BRDA:159,11,1,0
BRDA:160,12,0,0
BRDA:160,12,1,0
BRDA:163,13,0,0
BRDA:163,13,1,0
BRDA:164,14,0,0
BRDA:164,14,1,0
BRDA:165,15,0,0
BRDA:165,15,1,0
BRDA:168,16,0,0
BRDA:168,16,1,0
BRDA:174,17,0,0
BRDA:174,17,1,0
BRDA:175,18,0,0
BRDA:175,18,1,0
BRDA:176,19,0,0
BRDA:176,19,1,0
BRDA:177,20,0,0
BRDA:177,20,1,0
BRDA:178,21,0,0
BRDA:178,21,1,0
BRDA:179,22,0,0
BRDA:179,22,1,0
BRDA:180,23,0,0
BRDA:180,23,1,0
BRDA:181,24,0,0
BRDA:181,24,1,0
BRDA:184,25,0,0
BRDA:184,25,1,0
BRDA:185,26,0,0
BRDA:185,26,1,0
BRDA:186,27,0,0
BRDA:186,27,1,0
BRDA:187,28,0,0
BRDA:187,28,1,0
BRDA:188,29,0,0
BRDA:188,29,1,0
BRDA:192,30,0,0
BRDA:192,30,1,0
BRDA:193,31,0,0
BRDA:193,31,1,0
BRDA:194,32,0,0
BRDA:194,32,1,0
BRDA:196,33,0,0
BRDA:196,33,1,0
BRDA:197,34,0,0
BRDA:197,34,1,0
BRDA:215,35,0,0
BRDA:215,35,1,0
BRF:68
BRH:0
end_of_record
TN:
SF:src/pipeline/pipelineMonitor.ts
FN:45,(anonymous_1)
FN:49,(anonymous_2)
FN:142,(anonymous_3)
FN:161,(anonymous_4)
FN:166,(anonymous_5)
FN:171,(anonymous_6)
FN:178,(anonymous_7)
FN:185,(anonymous_8)
FN:192,(anonymous_9)
FN:199,(anonymous_10)
FN:204,(anonymous_11)
FN:209,(anonymous_12)
FN:231,(anonymous_13)
FN:260,(anonymous_14)
FN:269,(anonymous_15)
FN:278,(anonymous_16)
FN:289,(anonymous_17)
FN:294,(anonymous_18)
FN:298,(anonymous_19)
FN:302,(anonymous_20)
FN:309,(anonymous_21)
FN:315,(anonymous_22)
FN:319,(anonymous_23)
FN:328,(anonymous_24)
FN:332,(anonymous_25)
FN:335,(anonymous_26)
FN:338,(anonymous_27)
FNF:27
FNH:0
FNDA:0,(anonymous_1)
FNDA:0,(anonymous_2)
FNDA:0,(anonymous_3)
FNDA:0,(anonymous_4)
FNDA:0,(anonymous_5)
FNDA:0,(anonymous_6)
FNDA:0,(anonymous_7)
FNDA:0,(anonymous_8)
FNDA:0,(anonymous_9)
FNDA:0,(anonymous_10)
FNDA:0,(anonymous_11)
FNDA:0,(anonymous_12)
FNDA:0,(anonymous_13)
FNDA:0,(anonymous_14)
FNDA:0,(anonymous_15)
FNDA:0,(anonymous_16)
FNDA:0,(anonymous_17)
FNDA:0,(anonymous_18)
FNDA:0,(anonymous_19)
FNDA:0,(anonymous_20)
FNDA:0,(anonymous_21)
FNDA:0,(anonymous_22)
FNDA:0,(anonymous_23)
FNDA:0,(anonymous_24)
FNDA:0,(anonymous_25)
FNDA:0,(anonymous_26)
FNDA:0,(anonymous_27)
DA:1,0
DA:3,0
DA:7,0
DA:8,0
DA:12,0
DA:46,0
DA:50,0
DA:51,0
DA:52,0
DA:55,0
DA:56,0
DA:59,0
DA:60,0
DA:61,0
DA:62,0
DA:63,0
DA:66,0
DA:67,0
DA:74,0
DA:81,0
DA:89,0
DA:97,0
DA:104,0
DA:111,0
DA:118,0
DA:126,0
DA:132,0
DA:138,0
DA:143,0
DA:144,0
DA:145,0
DA:147,0
DA:148,0
DA:154,0
DA:155,0
DA:157,0
DA:158,0
DA:162,0
DA:163,0
DA:167,0
DA:168,0
DA:172,0
DA:173,0
DA:175,0
DA:179,0
DA:180,0
DA:182,0
DA:186,0
DA:187,0
DA:189,0
DA:193,0
DA:194,0
DA:196,0
DA:200,0
DA:201,0
DA:205,0
DA:210,0
DA:212,0
DA:218,0
DA:219,0
DA:225,0
DA:232,0
DA:233,0
DA:234,0
DA:237,0
DA:238,0
DA:250,0
DA:251,0
DA:252,0
DA:255,0
DA:256,0
DA:261,0
DA:262,0
DA:270,0
DA:271,0
DA:279,0
DA:289,0
DA:295,0
DA:299,0
DA:303,0
DA:309,0
DA:310,0
DA:312,0
DA:316,0
DA:320,0
DA:321,0
DA:322,0
DA:323,0
DA:324,0
DA:329,0
DA:333,0
DA:334,0
DA:335,0
DA:339,0
DA:340,0
DA:341,0
DA:342,0
DA:343,0
LF:98
LH:0
BRDA:147,0,0,0
BRDA:154,1,0,0
BRDA:163,2,0,0
BRDA:163,2,1,0
BRDA:168,3,0,0
BRDA:168,3,1,0
BRDA:172,4,0,0
BRDA:172,5,0,0
BRDA:172,5,1,0
BRDA:179,6,0,0
BRDA:179,7,0,0
BRDA:179,7,1,0
BRDA:186,8,0,0
BRDA:186,9,0,0
BRDA:186,9,1,0
BRDA:193,10,0,0
BRDA:193,11,0,0
BRDA:193,11,1,0
BRDA:201,12,0,0
BRDA:201,12,1,0
BRDA:226,13,0,0
BRDA:226,13,1,0
BRDA:232,14,0,0
BRDA:250,15,0,0
BRDA:261,16,0,0
BRDA:270,17,0,0
BRDA:295,18,0,0
BRDA:295,18,1,0
BRDA:299,19,0,0
BRDA:299,19,1,0
BRDA:321,20,0,0
BRDA:329,21,0,0
BRDA:329,21,1,0
BRDA:334,22,0,0
BRF:34
BRH:0
end_of_record
TN:
SF:src/profiling/addressProfiler.ts
FN:11,(anonymous_0)
FNF:1
FNH:0
FNDA:0,(anonymous_0)
DA:1,0
DA:2,0
DA:4,0
DA:10,0
DA:12,0
DA:15,0
DA:16,0
DA:29,0
DA:30,0
LF:9
LH:0
BRF:0
BRH:0
end_of_record
TN:
SF:src/types/events.ts
FN:7,(anonymous_0)
FN:79,(anonymous_1)
FN:99,(anonymous_2)
FNF:3
FNH:3
FNDA:1,(anonymous_0)
FNDA:1,(anonymous_1)
FNDA:1,(anonymous_2)
DA:7,1
DA:8,1
DA:9,1
DA:10,1
DA:11,1
DA:12,1
DA:13,1
DA:14,1
DA:15,1
DA:79,1
DA:80,1
DA:81,1
DA:82,1
DA:83,1
DA:99,1
DA:100,1
DA:101,1
DA:102,1
DA:103,1
LF:19
LH:19
BRDA:7,0,0,1
BRDA:7,0,1,1
BRDA:79,1,0,1
BRDA:79,1,1,1
BRDA:99,2,0,1
BRDA:99,2,1,1
BRF:6
BRH:6
end_of_record
TN:
SF:src/types/profile.ts
FN:1,(anonymous_0)
FNF:1
FNH:0
FNDA:0,(anonymous_0)
DA:1,0
DA:2,0
DA:3,0
DA:4,0
DA:5,0
DA:6,0
DA:7,0
DA:8,0
LF:8
LH:0
BRDA:1,0,0,0
BRDA:1,0,1,0
BRF:2
BRH:0
end_of_record
TN:
SF:src/types/riskAnalysis.ts
FN:3,(anonymous_0)
FNF:1
FNH:0
FNDA:0,(anonymous_0)
DA:1,0
DA:3,0
LF:2
LH:0
BRF:0
BRH:0
end_of_record
TN:
SF:src/utils/logger.ts
FN:35,(anonymous_0)
FN:40,(anonymous_1)
FN:44,(anonymous_2)
FN:48,(anonymous_3)
FN:52,(anonymous_4)
FN:56,(anonymous_5)
FN:60,(anonymous_6)
FN:64,(anonymous_7)
FN:68,(anonymous_8)
FN:80,(anonymous_9)
FN:86,(anonymous_10)
FN:90,(anonymous_11)
FN:94,(anonymous_12)
FN:98,(anonymous_13)
FN:102,(anonymous_14)
FN:106,(anonymous_15)
FN:110,(anonymous_16)
FN:114,(anonymous_17)
FN:119,(anonymous_18)
FNF:19
FNH:0
FNDA:0,(anonymous_0)
FNDA:0,(anonymous_1)
FNDA:0,(anonymous_2)
FNDA:0,(anonymous_3)
FNDA:0,(anonymous_4)
FNDA:0,(anonymous_5)
FNDA:0,(anonymous_6)
FNDA:0,(anonymous_7)
FNDA:0,(anonymous_8)
FNDA:0,(anonymous_9)
FNDA:0,(anonymous_10)
FNDA:0,(anonymous_11)
FNDA:0,(anonymous_12)
FNDA:0,(anonymous_13)
FNDA:0,(anonymous_14)
FNDA:0,(anonymous_15)
FNDA:0,(anonymous_16)
FNDA:0,(anonymous_17)
FNDA:0,(anonymous_18)
DA:31,0
DA:36,0
DA:37,0
DA:41,0
DA:45,0
DA:49,0
DA:53,0
DA:57,0
DA:61,0
DA:65,0
DA:69,0
DA:73,0
DA:75,0
DA:81,0
DA:82,0
DA:83,0
DA:87,0
DA:91,0
DA:95,0
DA:99,0
DA:103,0
DA:107,0
DA:111,0
DA:115,0
DA:119,0
DA:120,0
LF:26
LH:0
BRDA:69,0,0,0
BRDA:69,0,1,0
BRDA:115,1,0,0
BRDA:115,1,1,0
BRF:4
BRH:0
end_of_record
TN:
SF:src/utils/traceId.ts
FN:3,generateTraceId
FN:7,isValidTraceId
FNF:2
FNH:0
FNDA:0,generateTraceId
FNDA:0,isValidTraceId
DA:1,0
DA:3,0
DA:4,0
DA:7,0
DA:8,0
LF:5
LH:0
BRF:0
BRH:0
end_of_record
