{"/Users/mastershy/ChainIntelAI/ChainIntelAI/backend/src/analyzer/MEVDetector.ts": {"path":"/Users/mastershy/ChainIntelAI/ChainIntelAI/backend/src/analyzer/MEVDetector.ts","statementMap":{"0":{"start":{"line":2,"column":0},"end":{"line":2,"column":41}},"1":{"start":{"line":32,"column":4},"end":{"line":90,"column":5}},"2":{"start":{"line":34,"column":6},"end":{"line":39,"column":7}},"3":{"start":{"line":38,"column":8},"end":{"line":38,"column":21}},"4":{"start":{"line":42,"column":6},"end":{"line":48,"column":7}},"5":{"start":{"line":43,"column":8},"end":{"line":46,"column":11}},"6":{"start":{"line":47,"column":8},"end":{"line":47,"column":20}},"7":{"start":{"line":51,"column":6},"end":{"line":57,"column":7}},"8":{"start":{"line":52,"column":8},"end":{"line":55,"column":11}},"9":{"start":{"line":56,"column":8},"end":{"line":56,"column":20}},"10":{"start":{"line":60,"column":6},"end":{"line":65,"column":7}},"11":{"start":{"line":61,"column":8},"end":{"line":63,"column":11}},"12":{"start":{"line":64,"column":8},"end":{"line":64,"column":20}},"13":{"start":{"line":68,"column":6},"end":{"line":73,"column":7}},"14":{"start":{"line":69,"column":8},"end":{"line":71,"column":11}},"15":{"start":{"line":72,"column":8},"end":{"line":72,"column":20}},"16":{"start":{"line":76,"column":6},"end":{"line":81,"column":7}},"17":{"start":{"line":77,"column":8},"end":{"line":79,"column":11}},"18":{"start":{"line":80,"column":8},"end":{"line":80,"column":20}},"19":{"start":{"line":83,"column":6},"end":{"line":83,"column":19}},"20":{"start":{"line":85,"column":6},"end":{"line":88,"column":9}},"21":{"start":{"line":89,"column":6},"end":{"line":89,"column":19}},"22":{"start":{"line":99,"column":4},"end":{"line":99,"column":90}},"23":{"start":{"line":99,"column":45},"end":{"line":99,"column":88}},"24":{"start":{"line":108,"column":4},"end":{"line":110,"column":6}},"25":{"start":{"line":109,"column":6},"end":{"line":109,"column":58}},"26":{"start":{"line":124,"column":4},"end":{"line":192,"column":5}},"27":{"start":{"line":125,"column":6},"end":{"line":125,"column":48}},"28":{"start":{"line":125,"column":35},"end":{"line":125,"column":48}},"29":{"start":{"line":128,"column":6},"end":{"line":175,"column":7}},"30":{"start":{"line":128,"column":19},"end":{"line":128,"column":20}},"31":{"start":{"line":129,"column":25},"end":{"line":129,"column":40}},"32":{"start":{"line":130,"column":28},"end":{"line":130,"column":47}},"33":{"start":{"line":133,"column":27},"end":{"line":133,"column":69}},"34":{"start":{"line":134,"column":26},"end":{"line":134,"column":65}},"35":{"start":{"line":136,"column":8},"end":{"line":138,"column":9}},"36":{"start":{"line":137,"column":10},"end":{"line":137,"column":19}},"37":{"start":{"line":141,"column":8},"end":{"line":143,"column":9}},"38":{"start":{"line":142,"column":10},"end":{"line":142,"column":19}},"39":{"start":{"line":146,"column":8},"end":{"line":174,"column":9}},"40":{"start":{"line":148,"column":10},"end":{"line":173,"column":11}},"41":{"start":{"line":154,"column":12},"end":{"line":172,"column":13}},"42":{"start":{"line":159,"column":14},"end":{"line":171,"column":15}},"43":{"start":{"line":165,"column":16},"end":{"line":170,"column":17}},"44":{"start":{"line":169,"column":18},"end":{"line":169,"column":30}},"45":{"start":{"line":178,"column":6},"end":{"line":187,"column":7}},"46":{"start":{"line":179,"column":30},"end":{"line":179,"column":75}},"47":{"start":{"line":179,"column":53},"end":{"line":179,"column":74}},"48":{"start":{"line":180,"column":8},"end":{"line":186,"column":9}},"49":{"start":{"line":182,"column":27},"end":{"line":182,"column":68}},"50":{"start":{"line":183,"column":10},"end":{"line":185,"column":11}},"51":{"start":{"line":184,"column":12},"end":{"line":184,"column":24}},"52":{"start":{"line":189,"column":6},"end":{"line":189,"column":19}},"53":{"start":{"line":191,"column":6},"end":{"line":191,"column":19}},"54":{"start":{"line":205,"column":4},"end":{"line":205,"column":46}},"55":{"start":{"line":205,"column":33},"end":{"line":205,"column":46}},"56":{"start":{"line":208,"column":25},"end":{"line":208,"column":86}},"57":{"start":{"line":208,"column":64},"end":{"line":208,"column":85}},"58":{"start":{"line":211,"column":4},"end":{"line":222,"column":5}},"59":{"start":{"line":213,"column":27},"end":{"line":213,"column":81}},"60":{"start":{"line":213,"column":55},"end":{"line":213,"column":80}},"61":{"start":{"line":216,"column":23},"end":{"line":216,"column":98}},"62":{"start":{"line":219,"column":6},"end":{"line":221,"column":7}},"63":{"start":{"line":220,"column":8},"end":{"line":220,"column":20}},"64":{"start":{"line":224,"column":4},"end":{"line":224,"column":17}},"65":{"start":{"line":237,"column":4},"end":{"line":237,"column":48}},"66":{"start":{"line":237,"column":35},"end":{"line":237,"column":48}},"67":{"start":{"line":239,"column":4},"end":{"line":269,"column":5}},"68":{"start":{"line":241,"column":23},"end":{"line":241,"column":99}},"69":{"start":{"line":242,"column":6},"end":{"line":242,"column":39}},"70":{"start":{"line":242,"column":26},"end":{"line":242,"column":39}},"71":{"start":{"line":245,"column":30},"end":{"line":250,"column":35}},"72":{"start":{"line":247,"column":24},"end":{"line":247,"column":92}},"73":{"start":{"line":248,"column":10},"end":{"line":248,"column":23}},"74":{"start":{"line":250,"column":25},"end":{"line":250,"column":34}},"75":{"start":{"line":252,"column":6},"end":{"line":252,"column":53}},"76":{"start":{"line":252,"column":40},"end":{"line":252,"column":53}},"77":{"start":{"line":254,"column":26},"end":{"line":254,"column":105}},"78":{"start":{"line":254,"column":65},"end":{"line":254,"column":76}},"79":{"start":{"line":257,"column":6},"end":{"line":259,"column":7}},"80":{"start":{"line":258,"column":8},"end":{"line":258,"column":20}},"81":{"start":{"line":262,"column":6},"end":{"line":264,"column":7}},"82":{"start":{"line":263,"column":8},"end":{"line":263,"column":20}},"83":{"start":{"line":266,"column":6},"end":{"line":266,"column":19}},"84":{"start":{"line":268,"column":6},"end":{"line":268,"column":19}},"85":{"start":{"line":8,"column":0},"end":{"line":8,"column":13}},"86":{"start":{"line":10,"column":17},"end":{"line":16,"column":4}},"87":{"start":{"line":19,"column":17},"end":{"line":23,"column":4}}},"fnMap":{"0":{"name":"(anonymous_0)","decl":{"start":{"line":31,"column":2},"end":{"line":31,"column":8}},"loc":{"start":{"line":31,"column":77},"end":{"line":91,"column":3}}},"1":{"name":"(anonymous_1)","decl":{"start":{"line":98,"column":10},"end":{"line":98,"column":16}},"loc":{"start":{"line":98,"column":46},"end":{"line":100,"column":3}}},"2":{"name":"(anonymous_2)","decl":{"start":{"line":99,"column":36},"end":{"line":99,"column":37}},"loc":{"start":{"line":99,"column":45},"end":{"line":99,"column":88}}},"3":{"name":"(anonymous_3)","decl":{"start":{"line":107,"column":10},"end":{"line":107,"column":16}},"loc":{"start":{"line":107,"column":47},"end":{"line":111,"column":3}}},"4":{"name":"(anonymous_4)","decl":{"start":{"line":108,"column":43},"end":{"line":108,"column":44}},"loc":{"start":{"line":109,"column":6},"end":{"line":109,"column":58}}},"5":{"name":"(anonymous_5)","decl":{"start":{"line":120,"column":10},"end":{"line":120,"column":16}},"loc":{"start":{"line":122,"column":35},"end":{"line":193,"column":3}}},"6":{"name":"(anonymous_6)","decl":{"start":{"line":179,"column":48},"end":{"line":179,"column":49}},"loc":{"start":{"line":179,"column":53},"end":{"line":179,"column":74}}},"7":{"name":"(anonymous_7)","decl":{"start":{"line":201,"column":10},"end":{"line":201,"column":16}},"loc":{"start":{"line":203,"column":35},"end":{"line":225,"column":3}}},"8":{"name":"(anonymous_8)","decl":{"start":{"line":208,"column":57},"end":{"line":208,"column":58}},"loc":{"start":{"line":208,"column":64},"end":{"line":208,"column":85}}},"9":{"name":"(anonymous_9)","decl":{"start":{"line":213,"column":45},"end":{"line":213,"column":46}},"loc":{"start":{"line":213,"column":55},"end":{"line":213,"column":80}}},"10":{"name":"(anonymous_10)","decl":{"start":{"line":233,"column":10},"end":{"line":233,"column":16}},"loc":{"start":{"line":235,"column":35},"end":{"line":270,"column":3}}},"11":{"name":"(anonymous_11)","decl":{"start":{"line":246,"column":13},"end":{"line":246,"column":14}},"loc":{"start":{"line":246,"column":17},"end":{"line":249,"column":9}}},"12":{"name":"(anonymous_12)","decl":{"start":{"line":250,"column":16},"end":{"line":250,"column":21}},"loc":{"start":{"line":250,"column":25},"end":{"line":250,"column":34}}},"13":{"name":"(anonymous_13)","decl":{"start":{"line":254,"column":49},"end":{"line":254,"column":50}},"loc":{"start":{"line":254,"column":65},"end":{"line":254,"column":76}}}},"branchMap":{"0":{"loc":{"start":{"line":34,"column":6},"end":{"line":39,"column":7}},"type":"if","locations":[{"start":{"line":34,"column":6},"end":{"line":39,"column":7}}]},"1":{"loc":{"start":{"line":34,"column":10},"end":{"line":37,"column":90}},"type":"binary-expr","locations":[{"start":{"line":34,"column":10},"end":{"line":34,"column":44}},{"start":{"line":34,"column":48},"end":{"line":34,"column":75}},{"start":{"line":34,"column":79},"end":{"line":34,"column":101}},{"start":{"line":35,"column":10},"end":{"line":35,"column":35}},{"start":{"line":36,"column":10},"end":{"line":36,"column":54}},{"start":{"line":36,"column":58},"end":{"line":36,"column":90}},{"start":{"line":37,"column":10},"end":{"line":37,"column":54}},{"start":{"line":37,"column":58},"end":{"line":37,"column":90}}]},"2":{"loc":{"start":{"line":42,"column":6},"end":{"line":48,"column":7}},"type":"if","locations":[{"start":{"line":42,"column":6},"end":{"line":48,"column":7}}]},"3":{"loc":{"start":{"line":51,"column":6},"end":{"line":57,"column":7}},"type":"if","locations":[{"start":{"line":51,"column":6},"end":{"line":57,"column":7}}]},"4":{"loc":{"start":{"line":51,"column":10},"end":{"line":51,"column":64}},"type":"binary-expr","locations":[{"start":{"line":51,"column":10},"end":{"line":51,"column":26}},{"start":{"line":51,"column":30},"end":{"line":51,"column":64}}]},"5":{"loc":{"start":{"line":60,"column":6},"end":{"line":65,"column":7}},"type":"if","locations":[{"start":{"line":60,"column":6},"end":{"line":65,"column":7}}]},"6":{"loc":{"start":{"line":68,"column":6},"end":{"line":73,"column":7}},"type":"if","locations":[{"start":{"line":68,"column":6},"end":{"line":73,"column":7}}]},"7":{"loc":{"start":{"line":76,"column":6},"end":{"line":81,"column":7}},"type":"if","locations":[{"start":{"line":76,"column":6},"end":{"line":81,"column":7}}]},"8":{"loc":{"start":{"line":87,"column":15},"end":{"line":87,"column":69}},"type":"cond-expr","locations":[{"start":{"line":87,"column":40},"end":{"line":87,"column":53}},{"start":{"line":87,"column":56},"end":{"line":87,"column":69}}]},"9":{"loc":{"start":{"line":125,"column":6},"end":{"line":125,"column":48}},"type":"if","locations":[{"start":{"line":125,"column":6},"end":{"line":125,"column":48}}]},"10":{"loc":{"start":{"line":136,"column":8},"end":{"line":138,"column":9}},"type":"if","locations":[{"start":{"line":136,"column":8},"end":{"line":138,"column":9}}]},"11":{"loc":{"start":{"line":136,"column":12},"end":{"line":136,"column":45}},"type":"binary-expr","locations":[{"start":{"line":136,"column":12},"end":{"line":136,"column":27}},{"start":{"line":136,"column":31},"end":{"line":136,"column":45}}]},"12":{"loc":{"start":{"line":141,"column":8},"end":{"line":143,"column":9}},"type":"if","locations":[{"start":{"line":141,"column":8},"end":{"line":143,"column":9}}]},"13":{"loc":{"start":{"line":141,"column":12},"end":{"line":141,"column":73}},"type":"binary-expr","locations":[{"start":{"line":141,"column":12},"end":{"line":141,"column":42}},{"start":{"line":141,"column":46},"end":{"line":141,"column":73}}]},"14":{"loc":{"start":{"line":146,"column":8},"end":{"line":174,"column":9}},"type":"if","locations":[{"start":{"line":146,"column":8},"end":{"line":174,"column":9}}]},"15":{"loc":{"start":{"line":146,"column":12},"end":{"line":146,"column":78}},"type":"binary-expr","locations":[{"start":{"line":146,"column":12},"end":{"line":146,"column":40}},{"start":{"line":146,"column":44},"end":{"line":146,"column":78}}]},"16":{"loc":{"start":{"line":148,"column":10},"end":{"line":173,"column":11}},"type":"if","locations":[{"start":{"line":148,"column":10},"end":{"line":173,"column":11}}]},"17":{"loc":{"start":{"line":149,"column":12},"end":{"line":151,"column":34}},"type":"binary-expr","locations":[{"start":{"line":149,"column":12},"end":{"line":149,"column":31}},{"start":{"line":150,"column":12},"end":{"line":150,"column":28}},{"start":{"line":151,"column":12},"end":{"line":151,"column":34}}]},"18":{"loc":{"start":{"line":154,"column":12},"end":{"line":172,"column":13}},"type":"if","locations":[{"start":{"line":154,"column":12},"end":{"line":172,"column":13}}]},"19":{"loc":{"start":{"line":155,"column":14},"end":{"line":156,"column":86}},"type":"binary-expr","locations":[{"start":{"line":155,"column":15},"end":{"line":155,"column":51}},{"start":{"line":155,"column":55},"end":{"line":155,"column":90}},{"start":{"line":156,"column":15},"end":{"line":156,"column":48}},{"start":{"line":156,"column":52},"end":{"line":156,"column":85}}]},"20":{"loc":{"start":{"line":159,"column":14},"end":{"line":171,"column":15}},"type":"if","locations":[{"start":{"line":159,"column":14},"end":{"line":171,"column":15}}]},"21":{"loc":{"start":{"line":160,"column":16},"end":{"line":162,"column":27}},"type":"binary-expr","locations":[{"start":{"line":160,"column":16},"end":{"line":160,"column":30}},{"start":{"line":161,"column":16},"end":{"line":161,"column":33}},{"start":{"line":162,"column":16},"end":{"line":162,"column":27}}]},"22":{"loc":{"start":{"line":165,"column":16},"end":{"line":170,"column":17}},"type":"if","locations":[{"start":{"line":165,"column":16},"end":{"line":170,"column":17}}]},"23":{"loc":{"start":{"line":166,"column":18},"end":{"line":167,"column":79}},"type":"binary-expr","locations":[{"start":{"line":166,"column":18},"end":{"line":166,"column":82}},{"start":{"line":167,"column":18},"end":{"line":167,"column":79}}]},"24":{"loc":{"start":{"line":178,"column":6},"end":{"line":187,"column":7}},"type":"if","locations":[{"start":{"line":178,"column":6},"end":{"line":187,"column":7}}]},"25":{"loc":{"start":{"line":180,"column":8},"end":{"line":186,"column":9}},"type":"if","locations":[{"start":{"line":180,"column":8},"end":{"line":186,"column":9}}]},"26":{"loc":{"start":{"line":180,"column":12},"end":{"line":180,"column":58}},"type":"binary-expr","locations":[{"start":{"line":180,"column":12},"end":{"line":180,"column":25}},{"start":{"line":180,"column":29},"end":{"line":180,"column":58}}]},"27":{"loc":{"start":{"line":183,"column":10},"end":{"line":185,"column":11}},"type":"if","locations":[{"start":{"line":183,"column":10},"end":{"line":185,"column":11}}]},"28":{"loc":{"start":{"line":205,"column":4},"end":{"line":205,"column":46}},"type":"if","locations":[{"start":{"line":205,"column":4},"end":{"line":205,"column":46}}]},"29":{"loc":{"start":{"line":211,"column":4},"end":{"line":222,"column":5}},"type":"if","locations":[{"start":{"line":211,"column":4},"end":{"line":222,"column":5}}]},"30":{"loc":{"start":{"line":219,"column":6},"end":{"line":221,"column":7}},"type":"if","locations":[{"start":{"line":219,"column":6},"end":{"line":221,"column":7}}]},"31":{"loc":{"start":{"line":219,"column":10},"end":{"line":219,"column":52}},"type":"binary-expr","locations":[{"start":{"line":219,"column":10},"end":{"line":219,"column":24}},{"start":{"line":219,"column":28},"end":{"line":219,"column":52}}]},"32":{"loc":{"start":{"line":237,"column":4},"end":{"line":237,"column":48}},"type":"if","locations":[{"start":{"line":237,"column":4},"end":{"line":237,"column":48}}]},"33":{"loc":{"start":{"line":241,"column":23},"end":{"line":241,"column":99}},"type":"cond-expr","locations":[{"start":{"line":241,"column":50},"end":{"line":241,"column":95}},{"start":{"line":241,"column":98},"end":{"line":241,"column":99}}]},"34":{"loc":{"start":{"line":242,"column":6},"end":{"line":242,"column":39}},"type":"if","locations":[{"start":{"line":242,"column":6},"end":{"line":242,"column":39}}]},"35":{"loc":{"start":{"line":247,"column":24},"end":{"line":247,"column":92}},"type":"cond-expr","locations":[{"start":{"line":247,"column":47},"end":{"line":247,"column":88}},{"start":{"line":247,"column":91},"end":{"line":247,"column":92}}]},"36":{"loc":{"start":{"line":252,"column":6},"end":{"line":252,"column":53}},"type":"if","locations":[{"start":{"line":252,"column":6},"end":{"line":252,"column":53}}]},"37":{"loc":{"start":{"line":257,"column":6},"end":{"line":259,"column":7}},"type":"if","locations":[{"start":{"line":257,"column":6},"end":{"line":259,"column":7}}]},"38":{"loc":{"start":{"line":262,"column":6},"end":{"line":264,"column":7}},"type":"if","locations":[{"start":{"line":262,"column":6},"end":{"line":264,"column":7}}]}},"s":{"0":0,"1":0,"2":0,"3":0,"4":0,"5":0,"6":0,"7":0,"8":0,"9":0,"10":0,"11":0,"12":0,"13":0,"14":0,"15":0,"16":0,"17":0,"18":0,"19":0,"20":0,"21":0,"22":0,"23":0,"24":0,"25":0,"26":0,"27":0,"28":0,"29":0,"30":0,"31":0,"32":0,"33":0,"34":0,"35":0,"36":0,"37":0,"38":0,"39":0,"40":0,"41":0,"42":0,"43":0,"44":0,"45":0,"46":0,"47":0,"48":0,"49":0,"50":0,"51":0,"52":0,"53":0,"54":0,"55":0,"56":0,"57":0,"58":0,"59":0,"60":0,"61":0,"62":0,"63":0,"64":0,"65":0,"66":0,"67":0,"68":0,"69":0,"70":0,"71":0,"72":0,"73":0,"74":0,"75":0,"76":0,"77":0,"78":0,"79":0,"80":0,"81":0,"82":0,"83":0,"84":0,"85":0,"86":0,"87":0},"f":{"0":0,"1":0,"2":0,"3":0,"4":0,"5":0,"6":0,"7":0,"8":0,"9":0,"10":0,"11":0,"12":0,"13":0},"b":{"0":[0],"1":[0,0,0,0,0,0,0,0],"2":[0],"3":[0],"4":[0,0],"5":[0],"6":[0],"7":[0],"8":[0,0],"9":[0],"10":[0],"11":[0,0],"12":[0],"13":[0,0],"14":[0],"15":[0,0],"16":[0],"17":[0,0,0],"18":[0],"19":[0,0,0,0],"20":[0],"21":[0,0,0],"22":[0],"23":[0,0],"24":[0],"25":[0],"26":[0,0],"27":[0],"28":[0],"29":[0],"30":[0],"31":[0,0],"32":[0],"33":[0,0],"34":[0],"35":[0,0],"36":[0],"37":[0],"38":[0]}}
,"/Users/mastershy/ChainIntelAI/ChainIntelAI/backend/src/analyzer/MLModel.ts": {"path":"/Users/mastershy/ChainIntelAI/ChainIntelAI/backend/src/analyzer/MLModel.ts","statementMap":{"0":{"start":{"line":1,"column":0},"end":{"line":1,"column":61}},"1":{"start":{"line":2,"column":0},"end":{"line":2,"column":70}},"2":{"start":{"line":3,"column":0},"end":{"line":3,"column":60}},"3":{"start":{"line":4,"column":0},"end":{"line":4,"column":41}},"4":{"start":{"line":24,"column":4},"end":{"line":98,"column":5}},"5":{"start":{"line":25,"column":6},"end":{"line":28,"column":9}},"6":{"start":{"line":31,"column":27},"end":{"line":31,"column":68}},"7":{"start":{"line":34,"column":31},"end":{"line":34,"column":68}},"8":{"start":{"line":37,"column":31},"end":{"line":37,"column":62}},"9":{"start":{"line":40,"column":32},"end":{"line":40,"column":64}},"10":{"start":{"line":44,"column":8},"end":{"line":47,"column":32}},"11":{"start":{"line":50,"column":20},"end":{"line":50,"column":55}},"12":{"start":{"line":53,"column":22},"end":{"line":53,"column":76}},"13":{"start":{"line":56,"column":6},"end":{"line":58,"column":7}},"14":{"start":{"line":57,"column":8},"end":{"line":57,"column":46}},"15":{"start":{"line":61,"column":6},"end":{"line":63,"column":7}},"16":{"start":{"line":62,"column":8},"end":{"line":62,"column":46}},"17":{"start":{"line":66,"column":25},"end":{"line":68,"column":null}},"18":{"start":{"line":71,"column":6},"end":{"line":77,"column":9}},"19":{"start":{"line":79,"column":6},"end":{"line":84,"column":8}},"20":{"start":{"line":86,"column":6},"end":{"line":89,"column":9}},"21":{"start":{"line":92,"column":6},"end":{"line":97,"column":8}},"22":{"start":{"line":109,"column":4},"end":{"line":186,"column":5}},"23":{"start":{"line":111,"column":26},"end":{"line":111,"column":75}},"24":{"start":{"line":114,"column":24},"end":{"line":114,"column":71}},"25":{"start":{"line":116,"column":32},"end":{"line":116,"column":34}},"26":{"start":{"line":117,"column":18},"end":{"line":117,"column":21}},"27":{"start":{"line":120,"column":6},"end":{"line":143,"column":7}},"28":{"start":{"line":122,"column":8},"end":{"line":122,"column":45}},"29":{"start":{"line":125,"column":30},"end":{"line":125,"column":61}},"30":{"start":{"line":126,"column":20},"end":{"line":126,"column":30}},"31":{"start":{"line":127,"column":31},"end":{"line":127,"column":96}},"32":{"start":{"line":129,"column":8},"end":{"line":132,"column":9}},"33":{"start":{"line":130,"column":10},"end":{"line":130,"column":23}},"34":{"start":{"line":131,"column":10},"end":{"line":131,"column":38}},"35":{"start":{"line":135,"column":8},"end":{"line":138,"column":9}},"36":{"start":{"line":135,"column":43},"end":{"line":135,"column":92}},"37":{"start":{"line":136,"column":10},"end":{"line":136,"column":23}},"38":{"start":{"line":137,"column":10},"end":{"line":137,"column":46}},"39":{"start":{"line":141,"column":8},"end":{"line":141,"column":21}},"40":{"start":{"line":142,"column":8},"end":{"line":142,"column":39}},"41":{"start":{"line":146,"column":6},"end":{"line":165,"column":7}},"42":{"start":{"line":148,"column":8},"end":{"line":148,"column":43}},"43":{"start":{"line":151,"column":8},"end":{"line":154,"column":9}},"44":{"start":{"line":151,"column":41},"end":{"line":151,"column":90}},"45":{"start":{"line":152,"column":10},"end":{"line":152,"column":23}},"46":{"start":{"line":153,"column":10},"end":{"line":153,"column":48}},"47":{"start":{"line":157,"column":8},"end":{"line":160,"column":9}},"48":{"start":{"line":157,"column":41},"end":{"line":157,"column":62}},"49":{"start":{"line":158,"column":10},"end":{"line":158,"column":23}},"50":{"start":{"line":159,"column":10},"end":{"line":159,"column":44}},"51":{"start":{"line":163,"column":8},"end":{"line":163,"column":21}},"52":{"start":{"line":164,"column":8},"end":{"line":164,"column":42}},"53":{"start":{"line":168,"column":30},"end":{"line":168,"column":48}},"54":{"start":{"line":170,"column":6},"end":{"line":174,"column":8}},"55":{"start":{"line":176,"column":6},"end":{"line":179,"column":9}},"56":{"start":{"line":181,"column":6},"end":{"line":185,"column":8}},"57":{"start":{"line":195,"column":28},"end":{"line":195,"column":60}},"58":{"start":{"line":196,"column":17},"end":{"line":196,"column":43}},"59":{"start":{"line":199,"column":4},"end":{"line":201,"column":5}},"60":{"start":{"line":200,"column":6},"end":{"line":200,"column":17}},"61":{"start":{"line":204,"column":4},"end":{"line":204,"column":15}},"62":{"start":{"line":213,"column":4},"end":{"line":213,"column":33}},"63":{"start":{"line":213,"column":22},"end":{"line":213,"column":33}},"64":{"start":{"line":215,"column":4},"end":{"line":238,"column":5}},"65":{"start":{"line":216,"column":20},"end":{"line":216,"column":39}},"66":{"start":{"line":219,"column":6},"end":{"line":221,"column":7}},"67":{"start":{"line":220,"column":8},"end":{"line":220,"column":19}},"68":{"start":{"line":224,"column":6},"end":{"line":226,"column":7}},"69":{"start":{"line":225,"column":8},"end":{"line":225,"column":19}},"70":{"start":{"line":229,"column":6},"end":{"line":231,"column":7}},"71":{"start":{"line":230,"column":8},"end":{"line":230,"column":19}},"72":{"start":{"line":234,"column":6},"end":{"line":234,"column":17}},"73":{"start":{"line":237,"column":6},"end":{"line":237,"column":17}},"74":{"start":{"line":247,"column":4},"end":{"line":247,"column":48}},"75":{"start":{"line":247,"column":22},"end":{"line":247,"column":48}},"76":{"start":{"line":248,"column":4},"end":{"line":248,"column":44}},"77":{"start":{"line":248,"column":22},"end":{"line":248,"column":44}},"78":{"start":{"line":249,"column":4},"end":{"line":249,"column":46}},"79":{"start":{"line":249,"column":22},"end":{"line":249,"column":46}},"80":{"start":{"line":250,"column":4},"end":{"line":250,"column":25}},"81":{"start":{"line":17,"column":0},"end":{"line":17,"column":13}}},"fnMap":{"0":{"name":"(anonymous_0)","decl":{"start":{"line":23,"column":2},"end":{"line":23,"column":8}},"loc":{"start":{"line":23,"column":49},"end":{"line":99,"column":3}}},"1":{"name":"(anonymous_1)","decl":{"start":{"line":106,"column":10},"end":{"line":106,"column":16}},"loc":{"start":{"line":107,"column":26},"end":{"line":187,"column":3}}},"2":{"name":"(anonymous_2)","decl":{"start":{"line":135,"column":34},"end":{"line":135,"column":35}},"loc":{"start":{"line":135,"column":43},"end":{"line":135,"column":92}}},"3":{"name":"(anonymous_3)","decl":{"start":{"line":151,"column":32},"end":{"line":151,"column":33}},"loc":{"start":{"line":151,"column":41},"end":{"line":151,"column":90}}},"4":{"name":"(anonymous_4)","decl":{"start":{"line":157,"column":32},"end":{"line":157,"column":33}},"loc":{"start":{"line":157,"column":41},"end":{"line":157,"column":62}}},"5":{"name":"(anonymous_5)","decl":{"start":{"line":194,"column":10},"end":{"line":194,"column":16}},"loc":{"start":{"line":194,"column":59},"end":{"line":205,"column":3}}},"6":{"name":"(anonymous_6)","decl":{"start":{"line":212,"column":10},"end":{"line":212,"column":16}},"loc":{"start":{"line":212,"column":60},"end":{"line":239,"column":3}}},"7":{"name":"(anonymous_7)","decl":{"start":{"line":246,"column":10},"end":{"line":246,"column":16}},"loc":{"start":{"line":246,"column":49},"end":{"line":251,"column":3}}}},"branchMap":{"0":{"loc":{"start":{"line":56,"column":6},"end":{"line":58,"column":7}},"type":"if","locations":[{"start":{"line":56,"column":6},"end":{"line":58,"column":7}}]},"1":{"loc":{"start":{"line":61,"column":6},"end":{"line":63,"column":7}},"type":"if","locations":[{"start":{"line":61,"column":6},"end":{"line":63,"column":7}}]},"2":{"loc":{"start":{"line":88,"column":15},"end":{"line":88,"column":69}},"type":"cond-expr","locations":[{"start":{"line":88,"column":40},"end":{"line":88,"column":53}},{"start":{"line":88,"column":56},"end":{"line":88,"column":69}}]},"3":{"loc":{"start":{"line":120,"column":6},"end":{"line":143,"column":7}},"type":"if","locations":[{"start":{"line":120,"column":6},"end":{"line":143,"column":7}},{"start":{"line":139,"column":13},"end":{"line":143,"column":7}}]},"4":{"loc":{"start":{"line":129,"column":8},"end":{"line":132,"column":9}},"type":"if","locations":[{"start":{"line":129,"column":8},"end":{"line":132,"column":9}}]},"5":{"loc":{"start":{"line":135,"column":8},"end":{"line":138,"column":9}},"type":"if","locations":[{"start":{"line":135,"column":8},"end":{"line":138,"column":9}}]},"6":{"loc":{"start":{"line":135,"column":43},"end":{"line":135,"column":92}},"type":"binary-expr","locations":[{"start":{"line":135,"column":43},"end":{"line":135,"column":68}},{"start":{"line":135,"column":72},"end":{"line":135,"column":92}}]},"7":{"loc":{"start":{"line":146,"column":6},"end":{"line":165,"column":7}},"type":"if","locations":[{"start":{"line":146,"column":6},"end":{"line":165,"column":7}},{"start":{"line":161,"column":13},"end":{"line":165,"column":7}}]},"8":{"loc":{"start":{"line":151,"column":8},"end":{"line":154,"column":9}},"type":"if","locations":[{"start":{"line":151,"column":8},"end":{"line":154,"column":9}}]},"9":{"loc":{"start":{"line":151,"column":41},"end":{"line":151,"column":90}},"type":"binary-expr","locations":[{"start":{"line":151,"column":41},"end":{"line":151,"column":66}},{"start":{"line":151,"column":70},"end":{"line":151,"column":90}}]},"10":{"loc":{"start":{"line":157,"column":8},"end":{"line":160,"column":9}},"type":"if","locations":[{"start":{"line":157,"column":8},"end":{"line":160,"column":9}}]},"11":{"loc":{"start":{"line":173,"column":20},"end":{"line":173,"column":56}},"type":"cond-expr","locations":[{"start":{"line":173,"column":47},"end":{"line":173,"column":50}},{"start":{"line":173,"column":53},"end":{"line":173,"column":56}}]},"12":{"loc":{"start":{"line":173,"column":20},"end":{"line":173,"column":44}},"type":"binary-expr","locations":[{"start":{"line":173,"column":20},"end":{"line":173,"column":31}},{"start":{"line":173,"column":35},"end":{"line":173,"column":44}}]},"13":{"loc":{"start":{"line":178,"column":15},"end":{"line":178,"column":69}},"type":"cond-expr","locations":[{"start":{"line":178,"column":40},"end":{"line":178,"column":53}},{"start":{"line":178,"column":56},"end":{"line":178,"column":69}}]},"14":{"loc":{"start":{"line":199,"column":4},"end":{"line":201,"column":5}},"type":"if","locations":[{"start":{"line":199,"column":4},"end":{"line":201,"column":5}}]},"15":{"loc":{"start":{"line":199,"column":8},"end":{"line":199,"column":29}},"type":"binary-expr","locations":[{"start":{"line":199,"column":8},"end":{"line":199,"column":17}},{"start":{"line":199,"column":21},"end":{"line":199,"column":29}}]},"16":{"loc":{"start":{"line":213,"column":4},"end":{"line":213,"column":33}},"type":"if","locations":[{"start":{"line":213,"column":4},"end":{"line":213,"column":33}}]},"17":{"loc":{"start":{"line":219,"column":6},"end":{"line":221,"column":7}},"type":"if","locations":[{"start":{"line":219,"column":6},"end":{"line":221,"column":7}}]},"18":{"loc":{"start":{"line":224,"column":6},"end":{"line":226,"column":7}},"type":"if","locations":[{"start":{"line":224,"column":6},"end":{"line":226,"column":7}}]},"19":{"loc":{"start":{"line":229,"column":6},"end":{"line":231,"column":7}},"type":"if","locations":[{"start":{"line":229,"column":6},"end":{"line":231,"column":7}}]},"20":{"loc":{"start":{"line":247,"column":4},"end":{"line":247,"column":48}},"type":"if","locations":[{"start":{"line":247,"column":4},"end":{"line":247,"column":48}}]},"21":{"loc":{"start":{"line":248,"column":4},"end":{"line":248,"column":44}},"type":"if","locations":[{"start":{"line":248,"column":4},"end":{"line":248,"column":44}}]},"22":{"loc":{"start":{"line":249,"column":4},"end":{"line":249,"column":46}},"type":"if","locations":[{"start":{"line":249,"column":4},"end":{"line":249,"column":46}}]}},"s":{"0":0,"1":0,"2":0,"3":0,"4":0,"5":0,"6":0,"7":0,"8":0,"9":0,"10":0,"11":0,"12":0,"13":0,"14":0,"15":0,"16":0,"17":0,"18":0,"19":0,"20":0,"21":0,"22":0,"23":0,"24":0,"25":0,"26":0,"27":0,"28":0,"29":0,"30":0,"31":0,"32":0,"33":0,"34":0,"35":0,"36":0,"37":0,"38":0,"39":0,"40":0,"41":0,"42":0,"43":0,"44":0,"45":0,"46":0,"47":0,"48":0,"49":0,"50":0,"51":0,"52":0,"53":0,"54":0,"55":0,"56":0,"57":0,"58":0,"59":0,"60":0,"61":0,"62":0,"63":0,"64":0,"65":0,"66":0,"67":0,"68":0,"69":0,"70":0,"71":0,"72":0,"73":0,"74":0,"75":0,"76":0,"77":0,"78":0,"79":0,"80":0,"81":0},"f":{"0":0,"1":0,"2":0,"3":0,"4":0,"5":0,"6":0,"7":0},"b":{"0":[0],"1":[0],"2":[0,0],"3":[0,0],"4":[0],"5":[0],"6":[0,0],"7":[0,0],"8":[0],"9":[0,0],"10":[0],"11":[0,0],"12":[0,0],"13":[0,0],"14":[0],"15":[0,0],"16":[0],"17":[0],"18":[0],"19":[0],"20":[0],"21":[0],"22":[0]}}
,"/Users/mastershy/ChainIntelAI/ChainIntelAI/backend/src/analyzer/RiskPatternAnalyzer.ts": {"path":"/Users/mastershy/ChainIntelAI/ChainIntelAI/backend/src/analyzer/RiskPatternAnalyzer.ts","statementMap":{"0":{"start":{"line":1,"column":0},"end":{"line":1,"column":61}},"1":{"start":{"line":2,"column":0},"end":{"line":2,"column":70}},"2":{"start":{"line":3,"column":0},"end":{"line":3,"column":52}},"3":{"start":{"line":4,"column":0},"end":{"line":4,"column":41}},"4":{"start":{"line":5,"column":0},"end":{"line":5,"column":58}},"5":{"start":{"line":6,"column":0},"end":{"line":6,"column":44}},"6":{"start":{"line":21,"column":4},"end":{"line":101,"column":5}},"7":{"start":{"line":22,"column":6},"end":{"line":25,"column":9}},"8":{"start":{"line":28,"column":27},"end":{"line":28,"column":69}},"9":{"start":{"line":31,"column":32},"end":{"line":31,"column":34}},"10":{"start":{"line":32,"column":25},"end":{"line":32,"column":28}},"11":{"start":{"line":35,"column":29},"end":{"line":35,"column":93}},"12":{"start":{"line":36,"column":6},"end":{"line":39,"column":7}},"13":{"start":{"line":37,"column":8},"end":{"line":37,"column":47}},"14":{"start":{"line":38,"column":8},"end":{"line":38,"column":45}},"15":{"start":{"line":42,"column":32},"end":{"line":42,"column":77}},"16":{"start":{"line":43,"column":6},"end":{"line":46,"column":7}},"17":{"start":{"line":44,"column":8},"end":{"line":44,"column":46}},"18":{"start":{"line":45,"column":8},"end":{"line":45,"column":49}},"19":{"start":{"line":49,"column":39},"end":{"line":49,"column":85}},"20":{"start":{"line":50,"column":6},"end":{"line":53,"column":7}},"21":{"start":{"line":51,"column":8},"end":{"line":51,"column":56}},"22":{"start":{"line":52,"column":8},"end":{"line":52,"column":55}},"23":{"start":{"line":56,"column":20},"end":{"line":56,"column":65}},"24":{"start":{"line":57,"column":6},"end":{"line":60,"column":7}},"25":{"start":{"line":58,"column":8},"end":{"line":58,"column":37}},"26":{"start":{"line":59,"column":8},"end":{"line":59,"column":28}},"27":{"start":{"line":63,"column":6},"end":{"line":69,"column":7}},"28":{"start":{"line":64,"column":32},"end":{"line":64,"column":80}},"29":{"start":{"line":65,"column":8},"end":{"line":68,"column":9}},"30":{"start":{"line":66,"column":10},"end":{"line":66,"column":46}},"31":{"start":{"line":67,"column":10},"end":{"line":67,"column":49}},"32":{"start":{"line":72,"column":30},"end":{"line":72,"column":55}},"33":{"start":{"line":75,"column":25},"end":{"line":75,"column":70}},"34":{"start":{"line":77,"column":6},"end":{"line":82,"column":9}},"35":{"start":{"line":84,"column":6},"end":{"line":88,"column":8}},"36":{"start":{"line":90,"column":6},"end":{"line":93,"column":9}},"37":{"start":{"line":96,"column":6},"end":{"line":100,"column":8}},"38":{"start":{"line":111,"column":4},"end":{"line":123,"column":5}},"39":{"start":{"line":114,"column":21},"end":{"line":114,"column":65}},"40":{"start":{"line":116,"column":6},"end":{"line":116,"column":56}},"41":{"start":{"line":116,"column":36},"end":{"line":116,"column":48}},"42":{"start":{"line":118,"column":6},"end":{"line":121,"column":9}},"43":{"start":{"line":122,"column":6},"end":{"line":122,"column":16}},"44":{"start":{"line":136,"column":4},"end":{"line":136,"column":44}},"45":{"start":{"line":136,"column":33},"end":{"line":136,"column":44}},"46":{"start":{"line":138,"column":4},"end":{"line":171,"column":5}},"47":{"start":{"line":140,"column":22},"end":{"line":140,"column":68}},"48":{"start":{"line":143,"column":25},"end":{"line":143,"column":91}},"49":{"start":{"line":143,"column":53},"end":{"line":143,"column":68}},"50":{"start":{"line":143,"column":85},"end":{"line":143,"column":90}},"51":{"start":{"line":146,"column":34},"end":{"line":146,"column":36}},"52":{"start":{"line":147,"column":6},"end":{"line":149,"column":7}},"53":{"start":{"line":147,"column":19},"end":{"line":147,"column":20}},"54":{"start":{"line":148,"column":8},"end":{"line":148,"column":58}},"55":{"start":{"line":151,"column":26},"end":{"line":151,"column":99}},"56":{"start":{"line":151,"column":62},"end":{"line":151,"column":76}},"57":{"start":{"line":154,"column":6},"end":{"line":156,"column":7}},"58":{"start":{"line":155,"column":8},"end":{"line":155,"column":19}},"59":{"start":{"line":159,"column":6},"end":{"line":161,"column":7}},"60":{"start":{"line":160,"column":8},"end":{"line":160,"column":19}},"61":{"start":{"line":164,"column":6},"end":{"line":166,"column":7}},"62":{"start":{"line":165,"column":8},"end":{"line":165,"column":19}},"63":{"start":{"line":168,"column":6},"end":{"line":168,"column":17}},"64":{"start":{"line":170,"column":6},"end":{"line":170,"column":17}},"65":{"start":{"line":184,"column":4},"end":{"line":184,"column":67}},"66":{"start":{"line":184,"column":56},"end":{"line":184,"column":67}},"67":{"start":{"line":186,"column":4},"end":{"line":219,"column":5}},"68":{"start":{"line":188,"column":21},"end":{"line":190,"column":51}},"69":{"start":{"line":189,"column":27},"end":{"line":189,"column":38}},"70":{"start":{"line":190,"column":24},"end":{"line":190,"column":50}},"71":{"start":{"line":192,"column":6},"end":{"line":192,"column":40}},"72":{"start":{"line":192,"column":29},"end":{"line":192,"column":40}},"73":{"start":{"line":195,"column":18},"end":{"line":195,"column":67}},"74":{"start":{"line":195,"column":46},"end":{"line":195,"column":55}},"75":{"start":{"line":196,"column":18},"end":{"line":196,"column":53}},"76":{"start":{"line":199,"column":27},"end":{"line":199,"column":61}},"77":{"start":{"line":202,"column":6},"end":{"line":204,"column":7}},"78":{"start":{"line":203,"column":8},"end":{"line":203,"column":19}},"79":{"start":{"line":207,"column":6},"end":{"line":209,"column":7}},"80":{"start":{"line":208,"column":8},"end":{"line":208,"column":19}},"81":{"start":{"line":212,"column":6},"end":{"line":214,"column":7}},"82":{"start":{"line":213,"column":8},"end":{"line":213,"column":19}},"83":{"start":{"line":216,"column":6},"end":{"line":216,"column":17}},"84":{"start":{"line":218,"column":6},"end":{"line":218,"column":17}},"85":{"start":{"line":228,"column":4},"end":{"line":228,"column":44}},"86":{"start":{"line":228,"column":33},"end":{"line":228,"column":44}},"87":{"start":{"line":231,"column":26},"end":{"line":231,"column":96}},"88":{"start":{"line":231,"column":57},"end":{"line":231,"column":95}},"89":{"start":{"line":232,"column":30},"end":{"line":232,"column":72}},"90":{"start":{"line":235,"column":4},"end":{"line":237,"column":5}},"91":{"start":{"line":236,"column":6},"end":{"line":236,"column":17}},"92":{"start":{"line":240,"column":4},"end":{"line":242,"column":5}},"93":{"start":{"line":241,"column":6},"end":{"line":241,"column":17}},"94":{"start":{"line":245,"column":30},"end":{"line":245,"column":68}},"95":{"start":{"line":245,"column":59},"end":{"line":245,"column":67}},"96":{"start":{"line":246,"column":28},"end":{"line":246,"column":54}},"97":{"start":{"line":249,"column":4},"end":{"line":251,"column":5}},"98":{"start":{"line":250,"column":6},"end":{"line":250,"column":17}},"99":{"start":{"line":254,"column":4},"end":{"line":256,"column":5}},"100":{"start":{"line":255,"column":6},"end":{"line":255,"column":17}},"101":{"start":{"line":258,"column":4},"end":{"line":258,"column":15}},"102":{"start":{"line":12,"column":0},"end":{"line":12,"column":13}}},"fnMap":{"0":{"name":"(anonymous_0)","decl":{"start":{"line":18,"column":2},"end":{"line":18,"column":8}},"loc":{"start":{"line":19,"column":26},"end":{"line":102,"column":3}}},"1":{"name":"(anonymous_1)","decl":{"start":{"line":110,"column":10},"end":{"line":110,"column":16}},"loc":{"start":{"line":110,"column":69},"end":{"line":124,"column":3}}},"2":{"name":"(anonymous_2)","decl":{"start":{"line":116,"column":24},"end":{"line":116,"column":25}},"loc":{"start":{"line":116,"column":36},"end":{"line":116,"column":48}}},"3":{"name":"(anonymous_3)","decl":{"start":{"line":132,"column":10},"end":{"line":132,"column":16}},"loc":{"start":{"line":134,"column":35},"end":{"line":172,"column":3}}},"4":{"name":"(anonymous_4)","decl":{"start":{"line":143,"column":42},"end":{"line":143,"column":43}},"loc":{"start":{"line":143,"column":53},"end":{"line":143,"column":68}}},"5":{"name":"(anonymous_5)","decl":{"start":{"line":143,"column":75},"end":{"line":143,"column":76}},"loc":{"start":{"line":143,"column":85},"end":{"line":143,"column":90}}},"6":{"name":"(anonymous_6)","decl":{"start":{"line":151,"column":43},"end":{"line":151,"column":44}},"loc":{"start":{"line":151,"column":62},"end":{"line":151,"column":76}}},"7":{"name":"(anonymous_7)","decl":{"start":{"line":180,"column":10},"end":{"line":180,"column":16}},"loc":{"start":{"line":182,"column":33},"end":{"line":220,"column":3}}},"8":{"name":"(anonymous_8)","decl":{"start":{"line":189,"column":16},"end":{"line":189,"column":17}},"loc":{"start":{"line":189,"column":27},"end":{"line":189,"column":38}}},"9":{"name":"(anonymous_9)","decl":{"start":{"line":190,"column":13},"end":{"line":190,"column":14}},"loc":{"start":{"line":190,"column":24},"end":{"line":190,"column":50}}},"10":{"name":"(anonymous_10)","decl":{"start":{"line":195,"column":32},"end":{"line":195,"column":33}},"loc":{"start":{"line":195,"column":46},"end":{"line":195,"column":55}}},"11":{"name":"(anonymous_11)","decl":{"start":{"line":227,"column":10},"end":{"line":227,"column":16}},"loc":{"start":{"line":227,"column":76},"end":{"line":259,"column":3}}},"12":{"name":"(anonymous_12)","decl":{"start":{"line":231,"column":46},"end":{"line":231,"column":47}},"loc":{"start":{"line":231,"column":57},"end":{"line":231,"column":95}}},"13":{"name":"(anonymous_13)","decl":{"start":{"line":245,"column":48},"end":{"line":245,"column":49}},"loc":{"start":{"line":245,"column":59},"end":{"line":245,"column":67}}}},"branchMap":{"0":{"loc":{"start":{"line":36,"column":6},"end":{"line":39,"column":7}},"type":"if","locations":[{"start":{"line":36,"column":6},"end":{"line":39,"column":7}}]},"1":{"loc":{"start":{"line":43,"column":6},"end":{"line":46,"column":7}},"type":"if","locations":[{"start":{"line":43,"column":6},"end":{"line":46,"column":7}}]},"2":{"loc":{"start":{"line":50,"column":6},"end":{"line":53,"column":7}},"type":"if","locations":[{"start":{"line":50,"column":6},"end":{"line":53,"column":7}}]},"3":{"loc":{"start":{"line":57,"column":6},"end":{"line":60,"column":7}},"type":"if","locations":[{"start":{"line":57,"column":6},"end":{"line":60,"column":7}}]},"4":{"loc":{"start":{"line":63,"column":6},"end":{"line":69,"column":7}},"type":"if","locations":[{"start":{"line":63,"column":6},"end":{"line":69,"column":7}}]},"5":{"loc":{"start":{"line":65,"column":8},"end":{"line":68,"column":9}},"type":"if","locations":[{"start":{"line":65,"column":8},"end":{"line":68,"column":9}}]},"6":{"loc":{"start":{"line":92,"column":15},"end":{"line":92,"column":69}},"type":"cond-expr","locations":[{"start":{"line":92,"column":40},"end":{"line":92,"column":53}},{"start":{"line":92,"column":56},"end":{"line":92,"column":69}}]},"7":{"loc":{"start":{"line":116,"column":13},"end":{"line":116,"column":55}},"type":"binary-expr","locations":[{"start":{"line":116,"column":13},"end":{"line":116,"column":49}},{"start":{"line":116,"column":53},"end":{"line":116,"column":55}}]},"8":{"loc":{"start":{"line":120,"column":15},"end":{"line":120,"column":69}},"type":"cond-expr","locations":[{"start":{"line":120,"column":40},"end":{"line":120,"column":53}},{"start":{"line":120,"column":56},"end":{"line":120,"column":69}}]},"9":{"loc":{"start":{"line":136,"column":4},"end":{"line":136,"column":44}},"type":"if","locations":[{"start":{"line":136,"column":4},"end":{"line":136,"column":44}}]},"10":{"loc":{"start":{"line":154,"column":6},"end":{"line":156,"column":7}},"type":"if","locations":[{"start":{"line":154,"column":6},"end":{"line":156,"column":7}}]},"11":{"loc":{"start":{"line":159,"column":6},"end":{"line":161,"column":7}},"type":"if","locations":[{"start":{"line":159,"column":6},"end":{"line":161,"column":7}}]},"12":{"loc":{"start":{"line":164,"column":6},"end":{"line":166,"column":7}},"type":"if","locations":[{"start":{"line":164,"column":6},"end":{"line":166,"column":7}}]},"13":{"loc":{"start":{"line":164,"column":10},"end":{"line":164,"column":80}},"type":"binary-expr","locations":[{"start":{"line":164,"column":10},"end":{"line":164,"column":17}},{"start":{"line":164,"column":21},"end":{"line":164,"column":52}},{"start":{"line":164,"column":56},"end":{"line":164,"column":80}}]},"14":{"loc":{"start":{"line":184,"column":4},"end":{"line":184,"column":67}},"type":"if","locations":[{"start":{"line":184,"column":4},"end":{"line":184,"column":67}}]},"15":{"loc":{"start":{"line":184,"column":8},"end":{"line":184,"column":54}},"type":"binary-expr","locations":[{"start":{"line":184,"column":8},"end":{"line":184,"column":27}},{"start":{"line":184,"column":31},"end":{"line":184,"column":54}}]},"16":{"loc":{"start":{"line":190,"column":31},"end":{"line":190,"column":49}},"type":"binary-expr","locations":[{"start":{"line":190,"column":31},"end":{"line":190,"column":42}},{"start":{"line":190,"column":46},"end":{"line":190,"column":49}}]},"17":{"loc":{"start":{"line":192,"column":6},"end":{"line":192,"column":40}},"type":"if","locations":[{"start":{"line":192,"column":6},"end":{"line":192,"column":40}}]},"18":{"loc":{"start":{"line":202,"column":6},"end":{"line":204,"column":7}},"type":"if","locations":[{"start":{"line":202,"column":6},"end":{"line":204,"column":7}}]},"19":{"loc":{"start":{"line":207,"column":6},"end":{"line":209,"column":7}},"type":"if","locations":[{"start":{"line":207,"column":6},"end":{"line":209,"column":7}}]},"20":{"loc":{"start":{"line":212,"column":6},"end":{"line":214,"column":7}},"type":"if","locations":[{"start":{"line":212,"column":6},"end":{"line":214,"column":7}}]},"21":{"loc":{"start":{"line":228,"column":4},"end":{"line":228,"column":44}},"type":"if","locations":[{"start":{"line":228,"column":4},"end":{"line":228,"column":44}}]},"22":{"loc":{"start":{"line":235,"column":4},"end":{"line":237,"column":5}},"type":"if","locations":[{"start":{"line":235,"column":4},"end":{"line":237,"column":5}}]},"23":{"loc":{"start":{"line":240,"column":4},"end":{"line":242,"column":5}},"type":"if","locations":[{"start":{"line":240,"column":4},"end":{"line":242,"column":5}}]},"24":{"loc":{"start":{"line":249,"column":4},"end":{"line":251,"column":5}},"type":"if","locations":[{"start":{"line":249,"column":4},"end":{"line":251,"column":5}}]},"25":{"loc":{"start":{"line":254,"column":4},"end":{"line":256,"column":5}},"type":"if","locations":[{"start":{"line":254,"column":4},"end":{"line":256,"column":5}}]},"26":{"loc":{"start":{"line":254,"column":8},"end":{"line":254,"column":62}},"type":"binary-expr","locations":[{"start":{"line":254,"column":8},"end":{"line":254,"column":32}},{"start":{"line":254,"column":36},"end":{"line":254,"column":62}}]}},"s":{"0":0,"1":0,"2":0,"3":0,"4":0,"5":0,"6":0,"7":0,"8":0,"9":0,"10":0,"11":0,"12":0,"13":0,"14":0,"15":0,"16":0,"17":0,"18":0,"19":0,"20":0,"21":0,"22":0,"23":0,"24":0,"25":0,"26":0,"27":0,"28":0,"29":0,"30":0,"31":0,"32":0,"33":0,"34":0,"35":0,"36":0,"37":0,"38":0,"39":0,"40":0,"41":0,"42":0,"43":0,"44":0,"45":0,"46":0,"47":0,"48":0,"49":0,"50":0,"51":0,"52":0,"53":0,"54":0,"55":0,"56":0,"57":0,"58":0,"59":0,"60":0,"61":0,"62":0,"63":0,"64":0,"65":0,"66":0,"67":0,"68":0,"69":0,"70":0,"71":0,"72":0,"73":0,"74":0,"75":0,"76":0,"77":0,"78":0,"79":0,"80":0,"81":0,"82":0,"83":0,"84":0,"85":0,"86":0,"87":0,"88":0,"89":0,"90":0,"91":0,"92":0,"93":0,"94":0,"95":0,"96":0,"97":0,"98":0,"99":0,"100":0,"101":0,"102":0},"f":{"0":0,"1":0,"2":0,"3":0,"4":0,"5":0,"6":0,"7":0,"8":0,"9":0,"10":0,"11":0,"12":0,"13":0},"b":{"0":[0],"1":[0],"2":[0],"3":[0],"4":[0],"5":[0],"6":[0,0],"7":[0,0],"8":[0,0],"9":[0],"10":[0],"11":[0],"12":[0],"13":[0,0,0],"14":[0],"15":[0,0],"16":[0,0],"17":[0],"18":[0],"19":[0],"20":[0],"21":[0],"22":[0],"23":[0],"24":[0],"25":[0],"26":[0,0]}}
,"/Users/mastershy/ChainIntelAI/ChainIntelAI/backend/src/analyzer/TimeSeriesAnalyzer.ts": {"path":"/Users/mastershy/ChainIntelAI/ChainIntelAI/backend/src/analyzer/TimeSeriesAnalyzer.ts","statementMap":{"0":{"start":{"line":2,"column":0},"end":{"line":2,"column":41}},"1":{"start":{"line":16,"column":4},"end":{"line":16,"column":38}},"2":{"start":{"line":16,"column":29},"end":{"line":16,"column":38}},"3":{"start":{"line":17,"column":4},"end":{"line":17,"column":38}},"4":{"start":{"line":17,"column":29},"end":{"line":17,"column":38}},"5":{"start":{"line":18,"column":4},"end":{"line":18,"column":38}},"6":{"start":{"line":18,"column":27},"end":{"line":18,"column":38}},"7":{"start":{"line":20,"column":4},"end":{"line":92,"column":5}},"8":{"start":{"line":22,"column":25},"end":{"line":22,"column":85}},"9":{"start":{"line":22,"column":47},"end":{"line":22,"column":62}},"10":{"start":{"line":22,"column":79},"end":{"line":22,"column":84}},"11":{"start":{"line":25,"column":34},"end":{"line":25,"column":36}},"12":{"start":{"line":26,"column":6},"end":{"line":28,"column":7}},"13":{"start":{"line":26,"column":19},"end":{"line":26,"column":20}},"14":{"start":{"line":27,"column":8},"end":{"line":27,"column":58}},"15":{"start":{"line":31,"column":26},"end":{"line":31,"column":55}},"16":{"start":{"line":32,"column":27},"end":{"line":32,"column":82}},"17":{"start":{"line":35,"column":37},"end":{"line":35,"column":63}},"18":{"start":{"line":38,"column":25},"end":{"line":38,"column":28}},"19":{"start":{"line":41,"column":6},"end":{"line":43,"column":7}},"20":{"start":{"line":42,"column":8},"end":{"line":42,"column":27}},"21":{"start":{"line":46,"column":29},"end":{"line":46,"column":46}},"22":{"start":{"line":47,"column":25},"end":{"line":47,"column":89}},"23":{"start":{"line":47,"column":56},"end":{"line":47,"column":81}},"24":{"start":{"line":48,"column":25},"end":{"line":48,"column":54}},"25":{"start":{"line":50,"column":6},"end":{"line":52,"column":7}},"26":{"start":{"line":51,"column":8},"end":{"line":51,"column":51}},"27":{"start":{"line":55,"column":31},"end":{"line":55,"column":64}},"28":{"start":{"line":56,"column":6},"end":{"line":56,"column":62}},"29":{"start":{"line":59,"column":36},"end":{"line":59,"column":72}},"30":{"start":{"line":60,"column":6},"end":{"line":60,"column":67}},"31":{"start":{"line":63,"column":26},"end":{"line":63,"column":58}},"32":{"start":{"line":64,"column":6},"end":{"line":64,"column":57}},"33":{"start":{"line":67,"column":31},"end":{"line":67,"column":61}},"34":{"start":{"line":68,"column":6},"end":{"line":68,"column":62}},"35":{"start":{"line":71,"column":32},"end":{"line":71,"column":65}},"36":{"start":{"line":72,"column":6},"end":{"line":72,"column":63}},"37":{"start":{"line":75,"column":37},"end":{"line":75,"column":77}},"38":{"start":{"line":76,"column":6},"end":{"line":76,"column":68}},"39":{"start":{"line":79,"column":6},"end":{"line":84,"column":7}},"40":{"start":{"line":80,"column":34},"end":{"line":80,"column":66}},"41":{"start":{"line":82,"column":35},"end":{"line":82,"column":68}},"42":{"start":{"line":83,"column":8},"end":{"line":83,"column":66}},"43":{"start":{"line":86,"column":6},"end":{"line":86,"column":26}},"44":{"start":{"line":88,"column":6},"end":{"line":90,"column":9}},"45":{"start":{"line":91,"column":6},"end":{"line":91,"column":17}},"46":{"start":{"line":101,"column":4},"end":{"line":101,"column":38}},"47":{"start":{"line":101,"column":29},"end":{"line":101,"column":38}},"48":{"start":{"line":102,"column":4},"end":{"line":102,"column":73}},"49":{"start":{"line":102,"column":41},"end":{"line":102,"column":52}},"50":{"start":{"line":112,"column":4},"end":{"line":112,"column":36}},"51":{"start":{"line":112,"column":27},"end":{"line":112,"column":36}},"52":{"start":{"line":114,"column":31},"end":{"line":114,"column":79}},"53":{"start":{"line":114,"column":53},"end":{"line":114,"column":78}},"54":{"start":{"line":115,"column":21},"end":{"line":115,"column":94}},"55":{"start":{"line":115,"column":63},"end":{"line":115,"column":74}},"56":{"start":{"line":116,"column":4},"end":{"line":116,"column":31}},"57":{"start":{"line":125,"column":4},"end":{"line":125,"column":42}},"58":{"start":{"line":125,"column":31},"end":{"line":125,"column":42}},"59":{"start":{"line":128,"column":24},"end":{"line":128,"column":25}},"60":{"start":{"line":129,"column":23},"end":{"line":129,"column":24}},"61":{"start":{"line":131,"column":4},"end":{"line":140,"column":5}},"62":{"start":{"line":131,"column":17},"end":{"line":131,"column":18}},"63":{"start":{"line":132,"column":22},"end":{"line":132,"column":57}},"64":{"start":{"line":133,"column":26},"end":{"line":133,"column":79}},"65":{"start":{"line":136,"column":31},"end":{"line":136,"column":76}},"66":{"start":{"line":137,"column":6},"end":{"line":139,"column":7}},"67":{"start":{"line":138,"column":8},"end":{"line":138,"column":23}},"68":{"start":{"line":143,"column":32},"end":{"line":143,"column":70}},"69":{"start":{"line":144,"column":29},"end":{"line":144,"column":63}},"70":{"start":{"line":146,"column":4},"end":{"line":146,"column":43}},"71":{"start":{"line":146,"column":32},"end":{"line":146,"column":43}},"72":{"start":{"line":147,"column":4},"end":{"line":147,"column":43}},"73":{"start":{"line":147,"column":32},"end":{"line":147,"column":43}},"74":{"start":{"line":148,"column":4},"end":{"line":148,"column":43}},"75":{"start":{"line":148,"column":32},"end":{"line":148,"column":43}},"76":{"start":{"line":150,"column":4},"end":{"line":150,"column":15}},"77":{"start":{"line":160,"column":4},"end":{"line":160,"column":58}},"78":{"start":{"line":160,"column":45},"end":{"line":160,"column":58}},"79":{"start":{"line":162,"column":22},"end":{"line":162,"column":25}},"80":{"start":{"line":164,"column":4},"end":{"line":169,"column":5}},"81":{"start":{"line":164,"column":17},"end":{"line":164,"column":18}},"82":{"start":{"line":165,"column":20},"end":{"line":165,"column":45}},"83":{"start":{"line":166,"column":6},"end":{"line":168,"column":7}},"84":{"start":{"line":167,"column":8},"end":{"line":167,"column":21}},"85":{"start":{"line":171,"column":4},"end":{"line":171,"column":16}},"86":{"start":{"line":180,"column":4},"end":{"line":180,"column":38}},"87":{"start":{"line":180,"column":27},"end":{"line":180,"column":38}},"88":{"start":{"line":183,"column":23},"end":{"line":183,"column":44}},"89":{"start":{"line":185,"column":4},"end":{"line":188,"column":7}},"90":{"start":{"line":186,"column":19},"end":{"line":186,"column":62}},"91":{"start":{"line":187,"column":6},"end":{"line":187,"column":25}},"92":{"start":{"line":191,"column":24},"end":{"line":191,"column":70}},"93":{"start":{"line":191,"column":53},"end":{"line":191,"column":62}},"94":{"start":{"line":194,"column":4},"end":{"line":196,"column":5}},"95":{"start":{"line":195,"column":6},"end":{"line":195,"column":17}},"96":{"start":{"line":199,"column":28},"end":{"line":199,"column":89}},"97":{"start":{"line":199,"column":74},"end":{"line":199,"column":85}},"98":{"start":{"line":200,"column":23},"end":{"line":200,"column":54}},"99":{"start":{"line":202,"column":4},"end":{"line":204,"column":5}},"100":{"start":{"line":203,"column":6},"end":{"line":203,"column":17}},"101":{"start":{"line":206,"column":4},"end":{"line":206,"column":15}},"102":{"start":{"line":215,"column":4},"end":{"line":215,"column":38}},"103":{"start":{"line":215,"column":27},"end":{"line":215,"column":38}},"104":{"start":{"line":218,"column":54},"end":{"line":218,"column":56}},"105":{"start":{"line":220,"column":4},"end":{"line":223,"column":5}},"106":{"start":{"line":221,"column":26},"end":{"line":221,"column":81}},"107":{"start":{"line":222,"column":6},"end":{"line":222,"column":81}},"108":{"start":{"line":226,"column":25},"end":{"line":226,"column":70}},"109":{"start":{"line":227,"column":27},"end":{"line":227,"column":55}},"110":{"start":{"line":230,"column":28},"end":{"line":230,"column":104}},"111":{"start":{"line":230,"column":48},"end":{"line":230,"column":103}},"112":{"start":{"line":231,"column":29},"end":{"line":231,"column":30}},"113":{"start":{"line":233,"column":4},"end":{"line":244,"column":5}},"114":{"start":{"line":233,"column":17},"end":{"line":233,"column":18}},"115":{"start":{"line":234,"column":20},"end":{"line":234,"column":38}},"116":{"start":{"line":235,"column":20},"end":{"line":235,"column":42}},"117":{"start":{"line":238,"column":27},"end":{"line":238,"column":43}},"118":{"start":{"line":239,"column":27},"end":{"line":239,"column":43}},"119":{"start":{"line":241,"column":6},"end":{"line":243,"column":7}},"120":{"start":{"line":242,"column":8},"end":{"line":242,"column":29}},"121":{"start":{"line":246,"column":24},"end":{"line":246,"column":64}},"122":{"start":{"line":249,"column":4},"end":{"line":251,"column":5}},"123":{"start":{"line":250,"column":6},"end":{"line":250,"column":17}},"124":{"start":{"line":254,"column":4},"end":{"line":256,"column":5}},"125":{"start":{"line":255,"column":6},"end":{"line":255,"column":17}},"126":{"start":{"line":258,"column":4},"end":{"line":258,"column":15}},"127":{"start":{"line":267,"column":4},"end":{"line":267,"column":38}},"128":{"start":{"line":267,"column":27},"end":{"line":267,"column":38}},"129":{"start":{"line":270,"column":78},"end":{"line":270,"column":80}},"130":{"start":{"line":272,"column":4},"end":{"line":285,"column":5}},"131":{"start":{"line":273,"column":19},"end":{"line":273,"column":43}},"132":{"start":{"line":274,"column":17},"end":{"line":274,"column":39}},"133":{"start":{"line":276,"column":6},"end":{"line":278,"column":7}},"134":{"start":{"line":277,"column":8},"end":{"line":277,"column":55}},"135":{"start":{"line":279,"column":6},"end":{"line":281,"column":7}},"136":{"start":{"line":280,"column":8},"end":{"line":280,"column":53}},"137":{"start":{"line":283,"column":6},"end":{"line":283,"column":33}},"138":{"start":{"line":284,"column":6},"end":{"line":284,"column":35}},"139":{"start":{"line":288,"column":27},"end":{"line":288,"column":30}},"140":{"start":{"line":290,"column":4},"end":{"line":307,"column":5}},"141":{"start":{"line":291,"column":28},"end":{"line":291,"column":57}},"142":{"start":{"line":292,"column":28},"end":{"line":292,"column":63}},"143":{"start":{"line":295,"column":6},"end":{"line":306,"column":7}},"144":{"start":{"line":297,"column":29},"end":{"line":297,"column":108}},"145":{"start":{"line":299,"column":8},"end":{"line":305,"column":9}},"146":{"start":{"line":300,"column":10},"end":{"line":300,"column":33}},"147":{"start":{"line":301,"column":15},"end":{"line":305,"column":9}},"148":{"start":{"line":302,"column":10},"end":{"line":302,"column":61}},"149":{"start":{"line":303,"column":15},"end":{"line":305,"column":9}},"150":{"start":{"line":304,"column":10},"end":{"line":304,"column":61}},"151":{"start":{"line":309,"column":4},"end":{"line":309,"column":28}},"152":{"start":{"line":318,"column":4},"end":{"line":318,"column":38}},"153":{"start":{"line":318,"column":27},"end":{"line":318,"column":38}},"154":{"start":{"line":321,"column":19},"end":{"line":330,"column":50}},"155":{"start":{"line":322,"column":23},"end":{"line":322,"column":34}},"156":{"start":{"line":324,"column":8},"end":{"line":328,"column":9}},"157":{"start":{"line":325,"column":10},"end":{"line":325,"column":48}},"158":{"start":{"line":327,"column":10},"end":{"line":327,"column":19}},"159":{"start":{"line":330,"column":23},"end":{"line":330,"column":49}},"160":{"start":{"line":332,"column":4},"end":{"line":332,"column":38}},"161":{"start":{"line":332,"column":27},"end":{"line":332,"column":38}},"162":{"start":{"line":335,"column":21},"end":{"line":335,"column":47}},"163":{"start":{"line":336,"column":25},"end":{"line":336,"column":74}},"164":{"start":{"line":339,"column":35},"end":{"line":339,"column":58}},"165":{"start":{"line":342,"column":27},"end":{"line":342,"column":54}},"166":{"start":{"line":343,"column":30},"end":{"line":343,"column":76}},"167":{"start":{"line":343,"column":53},"end":{"line":343,"column":75}},"168":{"start":{"line":344,"column":23},"end":{"line":344,"column":63}},"169":{"start":{"line":347,"column":27},"end":{"line":347,"column":65}},"170":{"start":{"line":348,"column":30},"end":{"line":348,"column":76}},"171":{"start":{"line":348,"column":53},"end":{"line":348,"column":75}},"172":{"start":{"line":349,"column":23},"end":{"line":349,"column":63}},"173":{"start":{"line":352,"column":4},"end":{"line":354,"column":5}},"174":{"start":{"line":353,"column":6},"end":{"line":353,"column":17}},"175":{"start":{"line":357,"column":4},"end":{"line":359,"column":5}},"176":{"start":{"line":358,"column":6},"end":{"line":358,"column":17}},"177":{"start":{"line":362,"column":4},"end":{"line":364,"column":5}},"178":{"start":{"line":363,"column":6},"end":{"line":363,"column":17}},"179":{"start":{"line":366,"column":4},"end":{"line":366,"column":15}},"180":{"start":{"line":375,"column":4},"end":{"line":375,"column":41}},"181":{"start":{"line":375,"column":30},"end":{"line":375,"column":41}},"182":{"start":{"line":378,"column":24},"end":{"line":378,"column":53}},"183":{"start":{"line":379,"column":25},"end":{"line":379,"column":80}},"184":{"start":{"line":382,"column":35},"end":{"line":382,"column":61}},"185":{"start":{"line":385,"column":24},"end":{"line":385,"column":46}},"186":{"start":{"line":386,"column":24},"end":{"line":386,"column":46}},"187":{"start":{"line":387,"column":26},"end":{"line":387,"column":51}},"188":{"start":{"line":390,"column":4},"end":{"line":392,"column":5}},"189":{"start":{"line":391,"column":6},"end":{"line":391,"column":17}},"190":{"start":{"line":395,"column":4},"end":{"line":397,"column":5}},"191":{"start":{"line":396,"column":6},"end":{"line":396,"column":17}},"192":{"start":{"line":400,"column":28},"end":{"line":400,"column":29}},"193":{"start":{"line":401,"column":4},"end":{"line":406,"column":5}},"194":{"start":{"line":401,"column":17},"end":{"line":401,"column":18}},"195":{"start":{"line":402,"column":20},"end":{"line":402,"column":49}},"196":{"start":{"line":403,"column":6},"end":{"line":405,"column":7}},"197":{"start":{"line":404,"column":8},"end":{"line":404,"column":28}},"198":{"start":{"line":408,"column":30},"end":{"line":408,"column":72}},"199":{"start":{"line":409,"column":4},"end":{"line":411,"column":5}},"200":{"start":{"line":410,"column":6},"end":{"line":410,"column":17}},"201":{"start":{"line":413,"column":4},"end":{"line":413,"column":15}},"202":{"start":{"line":422,"column":4},"end":{"line":422,"column":38}},"203":{"start":{"line":422,"column":27},"end":{"line":422,"column":38}},"204":{"start":{"line":425,"column":53},"end":{"line":425,"column":55}},"205":{"start":{"line":427,"column":4},"end":{"line":434,"column":7}},"206":{"start":{"line":428,"column":6},"end":{"line":430,"column":7}},"207":{"start":{"line":429,"column":8},"end":{"line":429,"column":79}},"208":{"start":{"line":431,"column":6},"end":{"line":433,"column":7}},"209":{"start":{"line":432,"column":8},"end":{"line":432,"column":75}},"210":{"start":{"line":437,"column":24},"end":{"line":437,"column":55}},"211":{"start":{"line":438,"column":25},"end":{"line":438,"column":49}},"212":{"start":{"line":439,"column":25},"end":{"line":439,"column":56}},"213":{"start":{"line":442,"column":25},"end":{"line":442,"column":83}},"214":{"start":{"line":443,"column":35},"end":{"line":443,"column":62}},"215":{"start":{"line":446,"column":18},"end":{"line":446,"column":35}},"216":{"start":{"line":447,"column":26},"end":{"line":447,"column":43}},"217":{"start":{"line":449,"column":4},"end":{"line":458,"column":7}},"218":{"start":{"line":450,"column":6},"end":{"line":457,"column":7}},"219":{"start":{"line":451,"column":21},"end":{"line":451,"column":48}},"220":{"start":{"line":452,"column":8},"end":{"line":456,"column":9}},"221":{"start":{"line":453,"column":10},"end":{"line":453,"column":34}},"222":{"start":{"line":455,"column":10},"end":{"line":455,"column":26}},"223":{"start":{"line":460,"column":26},"end":{"line":460,"column":70}},"224":{"start":{"line":463,"column":21},"end":{"line":463,"column":24}},"225":{"start":{"line":466,"column":4},"end":{"line":468,"column":5}},"226":{"start":{"line":467,"column":6},"end":{"line":467,"column":45}},"227":{"start":{"line":471,"column":4},"end":{"line":473,"column":5}},"228":{"start":{"line":472,"column":6},"end":{"line":472,"column":45}},"229":{"start":{"line":476,"column":4},"end":{"line":478,"column":5}},"230":{"start":{"line":477,"column":6},"end":{"line":477,"column":45}},"231":{"start":{"line":481,"column":4},"end":{"line":481,"column":43}},"232":{"start":{"line":483,"column":4},"end":{"line":483,"column":22}},"233":{"start":{"line":8,"column":0},"end":{"line":8,"column":13}}},"fnMap":{"0":{"name":"(anonymous_0)","decl":{"start":{"line":14,"column":2},"end":{"line":14,"column":8}},"loc":{"start":{"line":14,"column":50},"end":{"line":93,"column":3}}},"1":{"name":"(anonymous_1)","decl":{"start":{"line":22,"column":36},"end":{"line":22,"column":37}},"loc":{"start":{"line":22,"column":47},"end":{"line":22,"column":62}}},"2":{"name":"(anonymous_2)","decl":{"start":{"line":22,"column":69},"end":{"line":22,"column":70}},"loc":{"start":{"line":22,"column":79},"end":{"line":22,"column":84}}},"3":{"name":"(anonymous_3)","decl":{"start":{"line":47,"column":42},"end":{"line":47,"column":43}},"loc":{"start":{"line":47,"column":56},"end":{"line":47,"column":81}}},"4":{"name":"(anonymous_4)","decl":{"start":{"line":100,"column":10},"end":{"line":100,"column":16}},"loc":{"start":{"line":100,"column":47},"end":{"line":103,"column":3}}},"5":{"name":"(anonymous_5)","decl":{"start":{"line":102,"column":25},"end":{"line":102,"column":26}},"loc":{"start":{"line":102,"column":41},"end":{"line":102,"column":52}}},"6":{"name":"(anonymous_6)","decl":{"start":{"line":111,"column":10},"end":{"line":111,"column":16}},"loc":{"start":{"line":111,"column":74},"end":{"line":117,"column":3}}},"7":{"name":"(anonymous_7)","decl":{"start":{"line":114,"column":42},"end":{"line":114,"column":43}},"loc":{"start":{"line":114,"column":53},"end":{"line":114,"column":78}}},"8":{"name":"(anonymous_8)","decl":{"start":{"line":115,"column":47},"end":{"line":115,"column":48}},"loc":{"start":{"line":115,"column":63},"end":{"line":115,"column":74}}},"9":{"name":"(anonymous_9)","decl":{"start":{"line":124,"column":10},"end":{"line":124,"column":16}},"loc":{"start":{"line":124,"column":54},"end":{"line":151,"column":3}}},"10":{"name":"(anonymous_10)","decl":{"start":{"line":159,"column":10},"end":{"line":159,"column":16}},"loc":{"start":{"line":159,"column":74},"end":{"line":172,"column":3}}},"11":{"name":"(anonymous_11)","decl":{"start":{"line":179,"column":10},"end":{"line":179,"column":16}},"loc":{"start":{"line":179,"column":66},"end":{"line":207,"column":3}}},"12":{"name":"(anonymous_12)","decl":{"start":{"line":185,"column":19},"end":{"line":185,"column":20}},"loc":{"start":{"line":185,"column":29},"end":{"line":188,"column":5}}},"13":{"name":"(anonymous_13)","decl":{"start":{"line":191,"column":42},"end":{"line":191,"column":43}},"loc":{"start":{"line":191,"column":53},"end":{"line":191,"column":62}}},"14":{"name":"(anonymous_14)","decl":{"start":{"line":199,"column":58},"end":{"line":199,"column":59}},"loc":{"start":{"line":199,"column":74},"end":{"line":199,"column":85}}},"15":{"name":"(anonymous_15)","decl":{"start":{"line":214,"column":10},"end":{"line":214,"column":16}},"loc":{"start":{"line":214,"column":62},"end":{"line":259,"column":3}}},"16":{"name":"(anonymous_16)","decl":{"start":{"line":230,"column":39},"end":{"line":230,"column":44}},"loc":{"start":{"line":230,"column":48},"end":{"line":230,"column":103}}},"17":{"name":"(anonymous_17)","decl":{"start":{"line":266,"column":10},"end":{"line":266,"column":16}},"loc":{"start":{"line":266,"column":60},"end":{"line":310,"column":3}}},"18":{"name":"(anonymous_18)","decl":{"start":{"line":317,"column":10},"end":{"line":317,"column":16}},"loc":{"start":{"line":317,"column":63},"end":{"line":367,"column":3}}},"19":{"name":"(anonymous_19)","decl":{"start":{"line":322,"column":14},"end":{"line":322,"column":19}},"loc":{"start":{"line":322,"column":23},"end":{"line":322,"column":34}}},"20":{"name":"(anonymous_20)","decl":{"start":{"line":323,"column":11},"end":{"line":323,"column":16}},"loc":{"start":{"line":323,"column":19},"end":{"line":329,"column":7}}},"21":{"name":"(anonymous_21)","decl":{"start":{"line":330,"column":14},"end":{"line":330,"column":19}},"loc":{"start":{"line":330,"column":23},"end":{"line":330,"column":49}}},"22":{"name":"(anonymous_22)","decl":{"start":{"line":343,"column":44},"end":{"line":343,"column":49}},"loc":{"start":{"line":343,"column":53},"end":{"line":343,"column":75}}},"23":{"name":"(anonymous_23)","decl":{"start":{"line":348,"column":44},"end":{"line":348,"column":49}},"loc":{"start":{"line":348,"column":53},"end":{"line":348,"column":75}}},"24":{"name":"(anonymous_24)","decl":{"start":{"line":374,"column":10},"end":{"line":374,"column":16}},"loc":{"start":{"line":374,"column":61},"end":{"line":414,"column":3}}},"25":{"name":"(anonymous_25)","decl":{"start":{"line":421,"column":10},"end":{"line":421,"column":16}},"loc":{"start":{"line":421,"column":62},"end":{"line":484,"column":3}}},"26":{"name":"(anonymous_26)","decl":{"start":{"line":427,"column":19},"end":{"line":427,"column":24}},"loc":{"start":{"line":427,"column":27},"end":{"line":434,"column":5}}},"27":{"name":"(anonymous_27)","decl":{"start":{"line":449,"column":19},"end":{"line":449,"column":24}},"loc":{"start":{"line":449,"column":27},"end":{"line":458,"column":5}}}},"branchMap":{"0":{"loc":{"start":{"line":16,"column":4},"end":{"line":16,"column":38}},"type":"if","locations":[{"start":{"line":16,"column":4},"end":{"line":16,"column":38}}]},"1":{"loc":{"start":{"line":17,"column":4},"end":{"line":17,"column":38}},"type":"if","locations":[{"start":{"line":17,"column":4},"end":{"line":17,"column":38}}]},"2":{"loc":{"start":{"line":18,"column":4},"end":{"line":18,"column":38}},"type":"if","locations":[{"start":{"line":18,"column":4},"end":{"line":18,"column":38}}]},"3":{"loc":{"start":{"line":41,"column":6},"end":{"line":43,"column":7}},"type":"if","locations":[{"start":{"line":41,"column":6},"end":{"line":43,"column":7}}]},"4":{"loc":{"start":{"line":41,"column":10},"end":{"line":41,"column":62}},"type":"binary-expr","locations":[{"start":{"line":41,"column":10},"end":{"line":41,"column":38}},{"start":{"line":41,"column":42},"end":{"line":41,"column":62}}]},"5":{"loc":{"start":{"line":50,"column":6},"end":{"line":52,"column":7}},"type":"if","locations":[{"start":{"line":50,"column":6},"end":{"line":52,"column":7}}]},"6":{"loc":{"start":{"line":50,"column":10},"end":{"line":50,"column":50}},"type":"binary-expr","locations":[{"start":{"line":50,"column":10},"end":{"line":50,"column":26}},{"start":{"line":50,"column":30},"end":{"line":50,"column":50}}]},"7":{"loc":{"start":{"line":79,"column":6},"end":{"line":84,"column":7}},"type":"if","locations":[{"start":{"line":79,"column":6},"end":{"line":84,"column":7}}]},"8":{"loc":{"start":{"line":89,"column":15},"end":{"line":89,"column":69}},"type":"cond-expr","locations":[{"start":{"line":89,"column":40},"end":{"line":89,"column":53}},{"start":{"line":89,"column":56},"end":{"line":89,"column":69}}]},"9":{"loc":{"start":{"line":101,"column":4},"end":{"line":101,"column":38}},"type":"if","locations":[{"start":{"line":101,"column":4},"end":{"line":101,"column":38}}]},"10":{"loc":{"start":{"line":112,"column":4},"end":{"line":112,"column":36}},"type":"if","locations":[{"start":{"line":112,"column":4},"end":{"line":112,"column":36}}]},"11":{"loc":{"start":{"line":125,"column":4},"end":{"line":125,"column":42}},"type":"if","locations":[{"start":{"line":125,"column":4},"end":{"line":125,"column":42}}]},"12":{"loc":{"start":{"line":137,"column":6},"end":{"line":139,"column":7}},"type":"if","locations":[{"start":{"line":137,"column":6},"end":{"line":139,"column":7}}]},"13":{"loc":{"start":{"line":146,"column":4},"end":{"line":146,"column":43}},"type":"if","locations":[{"start":{"line":146,"column":4},"end":{"line":146,"column":43}}]},"14":{"loc":{"start":{"line":147,"column":4},"end":{"line":147,"column":43}},"type":"if","locations":[{"start":{"line":147,"column":4},"end":{"line":147,"column":43}}]},"15":{"loc":{"start":{"line":148,"column":4},"end":{"line":148,"column":43}},"type":"if","locations":[{"start":{"line":148,"column":4},"end":{"line":148,"column":43}}]},"16":{"loc":{"start":{"line":160,"column":4},"end":{"line":160,"column":58}},"type":"if","locations":[{"start":{"line":160,"column":4},"end":{"line":160,"column":58}}]},"17":{"loc":{"start":{"line":166,"column":6},"end":{"line":168,"column":7}},"type":"if","locations":[{"start":{"line":166,"column":6},"end":{"line":168,"column":7}}]},"18":{"loc":{"start":{"line":166,"column":10},"end":{"line":166,"column":56}},"type":"binary-expr","locations":[{"start":{"line":166,"column":10},"end":{"line":166,"column":31}},{"start":{"line":166,"column":35},"end":{"line":166,"column":56}}]},"19":{"loc":{"start":{"line":180,"column":4},"end":{"line":180,"column":38}},"type":"if","locations":[{"start":{"line":180,"column":4},"end":{"line":180,"column":38}}]},"20":{"loc":{"start":{"line":194,"column":4},"end":{"line":196,"column":5}},"type":"if","locations":[{"start":{"line":194,"column":4},"end":{"line":196,"column":5}}]},"21":{"loc":{"start":{"line":194,"column":8},"end":{"line":194,"column":46}},"type":"binary-expr","locations":[{"start":{"line":194,"column":8},"end":{"line":194,"column":24}},{"start":{"line":194,"column":28},"end":{"line":194,"column":46}}]},"22":{"loc":{"start":{"line":202,"column":4},"end":{"line":204,"column":5}},"type":"if","locations":[{"start":{"line":202,"column":4},"end":{"line":204,"column":5}}]},"23":{"loc":{"start":{"line":202,"column":8},"end":{"line":202,"column":45}},"type":"binary-expr","locations":[{"start":{"line":202,"column":8},"end":{"line":202,"column":24}},{"start":{"line":202,"column":28},"end":{"line":202,"column":45}}]},"24":{"loc":{"start":{"line":215,"column":4},"end":{"line":215,"column":38}},"type":"if","locations":[{"start":{"line":215,"column":4},"end":{"line":215,"column":38}}]},"25":{"loc":{"start":{"line":222,"column":40},"end":{"line":222,"column":75}},"type":"binary-expr","locations":[{"start":{"line":222,"column":40},"end":{"line":222,"column":70}},{"start":{"line":222,"column":74},"end":{"line":222,"column":75}}]},"26":{"loc":{"start":{"line":241,"column":6},"end":{"line":243,"column":7}},"type":"if","locations":[{"start":{"line":241,"column":6},"end":{"line":243,"column":7}}]},"27":{"loc":{"start":{"line":241,"column":10},"end":{"line":241,"column":40}},"type":"binary-expr","locations":[{"start":{"line":241,"column":10},"end":{"line":241,"column":23}},{"start":{"line":241,"column":27},"end":{"line":241,"column":40}}]},"28":{"loc":{"start":{"line":249,"column":4},"end":{"line":251,"column":5}},"type":"if","locations":[{"start":{"line":249,"column":4},"end":{"line":251,"column":5}}]},"29":{"loc":{"start":{"line":249,"column":8},"end":{"line":249,"column":49}},"type":"binary-expr","locations":[{"start":{"line":249,"column":8},"end":{"line":249,"column":28}},{"start":{"line":249,"column":32},"end":{"line":249,"column":49}}]},"30":{"loc":{"start":{"line":254,"column":4},"end":{"line":256,"column":5}},"type":"if","locations":[{"start":{"line":254,"column":4},"end":{"line":256,"column":5}}]},"31":{"loc":{"start":{"line":267,"column":4},"end":{"line":267,"column":38}},"type":"if","locations":[{"start":{"line":267,"column":4},"end":{"line":267,"column":38}}]},"32":{"loc":{"start":{"line":276,"column":6},"end":{"line":278,"column":7}},"type":"if","locations":[{"start":{"line":276,"column":6},"end":{"line":278,"column":7}}]},"33":{"loc":{"start":{"line":279,"column":6},"end":{"line":281,"column":7}},"type":"if","locations":[{"start":{"line":279,"column":6},"end":{"line":281,"column":7}}]},"34":{"loc":{"start":{"line":295,"column":6},"end":{"line":306,"column":7}},"type":"if","locations":[{"start":{"line":295,"column":6},"end":{"line":306,"column":7}}]},"35":{"loc":{"start":{"line":295,"column":10},"end":{"line":295,"column":71}},"type":"binary-expr","locations":[{"start":{"line":295,"column":10},"end":{"line":295,"column":25}},{"start":{"line":295,"column":29},"end":{"line":295,"column":48}},{"start":{"line":295,"column":52},"end":{"line":295,"column":71}}]},"36":{"loc":{"start":{"line":299,"column":8},"end":{"line":305,"column":9}},"type":"if","locations":[{"start":{"line":299,"column":8},"end":{"line":305,"column":9}},{"start":{"line":301,"column":15},"end":{"line":305,"column":9}}]},"37":{"loc":{"start":{"line":299,"column":12},"end":{"line":299,"column":51}},"type":"binary-expr","locations":[{"start":{"line":299,"column":12},"end":{"line":299,"column":30}},{"start":{"line":299,"column":34},"end":{"line":299,"column":51}}]},"38":{"loc":{"start":{"line":301,"column":15},"end":{"line":305,"column":9}},"type":"if","locations":[{"start":{"line":301,"column":15},"end":{"line":305,"column":9}},{"start":{"line":303,"column":15},"end":{"line":305,"column":9}}]},"39":{"loc":{"start":{"line":301,"column":19},"end":{"line":301,"column":58}},"type":"binary-expr","locations":[{"start":{"line":301,"column":19},"end":{"line":301,"column":37}},{"start":{"line":301,"column":41},"end":{"line":301,"column":58}}]},"40":{"loc":{"start":{"line":303,"column":15},"end":{"line":305,"column":9}},"type":"if","locations":[{"start":{"line":303,"column":15},"end":{"line":305,"column":9}}]},"41":{"loc":{"start":{"line":318,"column":4},"end":{"line":318,"column":38}},"type":"if","locations":[{"start":{"line":318,"column":4},"end":{"line":318,"column":38}}]},"42":{"loc":{"start":{"line":325,"column":28},"end":{"line":325,"column":46}},"type":"binary-expr","locations":[{"start":{"line":325,"column":28},"end":{"line":325,"column":39}},{"start":{"line":325,"column":43},"end":{"line":325,"column":46}}]},"43":{"loc":{"start":{"line":330,"column":23},"end":{"line":330,"column":49}},"type":"binary-expr","locations":[{"start":{"line":330,"column":23},"end":{"line":330,"column":36}},{"start":{"line":330,"column":40},"end":{"line":330,"column":49}}]},"44":{"loc":{"start":{"line":332,"column":4},"end":{"line":332,"column":38}},"type":"if","locations":[{"start":{"line":332,"column":4},"end":{"line":332,"column":38}}]},"45":{"loc":{"start":{"line":352,"column":4},"end":{"line":354,"column":5}},"type":"if","locations":[{"start":{"line":352,"column":4},"end":{"line":354,"column":5}}]},"46":{"loc":{"start":{"line":357,"column":4},"end":{"line":359,"column":5}},"type":"if","locations":[{"start":{"line":357,"column":4},"end":{"line":359,"column":5}}]},"47":{"loc":{"start":{"line":357,"column":8},"end":{"line":357,"column":45}},"type":"binary-expr","locations":[{"start":{"line":357,"column":8},"end":{"line":357,"column":24}},{"start":{"line":357,"column":28},"end":{"line":357,"column":45}}]},"48":{"loc":{"start":{"line":362,"column":4},"end":{"line":364,"column":5}},"type":"if","locations":[{"start":{"line":362,"column":4},"end":{"line":364,"column":5}}]},"49":{"loc":{"start":{"line":362,"column":8},"end":{"line":362,"column":65}},"type":"binary-expr","locations":[{"start":{"line":362,"column":8},"end":{"line":362,"column":24}},{"start":{"line":362,"column":28},"end":{"line":362,"column":44}},{"start":{"line":362,"column":48},"end":{"line":362,"column":65}}]},"50":{"loc":{"start":{"line":375,"column":4},"end":{"line":375,"column":41}},"type":"if","locations":[{"start":{"line":375,"column":4},"end":{"line":375,"column":41}}]},"51":{"loc":{"start":{"line":390,"column":4},"end":{"line":392,"column":5}},"type":"if","locations":[{"start":{"line":390,"column":4},"end":{"line":392,"column":5}}]},"52":{"loc":{"start":{"line":395,"column":4},"end":{"line":397,"column":5}},"type":"if","locations":[{"start":{"line":395,"column":4},"end":{"line":397,"column":5}}]},"53":{"loc":{"start":{"line":403,"column":6},"end":{"line":405,"column":7}},"type":"if","locations":[{"start":{"line":403,"column":6},"end":{"line":405,"column":7}}]},"54":{"loc":{"start":{"line":403,"column":10},"end":{"line":403,"column":34}},"type":"binary-expr","locations":[{"start":{"line":403,"column":10},"end":{"line":403,"column":19}},{"start":{"line":403,"column":23},"end":{"line":403,"column":34}}]},"55":{"loc":{"start":{"line":409,"column":4},"end":{"line":411,"column":5}},"type":"if","locations":[{"start":{"line":409,"column":4},"end":{"line":411,"column":5}}]},"56":{"loc":{"start":{"line":422,"column":4},"end":{"line":422,"column":38}},"type":"if","locations":[{"start":{"line":422,"column":4},"end":{"line":422,"column":38}}]},"57":{"loc":{"start":{"line":428,"column":6},"end":{"line":430,"column":7}},"type":"if","locations":[{"start":{"line":428,"column":6},"end":{"line":430,"column":7}}]},"58":{"loc":{"start":{"line":429,"column":40},"end":{"line":429,"column":73}},"type":"binary-expr","locations":[{"start":{"line":429,"column":40},"end":{"line":429,"column":68}},{"start":{"line":429,"column":72},"end":{"line":429,"column":73}}]},"59":{"loc":{"start":{"line":431,"column":6},"end":{"line":433,"column":7}},"type":"if","locations":[{"start":{"line":431,"column":6},"end":{"line":433,"column":7}}]},"60":{"loc":{"start":{"line":432,"column":38},"end":{"line":432,"column":69}}
[...]
":300,"column":3}}},"19":{"name":"(anonymous_20)","decl":{"start":{"line":302,"column":2},"end":{"line":302,"column":20}},"loc":{"start":{"line":302,"column":20},"end":{"line":313,"column":3}}},"20":{"name":"(anonymous_21)","decl":{"start":{"line":309,"column":33},"end":{"line":309,"column":34}},"loc":{"start":{"line":309,"column":50},"end":{"line":311,"column":5}}},"21":{"name":"(anonymous_22)","decl":{"start":{"line":315,"column":2},"end":{"line":315,"column":17}},"loc":{"start":{"line":315,"column":33},"end":{"line":317,"column":3}}},"22":{"name":"(anonymous_23)","decl":{"start":{"line":319,"column":2},"end":{"line":319,"column":15}},"loc":{"start":{"line":319,"column":31},"end":{"line":326,"column":3}}},"23":{"name":"(anonymous_24)","decl":{"start":{"line":328,"column":2},"end":{"line":328,"column":19}},"loc":{"start":{"line":328,"column":35},"end":{"line":330,"column":3}}},"24":{"name":"(anonymous_25)","decl":{"start":{"line":332,"column":2},"end":{"line":332,"column":26}},"loc":{"start":{"line":332,"column":26},"end":{"line":336,"column":3}}},"25":{"name":"(anonymous_26)","decl":{"start":{"line":335,"column":24},"end":{"line":335,"column":25}},"loc":{"start":{"line":335,"column":34},"end":{"line":335,"column":39}}},"26":{"name":"(anonymous_27)","decl":{"start":{"line":338,"column":2},"end":{"line":338,"column":7}},"loc":{"start":{"line":338,"column":7},"end":{"line":344,"column":3}}}},"branchMap":{"0":{"loc":{"start":{"line":147,"column":8},"end":{"line":149,"column":9}},"type":"if","locations":[{"start":{"line":147,"column":8},"end":{"line":149,"column":9}}]},"1":{"loc":{"start":{"line":154,"column":4},"end":{"line":156,"column":5}},"type":"if","locations":[{"start":{"line":154,"column":4},"end":{"line":156,"column":5}}]},"2":{"loc":{"start":{"line":163,"column":32},"end":{"line":163,"column":63}},"type":"binary-expr","locations":[{"start":{"line":163,"column":32},"end":{"line":163,"column":58}},{"start":{"line":163,"column":62},"end":{"line":163,"column":63}}]},"3":{"loc":{"start":{"line":168,"column":33},"end":{"line":168,"column":65}},"type":"binary-expr","locations":[{"start":{"line":168,"column":33},"end":{"line":168,"column":60}},{"start":{"line":168,"column":64},"end":{"line":168,"column":65}}]},"4":{"loc":{"start":{"line":172,"column":4},"end":{"line":174,"column":5}},"type":"if","locations":[{"start":{"line":172,"column":4},"end":{"line":174,"column":5}}]},"5":{"loc":{"start":{"line":172,"column":8},"end":{"line":172,"column":37}},"type":"binary-expr","locations":[{"start":{"line":172,"column":8},"end":{"line":172,"column":19}},{"start":{"line":172,"column":23},"end":{"line":172,"column":37}}]},"6":{"loc":{"start":{"line":179,"column":4},"end":{"line":181,"column":5}},"type":"if","locations":[{"start":{"line":179,"column":4},"end":{"line":181,"column":5}}]},"7":{"loc":{"start":{"line":179,"column":8},"end":{"line":179,"column":37}},"type":"binary-expr","locations":[{"start":{"line":179,"column":8},"end":{"line":179,"column":19}},{"start":{"line":179,"column":23},"end":{"line":179,"column":37}}]},"8":{"loc":{"start":{"line":186,"column":4},"end":{"line":188,"column":5}},"type":"if","locations":[{"start":{"line":186,"column":4},"end":{"line":188,"column":5}}]},"9":{"loc":{"start":{"line":186,"column":8},"end":{"line":186,"column":37}},"type":"binary-expr","locations":[{"start":{"line":186,"column":8},"end":{"line":186,"column":19}},{"start":{"line":186,"column":23},"end":{"line":186,"column":37}}]},"10":{"loc":{"start":{"line":193,"column":4},"end":{"line":195,"column":5}},"type":"if","locations":[{"start":{"line":193,"column":4},"end":{"line":195,"column":5}}]},"11":{"loc":{"start":{"line":193,"column":8},"end":{"line":193,"column":37}},"type":"binary-expr","locations":[{"start":{"line":193,"column":8},"end":{"line":193,"column":19}},{"start":{"line":193,"column":23},"end":{"line":193,"column":37}}]},"12":{"loc":{"start":{"line":201,"column":37},"end":{"line":201,"column":73}},"type":"binary-expr","locations":[{"start":{"line":201,"column":37},"end":{"line":201,"column":68}},{"start":{"line":201,"column":72},"end":{"line":201,"column":73}}]},"13":{"loc":{"start":{"line":226,"column":15},"end":{"line":226,"column":71}},"type":"cond-expr","locations":[{"start":{"line":226,"column":40},"end":{"line":226,"column":53}},{"start":{"line":226,"column":56},"end":{"line":226,"column":71}}]},"14":{"loc":{"start":{"line":232,"column":4},"end":{"line":235,"column":5}},"type":"if","locations":[{"start":{"line":232,"column":4},"end":{"line":235,"column":5}}]},"15":{"loc":{"start":{"line":250,"column":6},"end":{"line":253,"column":7}},"type":"if","locations":[{"start":{"line":250,"column":6},"end":{"line":253,"column":7}}]},"16":{"loc":{"start":{"line":261,"column":4},"end":{"line":266,"column":5}},"type":"if","locations":[{"start":{"line":261,"column":4},"end":{"line":266,"column":5}}]},"17":{"loc":{"start":{"line":270,"column":4},"end":{"line":275,"column":5}},"type":"if","locations":[{"start":{"line":270,"column":4},"end":{"line":275,"column":5}}]},"18":{"loc":{"start":{"line":295,"column":11},"end":{"line":295,"column":42}},"type":"binary-expr","locations":[{"start":{"line":295,"column":11},"end":{"line":295,"column":37}},{"start":{"line":295,"column":41},"end":{"line":295,"column":42}}]},"19":{"loc":{"start":{"line":299,"column":11},"end":{"line":299,"column":43}},"type":"binary-expr","locations":[{"start":{"line":299,"column":11},"end":{"line":299,"column":38}},{"start":{"line":299,"column":42},"end":{"line":299,"column":43}}]},"20":{"loc":{"start":{"line":321,"column":4},"end":{"line":325,"column":5}},"type":"if","locations":[{"start":{"line":321,"column":4},"end":{"line":325,"column":5}}]},"21":{"loc":{"start":{"line":329,"column":11},"end":{"line":329,"column":49}},"type":"binary-expr","locations":[{"start":{"line":329,"column":11},"end":{"line":329,"column":44}},{"start":{"line":329,"column":48},"end":{"line":329,"column":49}}]},"22":{"loc":{"start":{"line":334,"column":4},"end":{"line":334,"column":37}},"type":"if","locations":[{"start":{"line":334,"column":4},"end":{"line":334,"column":37}}]}},"s":{"0":0,"1":0,"2":0,"3":0,"4":0,"5":0,"6":0,"7":0,"8":0,"9":0,"10":0,"11":0,"12":0,"13":0,"14":0,"15":0,"16":0,"17":0,"18":0,"19":0,"20":0,"21":0,"22":0,"23":0,"24":0,"25":0,"26":0,"27":0,"28":0,"29":0,"30":0,"31":0,"32":0,"33":0,"34":0,"35":0,"36":0,"37":0,"38":0,"39":0,"40":0,"41":0,"42":0,"43":0,"44":0,"45":0,"46":0,"47":0,"48":0,"49":0,"50":0,"51":0,"52":0,"53":0,"54":0,"55":0,"56":0,"57":0,"58":0,"59":0,"60":0,"61":0,"62":0,"63":0,"64":0,"65":0,"66":0,"67":0,"68":0,"69":0,"70":0,"71":0,"72":0,"73":0,"74":0,"75":0,"76":0,"77":0,"78":0,"79":0,"80":0,"81":0,"82":0,"83":0,"84":0,"85":0,"86":0,"87":0,"88":0,"89":0,"90":0,"91":0,"92":0,"93":0,"94":0,"95":0,"96":0,"97":0,"98":0,"99":0},"f":{"0":0,"1":0,"2":0,"3":0,"4":0,"5":0,"6":0,"7":0,"8":0,"9":0,"10":0,"11":0,"12":0,"13":0,"14":0,"15":0,"16":0,"17":0,"18":0,"19":0,"20":0,"21":0,"22":0,"23":0,"24":0,"25":0,"26":0},"b":{"0":[0],"1":[0],"2":[0,0],"3":[0,0],"4":[0],"5":[0,0],"6":[0],"7":[0,0],"8":[0],"9":[0,0],"10":[0],"11":[0,0],"12":[0,0],"13":[0,0],"14":[0],"15":[0],"16":[0],"17":[0],"18":[0,0],"19":[0,0],"20":[0],"21":[0,0],"22":[0]}}
,"/Users/mastershy/ChainIntelAI/ChainIntelAI/backend/src/profiling/addressProfiler.ts": {"path":"/Users/mastershy/ChainIntelAI/ChainIntelAI/backend/src/profiling/addressProfiler.ts","statementMap":{"0":{"start":{"line":1,"column":0},"end":{"line":1,"column":47}},"1":{"start":{"line":2,"column":0},"end":{"line":2,"column":67}},"2":{"start":{"line":4,"column":15},"end":{"line":8,"column":2}},"3":{"start":{"line":10,"column":13},"end":{"line":33,"column":2}},"4":{"start":{"line":12,"column":4},"end":{"line":31,"column":5}},"5":{"start":{"line":15,"column":18},"end":{"line":15,"column":42}},"6":{"start":{"line":16,"column":6},"end":{"line":27,"column":8}},"7":{"start":{"line":29,"column":6},"end":{"line":29,"column":51}},"8":{"start":{"line":30,"column":6},"end":{"line":30,"column":18}}},"fnMap":{"0":{"name":"(anonymous_0)","decl":{"start":{"line":11,"column":2},"end":{"line":11,"column":7}},"loc":{"start":{"line":11,"column":34},"end":{"line":32,"column":3}}}},"branchMap":{},"s":{"0":0,"1":0,"2":0,"3":0,"4":0,"5":0,"6":0,"7":0,"8":0},"f":{"0":0},"b":{}}
,"/Users/mastershy/ChainIntelAI/ChainIntelAI/backend/src/types/events.ts": {"path":"/Users/mastershy/ChainIntelAI/ChainIntelAI/backend/src/types/events.ts","statementMap":{"0":{"start":{"line":7,"column":0},"end":{"line":7,"column":null}},"1":{"start":{"line":8,"column":2},"end":{"line":8,"column":null}},"2":{"start":{"line":9,"column":2},"end":{"line":9,"column":null}},"3":{"start":{"line":10,"column":2},"end":{"line":10,"column":null}},"4":{"start":{"line":11,"column":2},"end":{"line":11,"column":null}},"5":{"start":{"line":12,"column":2},"end":{"line":12,"column":null}},"6":{"start":{"line":13,"column":2},"end":{"line":13,"column":null}},"7":{"start":{"line":14,"column":2},"end":{"line":14,"column":null}},"8":{"start":{"line":15,"column":2},"end":{"line":15,"column":null}},"9":{"start":{"line":79,"column":0},"end":{"line":79,"column":null}},"10":{"start":{"line":80,"column":2},"end":{"line":80,"column":null}},"11":{"start":{"line":81,"column":2},"end":{"line":81,"column":null}},"12":{"start":{"line":82,"column":2},"end":{"line":82,"column":null}},"13":{"start":{"line":83,"column":2},"end":{"line":83,"column":null}},"14":{"start":{"line":99,"column":0},"end":{"line":99,"column":null}},"15":{"start":{"line":100,"column":2},"end":{"line":100,"column":null}},"16":{"start":{"line":101,"column":2},"end":{"line":101,"column":null}},"17":{"start":{"line":102,"column":2},"end":{"line":102,"column":null}},"18":{"start":{"line":103,"column":2},"end":{"line":103,"column":null}}},"fnMap":{"0":{"name":"(anonymous_0)","decl":{"start":{"line":7,"column":0},"end":{"line":7,"column":12}},"loc":{"start":{"line":7,"column":21},"end":{"line":16,"column":1}}},"1":{"name":"(anonymous_1)","decl":{"start":{"line":79,"column":0},"end":{"line":79,"column":12}},"loc":{"start":{"line":79,"column":21},"end":{"line":84,"column":1}}},"2":{"name":"(anonymous_2)","decl":{"start":{"line":99,"column":0},"end":{"line":99,"column":12}},"loc":{"start":{"line":99,"column":23},"end":{"line":104,"column":1}}}},"branchMap":{"0":{"loc":{"start":{"line":7,"column":12},"end":{"line":7,"column":null}},"type":"binary-expr","locations":[{"start":{"line":7,"column":12},"end":{"line":7,"column":21}},{"start":{"line":7,"column":21},"end":{"line":7,"column":null}}]},"1":{"loc":{"start":{"line":79,"column":12},"end":{"line":79,"column":null}},"type":"binary-expr","locations":[{"start":{"line":79,"column":12},"end":{"line":79,"column":21}},{"start":{"line":79,"column":21},"end":{"line":79,"column":null}}]},"2":{"loc":{"start":{"line":99,"column":12},"end":{"line":99,"column":null}},"type":"binary-expr","locations":[{"start":{"line":99,"column":12},"end":{"line":99,"column":23}},{"start":{"line":99,"column":23},"end":{"line":99,"column":null}}]}},"s":{"0":1,"1":1,"2":1,"3":1,"4":1,"5":1,"6":1,"7":1,"8":1,"9":1,"10":1,"11":1,"12":1,"13":1,"14":1,"15":1,"16":1,"17":1,"18":1},"f":{"0":1,"1":1,"2":1},"b":{"0":[1,1],"1":[1,1],"2":[1,1]}}
,"/Users/mastershy/ChainIntelAI/ChainIntelAI/backend/src/types/profile.ts": {"path":"/Users/mastershy/ChainIntelAI/ChainIntelAI/backend/src/types/profile.ts","statementMap":{"0":{"start":{"line":1,"column":0},"end":{"line":1,"column":null}},"1":{"start":{"line":2,"column":2},"end":{"line":2,"column":null}},"2":{"start":{"line":3,"column":2},"end":{"line":3,"column":null}},"3":{"start":{"line":4,"column":2},"end":{"line":4,"column":null}},"4":{"start":{"line":5,"column":2},"end":{"line":5,"column":null}},"5":{"start":{"line":6,"column":2},"end":{"line":6,"column":null}},"6":{"start":{"line":7,"column":2},"end":{"line":7,"column":null}},"7":{"start":{"line":8,"column":2},"end":{"line":8,"column":null}}},"fnMap":{"0":{"name":"(anonymous_0)","decl":{"start":{"line":1,"column":0},"end":{"line":1,"column":12}},"loc":{"start":{"line":1,"column":27},"end":{"line":9,"column":1}}}},"branchMap":{"0":{"loc":{"start":{"line":1,"column":12},"end":{"line":1,"column":null}},"type":"binary-expr","locations":[{"start":{"line":1,"column":12},"end":{"line":1,"column":27}},{"start":{"line":1,"column":27},"end":{"line":1,"column":null}}]}},"s":{"0":0,"1":0,"2":0,"3":0,"4":0,"5":0,"6":0,"7":0},"f":{"0":0},"b":{"0":[0,0]}}
,"/Users/mastershy/ChainIntelAI/ChainIntelAI/backend/src/types/riskAnalysis.ts": {"path":"/Users/mastershy/ChainIntelAI/ChainIntelAI/backend/src/types/riskAnalysis.ts","statementMap":{"0":{"start":{"line":1,"column":0},"end":{"line":1,"column":9}},"1":{"start":{"line":3,"column":9},"end":{"line":1,"column":51}}},"fnMap":{"0":{"name":"(anonymous_0)","decl":{"start":{"line":3,"column":9},"end":{"line":3,"column":18}},"loc":{"start":{"line":3,"column":9},"end":{"line":1,"column":51}}}},"branchMap":{},"s":{"0":0,"1":0},"f":{"0":0},"b":{}}
,"/Users/mastershy/ChainIntelAI/ChainIntelAI/backend/src/utils/logger.ts": {"path":"/Users/mastershy/ChainIntelAI/ChainIntelAI/backend/src/utils/logger.ts","statementMap":{"0":{"start":{"line":36,"column":4},"end":{"line":36,"column":22}},"1":{"start":{"line":37,"column":4},"end":{"line":37,"column":29}},"2":{"start":{"line":41,"column":4},"end":{"line":41,"column":97}},"3":{"start":{"line":45,"column":4},"end":{"line":45,"column":100}},"4":{"start":{"line":49,"column":4},"end":{"line":49,"column":98}},"5":{"start":{"line":53,"column":4},"end":{"line":53,"column":100}},"6":{"start":{"line":57,"column":4},"end":{"line":57,"column":24}},"7":{"start":{"line":61,"column":4},"end":{"line":61,"column":27}},"8":{"start":{"line":65,"column":4},"end":{"line":65,"column":34}},"9":{"start":{"line":69,"column":4},"end":{"line":69,"column":67}},"10":{"start":{"line":31,"column":0},"end":{"line":31,"column":13}},"11":{"start":{"line":73,"column":13},"end":{"line":73,"column":35}},"12":{"start":{"line":81,"column":4},"end":{"line":81,"column":26}},"13":{"start":{"line":82,"column":4},"end":{"line":82,"column":22}},"14":{"start":{"line":83,"column":4},"end":{"line":83,"column":29}},"15":{"start":{"line":87,"column":4},"end":{"line":87,"column":90}},"16":{"start":{"line":91,"column":4},"end":{"line":91,"column":91}},"17":{"start":{"line":95,"column":4},"end":{"line":95,"column":90}},"18":{"start":{"line":99,"column":4},"end":{"line":99,"column":91}},"19":{"start":{"line":103,"column":4},"end":{"line":103,"column":24}},"20":{"start":{"line":107,"column":4},"end":{"line":107,"column":27}},"21":{"start":{"line":111,"column":4},"end":{"line":111,"column":34}},"22":{"start":{"line":115,"column":4},"end":{"line":115,"column":67}},"23":{"start":{"line":75,"column":0},"end":{"line":75,"column":13}},"24":{"start":{"line":119,"column":28},"end":{"line":121,"column":1}},"25":{"start":{"line":120,"column":2},"end":{"line":120,"column":22}},"26":{"start":{"line":119,"column":13},"end":{"line":119,"column":28}}},"fnMap":{"0":{"name":"(anonymous_0)","decl":{"start":{"line":35,"column":2},"end":{"line":35,"column":null}},"loc":{"start":{"line":35,"column":2},"end":{"line":38,"column":3}}},"1":{"name":"(anonymous_1)","decl":{"start":{"line":40,"column":2},"end":{"line":40,"column":6}},"loc":{"start":{"line":40,"column":57},"end":{"line":42,"column":3}}},"2":{"name":"(anonymous_2)","decl":{"start":{"line":44,"column":2},"end":{"line":44,"column":7}},"loc":{"start":{"line":44,"column":58},"end":{"line":46,"column":3}}},"3":{"name":"(anonymous_3)","decl":{"start":{"line":48,"column":2},"end":{"line":48,"column":6}},"loc":{"start":{"line":48,"column":57},"end":{"line":50,"column":3}}},"4":{"name":"(anonymous_4)","decl":{"start":{"line":52,"column":2},"end":{"line":52,"column":7}},"loc":{"start":{"line":52,"column":58},"end":{"line":54,"column":3}}},"5":{"name":"(anonymous_5)","decl":{"start":{"line":56,"column":2},"end":{"line":56,"column":12}},"loc":{"start":{"line":56,"column":12},"end":{"line":58,"column":3}}},"6":{"name":"(anonymous_6)","decl":{"start":{"line":60,"column":2},"end":{"line":60,"column":12}},"loc":{"start":{"line":60,"column":28},"end":{"line":62,"column":3}}},"7":{"name":"(anonymous_7)","decl":{"start":{"line":64,"column":2},"end":{"line":64,"column":19}},"loc":{"start":{"line":64,"column":52},"end":{"line":66,"column":3}}},"8":{"name":"(anonymous_8)","decl":{"start":{"line":68,"column":10},"end":{"line":68,"column":23}},"loc":{"start":{"line":68,"column":39},"end":{"line":70,"column":3}}},"9":{"name":"(anonymous_9)","decl":{"start":{"line":80,"column":2},"end":{"line":80,"column":null}},"loc":{"start":{"line":80,"column":2},"end":{"line":84,"column":3}}},"10":{"name":"(anonymous_10)","decl":{"start":{"line":86,"column":2},"end":{"line":86,"column":6}},"loc":{"start":{"line":86,"column":57},"end":{"line":88,"column":3}}},"11":{"name":"(anonymous_11)","decl":{"start":{"line":90,"column":2},"end":{"line":90,"column":7}},"loc":{"start":{"line":90,"column":58},"end":{"line":92,"column":3}}},"12":{"name":"(anonymous_12)","decl":{"start":{"line":94,"column":2},"end":{"line":94,"column":6}},"loc":{"start":{"line":94,"column":57},"end":{"line":96,"column":3}}},"13":{"name":"(anonymous_13)","decl":{"start":{"line":98,"column":2},"end":{"line":98,"column":7}},"loc":{"start":{"line":98,"column":58},"end":{"line":100,"column":3}}},"14":{"name":"(anonymous_14)","decl":{"start":{"line":102,"column":2},"end":{"line":102,"column":12}},"loc":{"start":{"line":102,"column":12},"end":{"line":104,"column":3}}},"15":{"name":"(anonymous_15)","decl":{"start":{"line":106,"column":2},"end":{"line":106,"column":12}},"loc":{"start":{"line":106,"column":28},"end":{"line":108,"column":3}}},"16":{"name":"(anonymous_16)","decl":{"start":{"line":110,"column":2},"end":{"line":110,"column":19}},"loc":{"start":{"line":110,"column":52},"end":{"line":112,"column":3}}},"17":{"name":"(anonymous_17)","decl":{"start":{"line":114,"column":10},"end":{"line":114,"column":23}},"loc":{"start":{"line":114,"column":39},"end":{"line":116,"column":3}}},"18":{"name":"(anonymous_18)","decl":{"start":{"line":119,"column":28},"end":{"line":119,"column":29}},"loc":{"start":{"line":119,"column":62},"end":{"line":121,"column":1}}}},"branchMap":{"0":{"loc":{"start":{"line":69,"column":11},"end":{"line":69,"column":66}},"type":"cond-expr","locations":[{"start":{"line":69,"column":26},"end":{"line":69,"column":56}},{"start":{"line":69,"column":59},"end":{"line":69,"column":66}}]},"1":{"loc":{"start":{"line":115,"column":11},"end":{"line":115,"column":66}},"type":"cond-expr","locations":[{"start":{"line":115,"column":26},"end":{"line":115,"column":56}},{"start":{"line":115,"column":59},"end":{"line":115,"column":66}}]}},"s":{"0":0,"1":0,"2":0,"3":0,"4":0,"5":0,"6":0,"7":0,"8":0,"9":0,"10":0,"11":0,"12":0,"13":0,"14":0,"15":0,"16":0,"17":0,"18":0,"19":0,"20":0,"21":0,"22":0,"23":0,"24":0,"25":0,"26":0},"f":{"0":0,"1":0,"2":0,"3":0,"4":0,"5":0,"6":0,"7":0,"8":0,"9":0,"10":0,"11":0,"12":0,"13":0,"14":0,"15":0,"16":0,"17":0,"18":0},"b":{"0":[0,0],"1":[0,0]}}
,"/Users/mastershy/ChainIntelAI/ChainIntelAI/backend/src/utils/traceId.ts": {"path":"/Users/mastershy/ChainIntelAI/ChainIntelAI/backend/src/utils/traceId.ts","statementMap":{"0":{"start":{"line":3,"column":0},"end":{"line":3,"column":16}},"1":{"start":{"line":7,"column":0},"end":{"line":7,"column":16}},"2":{"start":{"line":1,"column":0},"end":{"line":1,"column":37}},"3":{"start":{"line":4,"column":2},"end":{"line":4,"column":41}},"4":{"start":{"line":8,"column":2},"end":{"line":8,"column":40}}},"fnMap":{"0":{"name":"generateTraceId","decl":{"start":{"line":3,"column":16},"end":{"line":3,"column":31}},"loc":{"start":{"line":3,"column":31},"end":{"line":5,"column":1}}},"1":{"name":"isValidTraceId","decl":{"start":{"line":7,"column":16},"end":{"line":7,"column":30}},"loc":{"start":{"line":7,"column":46},"end":{"line":9,"column":1}}}},"branchMap":{},"s":{"0":0,"1":0,"2":0,"3":0,"4":0},"f":{"0":0,"1":0},"b":{}}
}
