{"/Users/mastershy/ChainIntelAI/ChainIntelAI/backend/src/analyzer/MEVDetector.ts": {"path":"/Users/mastershy/ChainIntelAI/ChainIntelAI/backend/src/analyzer/MEVDetector.ts","statementMap":{"0":{"start":{"line":1,"column":0},"end":{"line":1,"column":61}},"1":{"start":{"line":2,"column":0},"end":{"line":2,"column":41}},"2":{"start":{"line":32,"column":4},"end":{"line":74,"column":5}},"3":{"start":{"line":34,"column":6},"end":{"line":40,"column":7}},"4":{"start":{"line":35,"column":8},"end":{"line":38,"column":11}},"5":{"start":{"line":39,"column":8},"end":{"line":39,"column":20}},"6":{"start":{"line":43,"column":6},"end":{"line":49,"column":7}},"7":{"start":{"line":44,"column":8},"end":{"line":47,"column":11}},"8":{"start":{"line":48,"column":8},"end":{"line":48,"column":20}},"9":{"start":{"line":52,"column":6},"end":{"line":57,"column":7}},"10":{"start":{"line":53,"column":8},"end":{"line":55,"column":11}},"11":{"start":{"line":56,"column":8},"end":{"line":56,"column":20}},"12":{"start":{"line":60,"column":6},"end":{"line":65,"column":7}},"13":{"start":{"line":61,"column":8},"end":{"line":63,"column":11}},"14":{"start":{"line":64,"column":8},"end":{"line":64,"column":20}},"15":{"start":{"line":67,"column":6},"end":{"line":67,"column":19}},"16":{"start":{"line":69,"column":6},"end":{"line":72,"column":9}},"17":{"start":{"line":73,"column":6},"end":{"line":73,"column":19}},"18":{"start":{"line":83,"column":4},"end":{"line":85,"column":6}},"19":{"start":{"line":84,"column":6},"end":{"line":84,"column":49}},"20":{"start":{"line":94,"column":4},"end":{"line":96,"column":6}},"21":{"start":{"line":95,"column":6},"end":{"line":95,"column":58}},"22":{"start":{"line":107,"column":4},"end":{"line":107,"column":62}},"23":{"start":{"line":107,"column":49},"end":{"line":107,"column":62}},"24":{"start":{"line":109,"column":4},"end":{"line":138,"column":5}},"25":{"start":{"line":111,"column":27},"end":{"line":111,"column":93}},"26":{"start":{"line":111,"column":67},"end":{"line":111,"column":92}},"27":{"start":{"line":114,"column":6},"end":{"line":133,"column":7}},"28":{"start":{"line":114,"column":19},"end":{"line":114,"column":20}},"29":{"start":{"line":115,"column":23},"end":{"line":115,"column":40}},"30":{"start":{"line":116,"column":23},"end":{"line":116,"column":38}},"31":{"start":{"line":117,"column":22},"end":{"line":117,"column":39}},"32":{"start":{"line":120,"column":8},"end":{"line":132,"column":9}},"33":{"start":{"line":126,"column":35},"end":{"line":126,"column":70}},"34":{"start":{"line":127,"column":34},"end":{"line":127,"column":68}},"35":{"start":{"line":129,"column":10},"end":{"line":131,"column":11}},"36":{"start":{"line":130,"column":12},"end":{"line":130,"column":24}},"37":{"start":{"line":135,"column":6},"end":{"line":135,"column":19}},"38":{"start":{"line":137,"column":6},"end":{"line":137,"column":19}},"39":{"start":{"line":148,"column":4},"end":{"line":148,"column":46}},"40":{"start":{"line":148,"column":33},"end":{"line":148,"column":46}},"41":{"start":{"line":151,"column":25},"end":{"line":151,"column":72}},"42":{"start":{"line":151,"column":50},"end":{"line":151,"column":71}},"43":{"start":{"line":154,"column":4},"end":{"line":165,"column":5}},"44":{"start":{"line":156,"column":27},"end":{"line":156,"column":81}},"45":{"start":{"line":156,"column":55},"end":{"line":156,"column":80}},"46":{"start":{"line":159,"column":23},"end":{"line":159,"column":98}},"47":{"start":{"line":162,"column":6},"end":{"line":164,"column":7}},"48":{"start":{"line":163,"column":8},"end":{"line":163,"column":20}},"49":{"start":{"line":167,"column":4},"end":{"line":167,"column":17}},"50":{"start":{"line":8,"column":0},"end":{"line":8,"column":13}},"51":{"start":{"line":10,"column":17},"end":{"line":16,"column":4}},"52":{"start":{"line":19,"column":17},"end":{"line":23,"column":4}}},"fnMap":{"0":{"name":"(anonymous_0)","decl":{"start":{"line":31,"column":2},"end":{"line":31,"column":8}},"loc":{"start":{"line":31,"column":77},"end":{"line":75,"column":3}}},"1":{"name":"(anonymous_1)","decl":{"start":{"line":82,"column":10},"end":{"line":82,"column":16}},"loc":{"start":{"line":82,"column":46},"end":{"line":86,"column":3}}},"2":{"name":"(anonymous_2)","decl":{"start":{"line":83,"column":36},"end":{"line":83,"column":39}},"loc":{"start":{"line":84,"column":6},"end":{"line":84,"column":49}}},"3":{"name":"(anonymous_3)","decl":{"start":{"line":93,"column":10},"end":{"line":93,"column":16}},"loc":{"start":{"line":93,"column":47},"end":{"line":97,"column":3}}},"4":{"name":"(anonymous_4)","decl":{"start":{"line":94,"column":43},"end":{"line":94,"column":46}},"loc":{"start":{"line":95,"column":6},"end":{"line":95,"column":58}}},"5":{"name":"(anonymous_5)","decl":{"start":{"line":106,"column":10},"end":{"line":106,"column":16}},"loc":{"start":{"line":106,"column":94},"end":{"line":139,"column":3}}},"6":{"name":"(anonymous_6)","decl":{"start":{"line":111,"column":57},"end":{"line":111,"column":58}},"loc":{"start":{"line":111,"column":67},"end":{"line":111,"column":92}}},"7":{"name":"(anonymous_7)","decl":{"start":{"line":147,"column":10},"end":{"line":147,"column":16}},"loc":{"start":{"line":147,"column":99},"end":{"line":168,"column":3}}},"8":{"name":"(anonymous_8)","decl":{"start":{"line":151,"column":45},"end":{"line":151,"column":46}},"loc":{"start":{"line":151,"column":50},"end":{"line":151,"column":71}}},"9":{"name":"(anonymous_9)","decl":{"start":{"line":156,"column":45},"end":{"line":156,"column":46}},"loc":{"start":{"line":156,"column":55},"end":{"line":156,"column":80}}}},"branchMap":{"0":{"loc":{"start":{"line":34,"column":6},"end":{"line":40,"column":7}},"type":"if","locations":[{"start":{"line":34,"column":6},"end":{"line":40,"column":7}}]},"1":{"loc":{"start":{"line":43,"column":6},"end":{"line":49,"column":7}},"type":"if","locations":[{"start":{"line":43,"column":6},"end":{"line":49,"column":7}}]},"2":{"loc":{"start":{"line":43,"column":10},"end":{"line":43,"column":64}},"type":"binary-expr","locations":[{"start":{"line":43,"column":10},"end":{"line":43,"column":26}},{"start":{"line":43,"column":30},"end":{"line":43,"column":64}}]},"3":{"loc":{"start":{"line":52,"column":6},"end":{"line":57,"column":7}},"type":"if","locations":[{"start":{"line":52,"column":6},"end":{"line":57,"column":7}}]},"4":{"loc":{"start":{"line":52,"column":10},"end":{"line":52,"column":85}},"type":"binary-expr","locations":[{"start":{"line":52,"column":10},"end":{"line":52,"column":34}},{"start":{"line":52,"column":38},"end":{"line":52,"column":85}}]},"5":{"loc":{"start":{"line":60,"column":6},"end":{"line":65,"column":7}},"type":"if","locations":[{"start":{"line":60,"column":6},"end":{"line":65,"column":7}}]},"6":{"loc":{"start":{"line":71,"column":15},"end":{"line":71,"column":69}},"type":"cond-expr","locations":[{"start":{"line":71,"column":40},"end":{"line":71,"column":53}},{"start":{"line":71,"column":56},"end":{"line":71,"column":69}}]},"7":{"loc":{"start":{"line":107,"column":4},"end":{"line":107,"column":62}},"type":"if","locations":[{"start":{"line":107,"column":4},"end":{"line":107,"column":62}}]},"8":{"loc":{"start":{"line":107,"column":8},"end":{"line":107,"column":47}},"type":"binary-expr","locations":[{"start":{"line":107,"column":8},"end":{"line":107,"column":20}},{"start":{"line":107,"column":24},"end":{"line":107,"column":47}}]},"9":{"loc":{"start":{"line":120,"column":8},"end":{"line":132,"column":9}},"type":"if","locations":[{"start":{"line":120,"column":8},"end":{"line":132,"column":9}}]},"10":{"loc":{"start":{"line":120,"column":12},"end":{"line":123,"column":50}},"type":"binary-expr","locations":[{"start":{"line":120,"column":12},"end":{"line":120,"column":38}},{"start":{"line":121,"column":12},"end":{"line":121,"column":39}},{"start":{"line":122,"column":12},"end":{"line":122,"column":51}},{"start":{"line":123,"column":12},"end":{"line":123,"column":50}}]},"11":{"loc":{"start":{"line":129,"column":10},"end":{"line":131,"column":11}},"type":"if","locations":[{"start":{"line":129,"column":10},"end":{"line":131,"column":11}}]},"12":{"loc":{"start":{"line":129,"column":14},"end":{"line":129,"column":59}},"type":"binary-expr","locations":[{"start":{"line":129,"column":14},"end":{"line":129,"column":35}},{"start":{"line":129,"column":39},"end":{"line":129,"column":59}}]},"13":{"loc":{"start":{"line":148,"column":4},"end":{"line":148,"column":46}},"type":"if","locations":[{"start":{"line":148,"column":4},"end":{"line":148,"column":46}}]},"14":{"loc":{"start":{"line":154,"column":4},"end":{"line":165,"column":5}},"type":"if","locations":[{"start":{"line":154,"column":4},"end":{"line":165,"column":5}}]},"15":{"loc":{"start":{"line":162,"column":6},"end":{"line":164,"column":7}},"type":"if","locations":[{"start":{"line":162,"column":6},"end":{"line":164,"column":7}}]},"16":{"loc":{"start":{"line":162,"column":10},"end":{"line":162,"column":52}},"type":"binary-expr","locations":[{"start":{"line":162,"column":10},"end":{"line":162,"column":24}},{"start":{"line":162,"column":28},"end":{"line":162,"column":52}}]}},"s":{"0":3,"1":3,"2":0,"3":0,"4":0,"5":0,"6":0,"7":0,"8":0,"9":0,"10":0,"11":0,"12":0,"13":0,"14":0,"15":0,"16":0,"17":0,"18":0,"19":0,"20":0,"21":0,"22":0,"23":0,"24":0,"25":0,"26":0,"27":0,"28":0,"29":0,"30":0,"31":0,"32":0,"33":0,"34":0,"35":0,"36":0,"37":0,"38":0,"39":0,"40":0,"41":0,"42":0,"43":0,"44":0,"45":0,"46":0,"47":0,"48":0,"49":0,"50":3,"51":3,"52":3},"f":{"0":0,"1":0,"2":0,"3":0,"4":0,"5":0,"6":0,"7":0,"8":0,"9":0},"b":{"0":[0],"1":[0],"2":[0,0],"3":[0],"4":[0,0],"5":[0],"6":[0,0],"7":[0],"8":[0,0],"9":[0],"10":[0,0,0,0],"11":[0],"12":[0,0],"13":[0],"14":[0],"15":[0],"16":[0,0]}}
,"/Users/mastershy/ChainIntelAI/ChainIntelAI/backend/src/analyzer/MLModel.ts": {"path":"/Users/mastershy/ChainIntelAI/ChainIntelAI/backend/src/analyzer/MLModel.ts","statementMap":{"0":{"start":{"line":1,"column":0},"end":{"line":1,"column":61}},"1":{"start":{"line":2,"column":0},"end":{"line":2,"column":70}},"2":{"start":{"line":3,"column":0},"end":{"line":3,"column":60}},"3":{"start":{"line":4,"column":0},"end":{"line":4,"column":41}},"4":{"start":{"line":24,"column":4},"end":{"line":99,"column":5}},"5":{"start":{"line":25,"column":6},"end":{"line":28,"column":9}},"6":{"start":{"line":31,"column":27},"end":{"line":31,"column":68}},"7":{"start":{"line":34,"column":31},"end":{"line":34,"column":68}},"8":{"start":{"line":37,"column":31},"end":{"line":37,"column":62}},"9":{"start":{"line":40,"column":32},"end":{"line":40,"column":64}},"10":{"start":{"line":44,"column":8},"end":{"line":47,"column":32}},"11":{"start":{"line":51,"column":20},"end":{"line":51,"column":55}},"12":{"start":{"line":54,"column":22},"end":{"line":57,"column":8}},"13":{"start":{"line":60,"column":6},"end":{"line":62,"column":7}},"14":{"start":{"line":61,"column":8},"end":{"line":61,"column":46}},"15":{"start":{"line":65,"column":6},"end":{"line":67,"column":7}},"16":{"start":{"line":66,"column":8},"end":{"line":66,"column":46}},"17":{"start":{"line":70,"column":25},"end":{"line":70,"column":106}},"18":{"start":{"line":72,"column":6},"end":{"line":78,"column":9}},"19":{"start":{"line":80,"column":6},"end":{"line":85,"column":8}},"20":{"start":{"line":87,"column":6},"end":{"line":90,"column":9}},"21":{"start":{"line":93,"column":6},"end":{"line":98,"column":8}},"22":{"start":{"line":108,"column":4},"end":{"line":185,"column":5}},"23":{"start":{"line":110,"column":26},"end":{"line":110,"column":75}},"24":{"start":{"line":113,"column":24},"end":{"line":113,"column":71}},"25":{"start":{"line":115,"column":32},"end":{"line":115,"column":34}},"26":{"start":{"line":116,"column":18},"end":{"line":116,"column":21}},"27":{"start":{"line":119,"column":6},"end":{"line":142,"column":7}},"28":{"start":{"line":121,"column":8},"end":{"line":121,"column":45}},"29":{"start":{"line":124,"column":30},"end":{"line":124,"column":61}},"30":{"start":{"line":125,"column":20},"end":{"line":125,"column":30}},"31":{"start":{"line":126,"column":31},"end":{"line":126,"column":96}},"32":{"start":{"line":128,"column":8},"end":{"line":131,"column":9}},"33":{"start":{"line":129,"column":10},"end":{"line":129,"column":23}},"34":{"start":{"line":130,"column":10},"end":{"line":130,"column":38}},"35":{"start":{"line":134,"column":8},"end":{"line":137,"column":9}},"36":{"start":{"line":134,"column":41},"end":{"line":134,"column":90}},"37":{"start":{"line":135,"column":10},"end":{"line":135,"column":23}},"38":{"start":{"line":136,"column":10},"end":{"line":136,"column":46}},"39":{"start":{"line":140,"column":8},"end":{"line":140,"column":21}},"40":{"start":{"line":141,"column":8},"end":{"line":141,"column":39}},"41":{"start":{"line":145,"column":6},"end":{"line":164,"column":7}},"42":{"start":{"line":147,"column":8},"end":{"line":147,"column":43}},"43":{"start":{"line":150,"column":8},"end":{"line":153,"column":9}},"44":{"start":{"line":150,"column":39},"end":{"line":150,"column":88}},"45":{"start":{"line":151,"column":10},"end":{"line":151,"column":23}},"46":{"start":{"line":152,"column":10},"end":{"line":152,"column":48}},"47":{"start":{"line":156,"column":8},"end":{"line":159,"column":9}},"48":{"start":{"line":156,"column":39},"end":{"line":156,"column":60}},"49":{"start":{"line":157,"column":10},"end":{"line":157,"column":23}},"50":{"start":{"line":158,"column":10},"end":{"line":158,"column":44}},"51":{"start":{"line":162,"column":8},"end":{"line":162,"column":21}},"52":{"start":{"line":163,"column":8},"end":{"line":163,"column":42}},"53":{"start":{"line":167,"column":30},"end":{"line":167,"column":48}},"54":{"start":{"line":169,"column":6},"end":{"line":173,"column":8}},"55":{"start":{"line":175,"column":6},"end":{"line":178,"column":9}},"56":{"start":{"line":180,"column":6},"end":{"line":184,"column":8}},"57":{"start":{"line":194,"column":28},"end":{"line":194,"column":60}},"58":{"start":{"line":195,"column":17},"end":{"line":195,"column":43}},"59":{"start":{"line":198,"column":4},"end":{"line":200,"column":5}},"60":{"start":{"line":199,"column":6},"end":{"line":199,"column":17}},"61":{"start":{"line":203,"column":4},"end":{"line":203,"column":15}},"62":{"start":{"line":212,"column":4},"end":{"line":212,"column":33}},"63":{"start":{"line":212,"column":22},"end":{"line":212,"column":33}},"64":{"start":{"line":214,"column":4},"end":{"line":237,"column":5}},"65":{"start":{"line":215,"column":20},"end":{"line":215,"column":39}},"66":{"start":{"line":218,"column":6},"end":{"line":220,"column":7}},"67":{"start":{"line":219,"column":8},"end":{"line":219,"column":19}},"68":{"start":{"line":223,"column":6},"end":{"line":225,"column":7}},"69":{"start":{"line":224,"column":8},"end":{"line":224,"column":19}},"70":{"start":{"line":228,"column":6},"end":{"line":230,"column":7}},"71":{"start":{"line":229,"column":8},"end":{"line":229,"column":19}},"72":{"start":{"line":233,"column":6},"end":{"line":233,"column":17}},"73":{"start":{"line":236,"column":6},"end":{"line":236,"column":17}},"74":{"start":{"line":246,"column":4},"end":{"line":246,"column":48}},"75":{"start":{"line":246,"column":22},"end":{"line":246,"column":48}},"76":{"start":{"line":247,"column":4},"end":{"line":247,"column":44}},"77":{"start":{"line":247,"column":22},"end":{"line":247,"column":44}},"78":{"start":{"line":248,"column":4},"end":{"line":248,"column":46}},"79":{"start":{"line":248,"column":22},"end":{"line":248,"column":46}},"80":{"start":{"line":249,"column":4},"end":{"line":249,"column":25}},"81":{"start":{"line":17,"column":0},"end":{"line":17,"column":13}}},"fnMap":{"0":{"name":"(anonymous_0)","decl":{"start":{"line":23,"column":2},"end":{"line":23,"column":8}},"loc":{"start":{"line":23,"column":49},"end":{"line":100,"column":3}}},"1":{"name":"(anonymous_1)","decl":{"start":{"line":107,"column":10},"end":{"line":107,"column":16}},"loc":{"start":{"line":107,"column":65},"end":{"line":186,"column":3}}},"2":{"name":"(anonymous_2)","decl":{"start":{"line":134,"column":34},"end":{"line":134,"column":37}},"loc":{"start":{"line":134,"column":41},"end":{"line":134,"column":90}}},"3":{"name":"(anonymous_3)","decl":{"start":{"line":150,"column":32},"end":{"line":150,"column":35}},"loc":{"start":{"line":150,"column":39},"end":{"line":150,"column":88}}},"4":{"name":"(anonymous_4)","decl":{"start":{"line":156,"column":32},"end":{"line":156,"column":35}},"loc":{"start":{"line":156,"column":39},"end":{"line":156,"column":60}}},"5":{"name":"(anonymous_5)","decl":{"start":{"line":193,"column":10},"end":{"line":193,"column":16}},"loc":{"start":{"line":193,"column":59},"end":{"line":204,"column":3}}},"6":{"name":"(anonymous_6)","decl":{"start":{"line":211,"column":10},"end":{"line":211,"column":16}},"loc":{"start":{"line":211,"column":60},"end":{"line":238,"column":3}}},"7":{"name":"(anonymous_7)","decl":{"start":{"line":245,"column":10},"end":{"line":245,"column":16}},"loc":{"start":{"line":245,"column":49},"end":{"line":250,"column":3}}}},"branchMap":{"0":{"loc":{"start":{"line":60,"column":6},"end":{"line":62,"column":7}},"type":"if","locations":[{"start":{"line":60,"column":6},"end":{"line":62,"column":7}}]},"1":{"loc":{"start":{"line":65,"column":6},"end":{"line":67,"column":7}},"type":"if","locations":[{"start":{"line":65,"column":6},"end":{"line":67,"column":7}}]},"2":{"loc":{"start":{"line":89,"column":15},"end":{"line":89,"column":69}},"type":"cond-expr","locations":[{"start":{"line":89,"column":40},"end":{"line":89,"column":53}},{"start":{"line":89,"column":56},"end":{"line":89,"column":69}}]},"3":{"loc":{"start":{"line":119,"column":6},"end":{"line":142,"column":7}},"type":"if","locations":[{"start":{"line":119,"column":6},"end":{"line":142,"column":7}},{"start":{"line":138,"column":13},"end":{"line":142,"column":7}}]},"4":{"loc":{"start":{"line":128,"column":8},"end":{"line":131,"column":9}},"type":"if","locations":[{"start":{"line":128,"column":8},"end":{"line":131,"column":9}}]},"5":{"loc":{"start":{"line":134,"column":8},"end":{"line":137,"column":9}},"type":"if","locations":[{"start":{"line":134,"column":8},"end":{"line":137,"column":9}}]},"6":{"loc":{"start":{"line":134,"column":41},"end":{"line":134,"column":90}},"type":"binary-expr","locations":[{"start":{"line":134,"column":41},"end":{"line":134,"column":66}},{"start":{"line":134,"column":70},"end":{"line":134,"column":90}}]},"7":{"loc":{"start":{"line":145,"column":6},"end":{"line":164,"column":7}},"type":"if","locations":[{"start":{"line":145,"column":6},"end":{"line":164,"column":7}},{"start":{"line":160,"column":13},"end":{"line":164,"column":7}}]},"8":{"loc":{"start":{"line":150,"column":8},"end":{"line":153,"column":9}},"type":"if","locations":[{"start":{"line":150,"column":8},"end":{"line":153,"column":9}}]},"9":{"loc":{"start":{"line":150,"column":39},"end":{"line":150,"column":88}},"type":"binary-expr","locations":[{"start":{"line":150,"column":39},"end":{"line":150,"column":64}},{"start":{"line":150,"column":68},"end":{"line":150,"column":88}}]},"10":{"loc":{"start":{"line":156,"column":8},"end":{"line":159,"column":9}},"type":"if","locations":[{"start":{"line":156,"column":8},"end":{"line":159,"column":9}}]},"11":{"loc":{"start":{"line":172,"column":20},"end":{"line":172,"column":56}},"type":"cond-expr","locations":[{"start":{"line":172,"column":47},"end":{"line":172,"column":50}},{"start":{"line":172,"column":53},"end":{"line":172,"column":56}}]},"12":{"loc":{"start":{"line":172,"column":20},"end":{"line":172,"column":44}},"type":"binary-expr","locations":[{"start":{"line":172,"column":20},"end":{"line":172,"column":31}},{"start":{"line":172,"column":35},"end":{"line":172,"column":44}}]},"13":{"loc":{"start":{"line":177,"column":15},"end":{"line":177,"column":69}},"type":"cond-expr","locations":[{"start":{"line":177,"column":40},"end":{"line":177,"column":53}},{"start":{"line":177,"column":56},"end":{"line":177,"column":69}}]},"14":{"loc":{"start":{"line":198,"column":4},"end":{"line":200,"column":5}},"type":"if","locations":[{"start":{"line":198,"column":4},"end":{"line":200,"column":5}}]},"15":{"loc":{"start":{"line":198,"column":8},"end":{"line":198,"column":29}},"type":"binary-expr","locations":[{"start":{"line":198,"column":8},"end":{"line":198,"column":17}},{"start":{"line":198,"column":21},"end":{"line":198,"column":29}}]},"16":{"loc":{"start":{"line":212,"column":4},"end":{"line":212,"column":33}},"type":"if","locations":[{"start":{"line":212,"column":4},"end":{"line":212,"column":33}}]},"17":{"loc":{"start":{"line":218,"column":6},"end":{"line":220,"column":7}},"type":"if","locations":[{"start":{"line":218,"column":6},"end":{"line":220,"column":7}}]},"18":{"loc":{"start":{"line":223,"column":6},"end":{"line":225,"column":7}},"type":"if","locations":[{"start":{"line":223,"column":6},"end":{"line":225,"column":7}}]},"19":{"loc":{"start":{"line":228,"column":6},"end":{"line":230,"column":7}},"type":"if","locations":[{"start":{"line":228,"column":6},"end":{"line":230,"column":7}}]},"20":{"loc":{"start":{"line":246,"column":4},"end":{"line":246,"column":48}},"type":"if","locations":[{"start":{"line":246,"column":4},"end":{"line":246,"column":48}}]},"21":{"loc":{"start":{"line":247,"column":4},"end":{"line":247,"column":44}},"type":"if","locations":[{"start":{"line":247,"column":4},"end":{"line":247,"column":44}}]},"22":{"loc":{"start":{"line":248,"column":4},"end":{"line":248,"column":46}},"type":"if","locations":[{"start":{"line":248,"column":4},"end":{"line":248,"column":46}}]}},"s":{"0":2,"1":2,"2":2,"3":2,"4":6,"5":6,"6":6,"7":5,"8":5,"9":5,"10":5,"11":5,"12":5,"13":5,"14":1,"15":5,"16":0,"17":5,"18":5,"19":5,"20":1,"21":1,"22":5,"23":5,"24":5,"25":5,"26":5,"27":5,"28":5,"29":5,"30":5,"31":5,"32":5,"33":1,"34":1,"35":5,"36":5,"37":1,"38":1,"39":0,"40":0,"41":5,"42":5,"43":5,"44":5,"45":1,"46":1,"47":5,"48":6,"49":0,"50":0,"51":0,"52":0,"53":5,"54":5,"55":0,"56":0,"57":5,"58":5,"59":5,"60":1,"61":4,"62":5,"63":0,"64":5,"65":5,"66":5,"67":0,"68":5,"69":2,"70":3,"71":0,"72":3,"73":0,"74":5,"75":0,"76":5,"77":0,"78":5,"79":2,"80":3,"81":2},"f":{"0":6,"1":5,"2":5,"3":5,"4":6,"5":5,"6":5,"7":5},"b":{"0":[1],"1":[0],"2":[1,0],"3":[5,0],"4":[1],"5":[1],"6":[5,4],"7":[5,0],"8":[1],"9":[5,4],"10":[0],"11":[5,0],"12":[5,5],"13":[0,0],"14":[1],"15":[5,5],"16":[0],"17":[0],"18":[2],"19":[0],"20":[0],"21":[0],"22":[2]}}
,"/Users/mastershy/ChainIntelAI/ChainIntelAI/backend/src/analyzer/RiskPatternAnalyzer.ts": {"path":"/Users/mastershy/ChainIntelAI/ChainIntelAI/backend/src/analyzer/RiskPatternAnalyzer.ts","statementMap":{"0":{"start":{"line":1,"column":0},"end":{"line":1,"column":61}},"1":{"start":{"line":2,"column":0},"end":{"line":2,"column":70}},"2":{"start":{"line":3,"column":0},"end":{"line":3,"column":52}},"3":{"start":{"line":4,"column":0},"end":{"line":4,"column":41}},"4":{"start":{"line":5,"column":0},"end":{"line":5,"column":58}},"5":{"start":{"line":6,"column":0},"end":{"line":6,"column":44}},"6":{"start":{"line":19,"column":4},"end":{"line":99,"column":5}},"7":{"start":{"line":20,"column":6},"end":{"line":23,"column":9}},"8":{"start":{"line":26,"column":27},"end":{"line":26,"column":69}},"9":{"start":{"line":29,"column":32},"end":{"line":29,"column":34}},"10":{"start":{"line":30,"column":25},"end":{"line":30,"column":28}},"11":{"start":{"line":33,"column":29},"end":{"line":33,"column":93}},"12":{"start":{"line":34,"column":6},"end":{"line":37,"column":7}},"13":{"start":{"line":35,"column":8},"end":{"line":35,"column":47}},"14":{"start":{"line":36,"column":8},"end":{"line":36,"column":45}},"15":{"start":{"line":40,"column":32},"end":{"line":40,"column":77}},"16":{"start":{"line":41,"column":6},"end":{"line":44,"column":7}},"17":{"start":{"line":42,"column":8},"end":{"line":42,"column":46}},"18":{"start":{"line":43,"column":8},"end":{"line":43,"column":49}},"19":{"start":{"line":47,"column":39},"end":{"line":47,"column":85}},"20":{"start":{"line":48,"column":6},"end":{"line":51,"column":7}},"21":{"start":{"line":49,"column":8},"end":{"line":49,"column":56}},"22":{"start":{"line":50,"column":8},"end":{"line":50,"column":55}},"23":{"start":{"line":54,"column":20},"end":{"line":54,"column":65}},"24":{"start":{"line":55,"column":6},"end":{"line":58,"column":7}},"25":{"start":{"line":56,"column":8},"end":{"line":56,"column":37}},"26":{"start":{"line":57,"column":8},"end":{"line":57,"column":28}},"27":{"start":{"line":61,"column":6},"end":{"line":67,"column":7}},"28":{"start":{"line":62,"column":32},"end":{"line":62,"column":80}},"29":{"start":{"line":63,"column":8},"end":{"line":66,"column":9}},"30":{"start":{"line":64,"column":10},"end":{"line":64,"column":46}},"31":{"start":{"line":65,"column":10},"end":{"line":65,"column":49}},"32":{"start":{"line":70,"column":30},"end":{"line":70,"column":55}},"33":{"start":{"line":73,"column":25},"end":{"line":73,"column":72}},"34":{"start":{"line":75,"column":6},"end":{"line":80,"column":9}},"35":{"start":{"line":82,"column":6},"end":{"line":86,"column":8}},"36":{"start":{"line":88,"column":6},"end":{"line":91,"column":9}},"37":{"start":{"line":94,"column":6},"end":{"line":98,"column":8}},"38":{"start":{"line":109,"column":4},"end":{"line":121,"column":5}},"39":{"start":{"line":112,"column":21},"end":{"line":112,"column":65}},"40":{"start":{"line":114,"column":6},"end":{"line":114,"column":54}},"41":{"start":{"line":114,"column":34},"end":{"line":114,"column":46}},"42":{"start":{"line":116,"column":6},"end":{"line":119,"column":9}},"43":{"start":{"line":120,"column":6},"end":{"line":120,"column":16}},"44":{"start":{"line":131,"column":4},"end":{"line":131,"column":44}},"45":{"start":{"line":131,"column":33},"end":{"line":131,"column":44}},"46":{"start":{"line":133,"column":4},"end":{"line":168,"column":5}},"47":{"start":{"line":135,"column":22},"end":{"line":135,"column":68}},"48":{"start":{"line":138,"column":25},"end":{"line":140,"column":30}},"49":{"start":{"line":139,"column":22},"end":{"line":139,"column":37}},"50":{"start":{"line":140,"column":24},"end":{"line":140,"column":29}},"51":{"start":{"line":143,"column":34},"end":{"line":143,"column":36}},"52":{"start":{"line":144,"column":6},"end":{"line":146,"column":7}},"53":{"start":{"line":144,"column":19},"end":{"line":144,"column":20}},"54":{"start":{"line":145,"column":8},"end":{"line":145,"column":56}},"55":{"start":{"line":148,"column":26},"end":{"line":148,"column":99}},"56":{"start":{"line":148,"column":62},"end":{"line":148,"column":76}},"57":{"start":{"line":151,"column":6},"end":{"line":153,"column":7}},"58":{"start":{"line":152,"column":8},"end":{"line":152,"column":19}},"59":{"start":{"line":156,"column":6},"end":{"line":158,"column":7}},"60":{"start":{"line":157,"column":8},"end":{"line":157,"column":19}},"61":{"start":{"line":161,"column":6},"end":{"line":163,"column":7}},"62":{"start":{"line":162,"column":8},"end":{"line":162,"column":19}},"63":{"start":{"line":165,"column":6},"end":{"line":165,"column":17}},"64":{"start":{"line":167,"column":6},"end":{"line":167,"column":17}},"65":{"start":{"line":178,"column":4},"end":{"line":178,"column":67}},"66":{"start":{"line":178,"column":56},"end":{"line":178,"column":67}},"67":{"start":{"line":180,"column":4},"end":{"line":213,"column":5}},"68":{"start":{"line":182,"column":21},"end":{"line":184,"column":49}},"69":{"start":{"line":183,"column":25},"end":{"line":183,"column":36}},"70":{"start":{"line":184,"column":22},"end":{"line":184,"column":48}},"71":{"start":{"line":186,"column":6},"end":{"line":186,"column":40}},"72":{"start":{"line":186,"column":29},"end":{"line":186,"column":40}},"73":{"start":{"line":189,"column":18},"end":{"line":189,"column":67}},"74":{"start":{"line":189,"column":46},"end":{"line":189,"column":55}},"75":{"start":{"line":190,"column":18},"end":{"line":190,"column":53}},"76":{"start":{"line":193,"column":27},"end":{"line":193,"column":61}},"77":{"start":{"line":196,"column":6},"end":{"line":198,"column":7}},"78":{"start":{"line":197,"column":8},"end":{"line":197,"column":19}},"79":{"start":{"line":201,"column":6},"end":{"line":203,"column":7}},"80":{"start":{"line":202,"column":8},"end":{"line":202,"column":19}},"81":{"start":{"line":206,"column":6},"end":{"line":208,"column":7}},"82":{"start":{"line":207,"column":8},"end":{"line":207,"column":19}},"83":{"start":{"line":210,"column":6},"end":{"line":210,"column":17}},"84":{"start":{"line":212,"column":6},"end":{"line":212,"column":17}},"85":{"start":{"line":222,"column":4},"end":{"line":222,"column":44}},"86":{"start":{"line":222,"column":33},"end":{"line":222,"column":44}},"87":{"start":{"line":225,"column":26},"end":{"line":225,"column":94}},"88":{"start":{"line":225,"column":55},"end":{"line":225,"column":93}},"89":{"start":{"line":226,"column":30},"end":{"line":226,"column":72}},"90":{"start":{"line":229,"column":4},"end":{"line":231,"column":5}},"91":{"start":{"line":230,"column":6},"end":{"line":230,"column":17}},"92":{"start":{"line":234,"column":4},"end":{"line":236,"column":5}},"93":{"start":{"line":235,"column":6},"end":{"line":235,"column":17}},"94":{"start":{"line":239,"column":30},"end":{"line":239,"column":66}},"95":{"start":{"line":239,"column":57},"end":{"line":239,"column":65}},"96":{"start":{"line":240,"column":28},"end":{"line":240,"column":54}},"97":{"start":{"line":243,"column":4},"end":{"line":245,"column":5}},"98":{"start":{"line":244,"column":6},"end":{"line":244,"column":17}},"99":{"start":{"line":248,"column":4},"end":{"line":250,"column":5}},"100":{"start":{"line":249,"column":6},"end":{"line":249,"column":17}},"101":{"start":{"line":252,"column":4},"end":{"line":252,"column":15}},"102":{"start":{"line":12,"column":0},"end":{"line":12,"column":13}}},"fnMap":{"0":{"name":"(anonymous_0)","decl":{"start":{"line":18,"column":2},"end":{"line":18,"column":8}},"loc":{"start":{"line":18,"column":46},"end":{"line":100,"column":3}}},"1":{"name":"(anonymous_1)","decl":{"start":{"line":108,"column":10},"end":{"line":108,"column":16}},"loc":{"start":{"line":108,"column":69},"end":{"line":122,"column":3}}},"2":{"name":"(anonymous_2)","decl":{"start":{"line":114,"column":24},"end":{"line":114,"column":30}},"loc":{"start":{"line":114,"column":34},"end":{"line":114,"column":46}}},"3":{"name":"(anonymous_3)","decl":{"start":{"line":130,"column":10},"end":{"line":130,"column":16}},"loc":{"start":{"line":130,"column":99},"end":{"line":169,"column":3}}},"4":{"name":"(anonymous_4)","decl":{"start":{"line":139,"column":13},"end":{"line":139,"column":18}},"loc":{"start":{"line":139,"column":22},"end":{"line":139,"column":37}}},"5":{"name":"(anonymous_5)","decl":{"start":{"line":140,"column":14},"end":{"line":140,"column":15}},"loc":{"start":{"line":140,"column":24},"end":{"line":140,"column":29}}},"6":{"name":"(anonymous_6)","decl":{"start":{"line":148,"column":43},"end":{"line":148,"column":44}},"loc":{"start":{"line":148,"column":62},"end":{"line":148,"column":76}}},"7":{"name":"(anonymous_7)","decl":{"start":{"line":177,"column":10},"end":{"line":177,"column":16}},"loc":{"start":{"line":177,"column":99},"end":{"line":214,"column":3}}},"8":{"name":"(anonymous_8)","decl":{"start":{"line":183,"column":16},"end":{"line":183,"column":21}},"loc":{"start":{"line":183,"column":25},"end":{"line":183,"column":36}}},"9":{"name":"(anonymous_9)","decl":{"start":{"line":184,"column":13},"end":{"line":184,"column":18}},"loc":{"start":{"line":184,"column":22},"end":{"line":184,"column":48}}},"10":{"name":"(anonymous_10)","decl":{"start":{"line":189,"column":32},"end":{"line":189,"column":33}},"loc":{"start":{"line":189,"column":46},"end":{"line":189,"column":55}}},"11":{"name":"(anonymous_11)","decl":{"start":{"line":221,"column":10},"end":{"line":221,"column":16}},"loc":{"start":{"line":221,"column":76},"end":{"line":253,"column":3}}},"12":{"name":"(anonymous_12)","decl":{"start":{"line":225,"column":46},"end":{"line":225,"column":51}},"loc":{"start":{"line":225,"column":55},"end":{"line":225,"column":93}}},"13":{"name":"(anonymous_13)","decl":{"start":{"line":239,"column":48},"end":{"line":239,"column":53}},"loc":{"start":{"line":239,"column":57},"end":{"line":239,"column":65}}}},"branchMap":{"0":{"loc":{"start":{"line":34,"column":6},"end":{"line":37,"column":7}},"type":"if","locations":[{"start":{"line":34,"column":6},"end":{"line":37,"column":7}}]},"1":{"loc":{"start":{"line":41,"column":6},"end":{"line":44,"column":7}},"type":"if","locations":[{"start":{"line":41,"column":6},"end":{"line":44,"column":7}}]},"2":{"loc":{"start":{"line":48,"column":6},"end":{"line":51,"column":7}},"type":"if","locations":[{"start":{"line":48,"column":6},"end":{"line":51,"column":7}}]},"3":{"loc":{"start":{"line":55,"column":6},"end":{"line":58,"column":7}},"type":"if","locations":[{"start":{"line":55,"column":6},"end":{"line":58,"column":7}}]},"4":{"loc":{"start":{"line":61,"column":6},"end":{"line":67,"column":7}},"type":"if","locations":[{"start":{"line":61,"column":6},"end":{"line":67,"column":7}}]},"5":{"loc":{"start":{"line":63,"column":8},"end":{"line":66,"column":9}},"type":"if","locations":[{"start":{"line":63,"column":8},"end":{"line":66,"column":9}}]},"6":{"loc":{"start":{"line":90,"column":15},"end":{"line":90,"column":69}},"type":"cond-expr","locations":[{"start":{"line":90,"column":40},"end":{"line":90,"column":53}},{"start":{"line":90,"column":56},"end":{"line":90,"column":69}}]},"7":{"loc":{"start":{"line":114,"column":13},"end":{"line":114,"column":53}},"type":"binary-expr","locations":[{"start":{"line":114,"column":13},"end":{"line":114,"column":47}},{"start":{"line":114,"column":51},"end":{"line":114,"column":53}}]},"8":{"loc":{"start":{"line":118,"column":15},"end":{"line":118,"column":69}},"type":"cond-expr","locations":[{"start":{"line":118,"column":40},"end":{"line":118,"column":53}},{"start":{"line":118,"column":56},"end":{"line":118,"column":69}}]},"9":{"loc":{"start":{"line":131,"column":4},"end":{"line":131,"column":44}},"type":"if","locations":[{"start":{"line":131,"column":4},"end":{"line":131,"column":44}}]},"10":{"loc":{"start":{"line":151,"column":6},"end":{"line":153,"column":7}},"type":"if","locations":[{"start":{"line":151,"column":6},"end":{"line":153,"column":7}}]},"11":{"loc":{"start":{"line":156,"column":6},"end":{"line":158,"column":7}},"type":"if","locations":[{"start":{"line":156,"column":6},"end":{"line":158,"column":7}}]},"12":{"loc":{"start":{"line":161,"column":6},"end":{"line":163,"column":7}},"type":"if","locations":[{"start":{"line":161,"column":6},"end":{"line":163,"column":7}}]},"13":{"loc":{"start":{"line":161,"column":10},"end":{"line":161,"column":80}},"type":"binary-expr","locations":[{"start":{"line":161,"column":10},"end":{"line":161,"column":17}},{"start":{"line":161,"column":21},"end":{"line":161,"column":52}},{"start":{"line":161,"column":56},"end":{"line":161,"column":80}}]},"14":{"loc":{"start":{"line":178,"column":4},"end":{"line":178,"column":67}},"type":"if","locations":[{"start":{"line":178,"column":4},"end":{"line":178,"column":67}}]},"15":{"loc":{"start":{"line":178,"column":8},"end":{"line":178,"column":54}},"type":"binary-expr","locations":[{"start":{"line":178,"column":8},"end":{"line":178,"column":27}},{"start":{"line":178,"column":31},"end":{"line":178,"column":54}}]},"16":{"loc":{"start":{"line":184,"column":29},"end":{"line":184,"column":47}},"type":"binary-expr","locations":[{"start":{"line":184,"column":29},"end":{"line":184,"column":40}},{"start":{"line":184,"column":44},"end":{"line":184,"column":47}}]},"17":{"loc":{"start":{"line":186,"column":6},"end":{"line":186,"column":40}},"type":"if","locations":[{"start":{"line":186,"column":6},"end":{"line":186,"column":40}}]},"18":{"loc":{"start":{"line":196,"column":6},"end":{"line":198,"column":7}},"type":"if","locations":[{"start":{"line":196,"column":6},"end":{"line":198,"column":7}}]},"19":{"loc":{"start":{"line":201,"column":6},"end":{"line":203,"column":7}},"type":"if","locations":[{"start":{"line":201,"column":6},"end":{"line":203,"column":7}}]},"20":{"loc":{"start":{"line":206,"column":6},"end":{"line":208,"column":7}},"type":"if","locations":[{"start":{"line":206,"column":6},"end":{"line":208,"column":7}}]},"21":{"loc":{"start":{"line":222,"column":4},"end":{"line":222,"column":44}},"type":"if","locations":[{"start":{"line":222,"column":4},"end":{"line":222,"column":44}}]},"22":{"loc":{"start":{"line":229,"column":4},"end":{"line":231,"column":5}},"type":"if","locations":[{"start":{"line":229,"column":4},"end":{"line":231,"column":5}}]},"23":{"loc":{"start":{"line":234,"column":4},"end":{"line":236,"column":5}},"type":"if","locations":[{"start":{"line":234,"column":4},"end":{"line":236,"column":5}}]},"24":{"loc":{"start":{"line":243,"column":4},"end":{"line":245,"column":5}},"type":"if","locations":[{"start":{"line":243,"column":4},"end":{"line":245,"column":5}}]},"25":{"loc":{"start":{"line":248,"column":4},"end":{"line":250,"column":5}},"type":"if","locations":[{"start":{"line":248,"column":4},"end":{"line":250,"column":5}}]},"26":{"loc":{"start":{"line":248,"column":8},"end":{"line":248,"column":62}},"type":"binary-expr","locations":[{"start":{"line":248,"column":8},"end":{"line":248,"column":32}},{"start":{"line":248,"column":36},"end":{"line":248,"column":62}}]}},"s":{"0":3,"1":3,"2":3,"3":3,"4":3,"5":3,"6":9,"7":9,"8":9,"9":9,"10":9,"11":9,"12":9,"13":2,"14":2,"15":9,"16":9,"17":1,"18":1,"19":9,"20":9,"21":2,"22":2,"23":9,"24":9,"25":2,"26":2,"27":9,"28":7,"29":7,"30":2,"31":2,"32":9,"33":9,"34":9,"35":9,"36":0,"37":0,"38":9,"39":9,"40":8,"41":70,"42":1,"43":1,"44":9,"45":2,"46":7,"47":7,"48":7,"49":70,"50":63,"51":7,"52":7,"53":7,"54":63,"55":7,"56":63,"57":7,"58":2,"59":5,"60":0,"61":5,"62":0,"63":5,"64":0,"65":9,"66":2,"67":7,"68":7,"69":70,"70":70,"71":7,"72":0,"73":7,"74":70,"75":7,"76":7,"77":7,"78":1,"79":6,"80":0,"81":6,"82":0,"83":6,"84":0,"85":9,"86":2,"87":7,"88":70,"89":7,"90":7,"91":2,"92":5,"93":0,"94":5,"95":0,"96":5,"97":5,"98":0,"99":5,"100":0,"101":5,"102":3},"f":{"0":9,"1":9,"2":70,"3":9,"4":70,"5":63,"6":63,"7":9,"8":70,"9":70,"10":70,"11":9,"12":70,"13":0},"b":{"0":[2],"1":[1],"2":[2],"3":[2],"4":[7],"5":[2],"6":[0,0],"7":[8,0],"8":[1,0],"9":[2],"10":[2],"11":[0],"12":[0],"13":[5,5,0],"14":[2],"15":[9,9],"16":[70,0],"17":[0],"18":[1],"19":[0],"20":[0],"21":[2],"22":[2],"23":[0],"24":[0],"25":[0],"26":[5,0]}}
,"/Users/mastershy/ChainIntelAI/ChainIntelAI/backend/src/analyzer/TimeSeriesAnalyzer.ts": {"path":"/Users/mastershy/ChainIntelAI/ChainIntelAI/backend/src/analyzer/TimeSeriesAnalyzer.ts","statementMap":{"0":{"start":{"line":2,"column":0},"end":{"line":2,"column":41}},"1":{"start":{"line":15,"column":4},"end":{"line":15,"column":38}},"2":{"start":{"line":15,"column":27},"end":{"line":15,"column":38}},"3":{"start":{"line":17,"column":4},"end":{"line":67,"column":5}},"4":{"start":{"line":19,"column":25},"end":{"line":21,"column":30}},"5":{"start":{"line":20,"column":22},"end":{"line":20,"column":37}},"6":{"start":{"line":21,"column":24},"end":{"line":21,"column":29}},"7":{"start":{"line":24,"column":34},"end":{"line":24,"column":36}},"8":{"start":{"line":25,"column":6},"end":{"line":27,"column":7}},"9":{"start":{"line":25,"column":19},"end":{"line":25,"column":20}},"10":{"start":{"line":26,"column":8},"end":{"line":26,"column":56}},"11":{"start":{"line":30,"column":26},"end":{"line":30,"column":55}},"12":{"start":{"line":31,"column":27},"end":{"line":31,"column":82}},"13":{"start":{"line":34,"column":37},"end":{"line":34,"column":63}},"14":{"start":{"line":37,"column":25},"end":{"line":37,"column":28}},"15":{"start":{"line":40,"column":6},"end":{"line":42,"column":7}},"16":{"start":{"line":41,"column":8},"end":{"line":41,"column":27}},"17":{"start":{"line":45,"column":29},"end":{"line":45,"column":46}},"18":{"start":{"line":46,"column":25},"end":{"line":46,"column":87}},"19":{"start":{"line":46,"column":54},"end":{"line":46,"column":79}},"20":{"start":{"line":47,"column":25},"end":{"line":47,"column":54}},"21":{"start":{"line":49,"column":6},"end":{"line":51,"column":7}},"22":{"start":{"line":50,"column":8},"end":{"line":50,"column":51}},"23":{"start":{"line":54,"column":31},"end":{"line":54,"column":64}},"24":{"start":{"line":55,"column":6},"end":{"line":55,"column":62}},"25":{"start":{"line":58,"column":36},"end":{"line":58,"column":72}},"26":{"start":{"line":59,"column":6},"end":{"line":59,"column":67}},"27":{"start":{"line":61,"column":6},"end":{"line":61,"column":26}},"28":{"start":{"line":63,"column":6},"end":{"line":65,"column":9}},"29":{"start":{"line":66,"column":6},"end":{"line":66,"column":17}},"30":{"start":{"line":76,"column":4},"end":{"line":76,"column":38}},"31":{"start":{"line":76,"column":29},"end":{"line":76,"column":38}},"32":{"start":{"line":77,"column":4},"end":{"line":77,"column":73}},"33":{"start":{"line":77,"column":41},"end":{"line":77,"column":52}},"34":{"start":{"line":87,"column":4},"end":{"line":87,"column":36}},"35":{"start":{"line":87,"column":27},"end":{"line":87,"column":36}},"36":{"start":{"line":89,"column":31},"end":{"line":89,"column":77}},"37":{"start":{"line":89,"column":51},"end":{"line":89,"column":76}},"38":{"start":{"line":90,"column":21},"end":{"line":90,"column":94}},"39":{"start":{"line":90,"column":63},"end":{"line":90,"column":74}},"40":{"start":{"line":91,"column":4},"end":{"line":91,"column":31}},"41":{"start":{"line":100,"column":4},"end":{"line":100,"column":42}},"42":{"start":{"line":100,"column":31},"end":{"line":100,"column":42}},"43":{"start":{"line":103,"column":24},"end":{"line":103,"column":25}},"44":{"start":{"line":104,"column":23},"end":{"line":104,"column":24}},"45":{"start":{"line":106,"column":4},"end":{"line":115,"column":5}},"46":{"start":{"line":106,"column":17},"end":{"line":106,"column":18}},"47":{"start":{"line":107,"column":22},"end":{"line":107,"column":57}},"48":{"start":{"line":108,"column":26},"end":{"line":108,"column":79}},"49":{"start":{"line":111,"column":31},"end":{"line":111,"column":76}},"50":{"start":{"line":112,"column":6},"end":{"line":114,"column":7}},"51":{"start":{"line":113,"column":8},"end":{"line":113,"column":23}},"52":{"start":{"line":118,"column":32},"end":{"line":118,"column":70}},"53":{"start":{"line":119,"column":29},"end":{"line":119,"column":63}},"54":{"start":{"line":121,"column":4},"end":{"line":121,"column":43}},"55":{"start":{"line":121,"column":32},"end":{"line":121,"column":43}},"56":{"start":{"line":122,"column":4},"end":{"line":122,"column":43}},"57":{"start":{"line":122,"column":32},"end":{"line":122,"column":43}},"58":{"start":{"line":123,"column":4},"end":{"line":123,"column":43}},"59":{"start":{"line":123,"column":32},"end":{"line":123,"column":43}},"60":{"start":{"line":125,"column":4},"end":{"line":125,"column":15}},"61":{"start":{"line":135,"column":4},"end":{"line":135,"column":58}},"62":{"start":{"line":135,"column":45},"end":{"line":135,"column":58}},"63":{"start":{"line":137,"column":22},"end":{"line":137,"column":25}},"64":{"start":{"line":139,"column":4},"end":{"line":144,"column":5}},"65":{"start":{"line":139,"column":17},"end":{"line":139,"column":18}},"66":{"start":{"line":140,"column":20},"end":{"line":140,"column":45}},"67":{"start":{"line":141,"column":6},"end":{"line":143,"column":7}},"68":{"start":{"line":142,"column":8},"end":{"line":142,"column":21}},"69":{"start":{"line":146,"column":4},"end":{"line":146,"column":16}},"70":{"start":{"line":155,"column":4},"end":{"line":155,"column":38}},"71":{"start":{"line":155,"column":27},"end":{"line":155,"column":38}},"72":{"start":{"line":158,"column":23},"end":{"line":158,"column":44}},"73":{"start":{"line":160,"column":4},"end":{"line":163,"column":7}},"74":{"start":{"line":161,"column":19},"end":{"line":161,"column":62}},"75":{"start":{"line":162,"column":6},"end":{"line":162,"column":25}},"76":{"start":{"line":166,"column":24},"end":{"line":166,"column":68}},"77":{"start":{"line":166,"column":51},"end":{"line":166,"column":60}},"78":{"start":{"line":169,"column":4},"end":{"line":171,"column":5}},"79":{"start":{"line":170,"column":6},"end":{"line":170,"column":17}},"80":{"start":{"line":174,"column":28},"end":{"line":174,"column":89}},"81":{"start":{"line":174,"column":74},"end":{"line":174,"column":85}},"82":{"start":{"line":175,"column":23},"end":{"line":175,"column":54}},"83":{"start":{"line":177,"column":4},"end":{"line":179,"column":5}},"84":{"start":{"line":178,"column":6},"end":{"line":178,"column":17}},"85":{"start":{"line":181,"column":4},"end":{"line":181,"column":15}},"86":{"start":{"line":8,"column":0},"end":{"line":8,"column":13}}},"fnMap":{"0":{"name":"(anonymous_0)","decl":{"start":{"line":14,"column":2},"end":{"line":14,"column":8}},"loc":{"start":{"line":14,"column":50},"end":{"line":68,"column":3}}},"1":{"name":"(anonymous_1)","decl":{"start":{"line":20,"column":13},"end":{"line":20,"column":18}},"loc":{"start":{"line":20,"column":22},"end":{"line":20,"column":37}}},"2":{"name":"(anonymous_2)","decl":{"start":{"line":21,"column":14},"end":{"line":21,"column":15}},"loc":{"start":{"line":21,"column":24},"end":{"line":21,"column":29}}},"3":{"name":"(anonymous_3)","decl":{"start":{"line":46,"column":42},"end":{"line":46,"column":50}},"loc":{"start":{"line":46,"column":54},"end":{"line":46,"column":79}}},"4":{"name":"(anonymous_4)","decl":{"start":{"line":75,"column":10},"end":{"line":75,"column":16}},"loc":{"start":{"line":75,"column":47},"end":{"line":78,"column":3}}},"5":{"name":"(anonymous_5)","decl":{"start":{"line":77,"column":25},"end":{"line":77,"column":26}},"loc":{"start":{"line":77,"column":41},"end":{"line":77,"column":52}}},"6":{"name":"(anonymous_6)","decl":{"start":{"line":86,"column":10},"end":{"line":86,"column":16}},"loc":{"start":{"line":86,"column":74},"end":{"line":92,"column":3}}},"7":{"name":"(anonymous_7)","decl":{"start":{"line":89,"column":42},"end":{"line":89,"column":47}},"loc":{"start":{"line":89,"column":51},"end":{"line":89,"column":76}}},"8":{"name":"(anonymous_8)","decl":{"start":{"line":90,"column":47},"end":{"line":90,"column":48}},"loc":{"start":{"line":90,"column":63},"end":{"line":90,"column":74}}},"9":{"name":"(anonymous_9)","decl":{"start":{"line":99,"column":10},"end":{"line":99,"column":16}},"loc":{"start":{"line":99,"column":54},"end":{"line":126,"column":3}}},"10":{"name":"(anonymous_10)","decl":{"start":{"line":134,"column":10},"end":{"line":134,"column":16}},"loc":{"start":{"line":134,"column":74},"end":{"line":147,"column":3}}},"11":{"name":"(anonymous_11)","decl":{"start":{"line":154,"column":10},"end":{"line":154,"column":16}},"loc":{"start":{"line":154,"column":66},"end":{"line":182,"column":3}}},"12":{"name":"(anonymous_12)","decl":{"start":{"line":160,"column":19},"end":{"line":160,"column":24}},"loc":{"start":{"line":160,"column":27},"end":{"line":163,"column":5}}},"13":{"name":"(anonymous_13)","decl":{"start":{"line":166,"column":42},"end":{"line":166,"column":47}},"loc":{"start":{"line":166,"column":51},"end":{"line":166,"column":60}}},"14":{"name":"(anonymous_14)","decl":{"start":{"line":174,"column":58},"end":{"line":174,"column":59}},"loc":{"start":{"line":174,"column":74},"end":{"line":174,"column":85}}}},"branchMap":{"0":{"loc":{"start":{"line":15,"column":4},"end":{"line":15,"column":38}},"type":"if","locations":[{"start":{"line":15,"column":4},"end":{"line":15,"column":38}}]},"1":{"loc":{"start":{"line":40,"column":6},"end":{"line":42,"column":7}},"type":"if","locations":[{"start":{"line":40,"column":6},"end":{"line":42,"column":7}}]},"2":{"loc":{"start":{"line":40,"column":10},"end":{"line":40,"column":62}},"type":"binary-expr","locations":[{"start":{"line":40,"column":10},"end":{"line":40,"column":38}},{"start":{"line":40,"column":42},"end":{"line":40,"column":62}}]},"3":{"loc":{"start":{"line":49,"column":6},"end":{"line":51,"column":7}},"type":"if","locations":[{"start":{"line":49,"column":6},"end":{"line":51,"column":7}}]},"4":{"loc":{"start":{"line":49,"column":10},"end":{"line":49,"column":50}},"type":"binary-expr","locations":[{"start":{"line":49,"column":10},"end":{"line":49,"column":26}},{"start":{"line":49,"column":30},"end":{"line":49,"column":50}}]},"5":{"loc":{"start":{"line":64,"column":15},"end":{"line":64,"column":69}},"type":"cond-expr","locations":[{"start":{"line":64,"column":40},"end":{"line":64,"column":53}},{"start":{"line":64,"column":56},"end":{"line":64,"column":69}}]},"6":{"loc":{"start":{"line":76,"column":4},"end":{"line":76,"column":38}},"type":"if","locations":[{"start":{"line":76,"column":4},"end":{"line":76,"column":38}}]},"7":{"loc":{"start":{"line":87,"column":4},"end":{"line":87,"column":36}},"type":"if","locations":[{"start":{"line":87,"column":4},"end":{"line":87,"column":36}}]},"8":{"loc":{"start":{"line":100,"column":4},"end":{"line":100,"column":42}},"type":"if","locations":[{"start":{"line":100,"column":4},"end":{"line":100,"column":42}}]},"9":{"loc":{"start":{"line":112,"column":6},"end":{"line":114,"column":7}},"type":"if","locations":[{"start":{"line":112,"column":6},"end":{"line":114,"column":7}}]},"10":{"loc":{"start":{"line":121,"column":4},"end":{"line":121,"column":43}},"type":"if","locations":[{"start":{"line":121,"column":4},"end":{"line":121,"column":43}}]},"11":{"loc":{"start":{"line":122,"column":4},"end":{"line":122,"column":43}},"type":"if","locations":[{"start":{"line":122,"column":4},"end":{"line":122,"column":43}}]},"12":{"loc":{"start":{"line":123,"column":4},"end":{"line":123,"column":43}},"type":"if","locations":[{"start":{"line":123,"column":4},"end":{"line":123,"column":43}}]},"13":{"loc":{"start":{"line":135,"column":4},"end":{"line":135,"column":58}},"type":"if","locations":[{"start":{"line":135,"column":4},"end":{"line":135,"column":58}}]},"14":{"loc":{"start":{"line":141,"column":6},"end":{"line":143,"column":7}},"type":"if","locations":[{"start":{"line":141,"column":6},"end":{"line":143,"column":7}}]},"15":{"loc":{"start":{"line":141,"column":10},"end":{"line":141,"column":56}},"type":"binary-expr","locations":[{"start":{"line":141,"column":10},"end":{"line":141,"column":31}},{"start":{"line":141,"column":35},"end":{"line":141,"column":56}}]},"16":{"loc":{"start":{"line":155,"column":4},"end":{"line":155,"column":38}},"type":"if","locations":[{"start":{"line":155,"column":4},"end":{"line":155,"column":38}}]},"17":{"loc":{"start":{"line":169,"column":4},"end":{"line":171,"column":5}},"type":"if","locations":[{"start":{"line":169,"column":4},"end":{"line":171,"column":5}}]},"18":{"loc":{"start":{"line":169,"column":8},"end":{"line":169,"column":46}},"type":"binary-expr","locations":[{"start":{"line":169,"column":8},"end":{"line":169,"column":24}},{"start":{"line":169,"column":28},"end":{"line":169,"column":46}}]},"19":{"loc":{"start":{"line":177,"column":4},"end":{"line":179,"column":5}},"type":"if","locations":[{"start":{"line":177,"column":4},"end":{"line":179,"column":5}}]},"20":{"loc":{"start":{"line":177,"column":8},"end":{"line":177,"column":45}},"type":"binary-expr","locations":[{"start":{"line":177,"column":8},"end":{"line":177,"column":24}},{"start":{"line":177,"column":28},"end":{"line":177,"column":45}}]}},"s":{"0":3,"1":0,"2":0,"3":0,"4":0,"5":0,"6":0,"7":0,"8":0,"9":0,"10":0,"11":0,"12":0,"13":0,"14":0,"15":0,"16":0,"17":0,"18":0,"19":0,"20":0,"21":0,"22":0,"23":0,"24":0,"25":0,"26":0,"27":0,"28":0,"29":0,"30":0,"31":0,"32":0,"33":0,"34":0,"35":0,"36":0,"37":0,"38":0,"39":0,"40":0,"41":0,"42":0,"43":0,"44":0,"45":0,"46":0,"47":0,"48":0,"49":0,"50":0,"51":0,"52":0,"53":0,"54":0,"55":0,"56":0,"57":0,"58":0,"59":0,"60":0,"61":0,"62":0,"63":0,"64":0,"65":0,"66":0,"67":0,"68":0,"69":0,"70":0,"71":0,"72":0,"73":0,"74":0,"75":0,"76":0,"77":0,"78":0,"79":0,"80":0,"81":0,"82":0,"83":0,"84":0,"85":0,"86":3},"f":{"0":0,"1":0,"2":0,"3":0,"4":0,"5":0,"6":0,"7":0,"8":0,"9":0,"10":0,"11":0,"12":0,"13":0,"14":0},"b":{"0":[0],"1":[0],"2":[0,0],"3":[0],"4":[0,0],"5":[0,0],"6":[0],"7":[0],"8":[0],"9":[0],"10":[0],"11":[0],"12":[0],"13":[0],"14":[0],"15":[0,0],"16":[0],"17":[0],"18":[0,0],"19":[0],"20":[0,0]}}
,"/Users/mastershy/ChainIntelAI/ChainIntelAI/backend/src/analyzer/riskAnalyzer.ts": {"path":"/Users/mastershy/ChainIntelAI/ChainIntelAI/backend/src/analyzer/riskAnalyzer.ts","statementMap":{"0":{"start":{"line":1,"column":0},"end":{"line":1,"column":75}},"1":{"start":{"line":4,"column":0},"end":{"line":4,"column":36}},"2":{"start":{"line":5,"column":0},"end":{"line":5,"column":60}},"3":{"start":{"line":6,"column":0},"end":{"line":6,"column":44}},"4":{"start":{"line":7,"column":0},"end":{"line":7,"column":41}},"5":{"start":{"line":9,"column":13},"end":{"line":264,"column":2}},"6":{"start":{"line":17,"column":4},"end":{"line":186,"column":5}},"7":{"start":{"line":18,"column":6},"end":{"line":21,"column":9}},"8":{"start":{"line":24,"column":32},"end":{"line":24,"column":34}},"9":{"start":{"line":25,"column":70},"end":{"line":25,"column":72}},"10":{"start":{"line":28,"column":22},"end":{"line":28,"column":39}},"11":{"start":{"line":31,"column":26},"end":{"line":31,"column":62}},"12":{"start":{"line":32,"column":6},"end":{"line":38,"column":7}},"13":{"start":{"line":33,"column":8},"end":{"line":33,"column":29}},"14":{"start":{"line":34,"column":8},"end":{"line":37,"column":11}},"15":{"start":{"line":41,"column":28},"end":{"line":41,"column":59}},"16":{"start":{"line":42,"column":6},"end":{"line":48,"column":7}},"17":{"start":{"line":43,"column":8},"end":{"line":43,"column":29}},"18":{"start":{"line":44,"column":8},"end":{"line":47,"column":11}},"19":{"start":{"line":51,"column":20},"end":{"line":51,"column":55}},"20":{"start":{"line":52,"column":6},"end":{"line":58,"column":7}},"21":{"start":{"line":53,"column":8},"end":{"line":53,"column":30}},"22":{"start":{"line":54,"column":8},"end":{"line":57,"column":11}},"23":{"start":{"line":61,"column":22},"end":{"line":61,"column":54}},"24":{"start":{"line":64,"column":6},"end":{"line":68,"column":9}},"25":{"start":{"line":65,"column":8},"end":{"line":67,"column":9}},"26":{"start":{"line":66,"column":10},"end":{"line":66,"column":31}},"27":{"start":{"line":71,"column":27},"end":{"line":71,"column":68}},"28":{"start":{"line":74,"column":6},"end":{"line":78,"column":9}},"29":{"start":{"line":75,"column":8},"end":{"line":77,"column":9}},"30":{"start":{"line":76,"column":10},"end":{"line":76,"column":31}},"31":{"start":{"line":82,"column":8},"end":{"line":86,"column":32}},"32":{"start":{"line":90,"column":20},"end":{"line":92,"column":57}},"33":{"start":{"line":95,"column":21},"end":{"line":97,"column":43}},"34":{"start":{"line":100,"column":43},"end":{"line":139,"column":8}},"35":{"start":{"line":141,"column":6},"end":{"line":146,"column":9}},"36":{"start":{"line":148,"column":6},"end":{"line":148,"column":20}},"37":{"start":{"line":150,"column":6},"end":{"line":153,"column":9}},"38":{"start":{"line":156,"column":6},"end":{"line":185,"column":8}},"39":{"start":{"line":195,"column":4},"end":{"line":195,"column":31}},"40":{"start":{"line":195,"column":22},"end":{"line":195,"column":31}},"41":{"start":{"line":197,"column":4},"end":{"line":225,"column":5}},"42":{"start":{"line":198,"column":20},"end":{"line":198,"column":39}},"43":{"start":{"line":201,"column":6},"end":{"line":203,"column":7}},"44":{"start":{"line":202,"column":8},"end":{"line":202,"column":19}},"45":{"start":{"line":206,"column":6},"end":{"line":208,"column":7}},"46":{"start":{"line":207,"column":8},"end":{"line":207,"column":19}},"47":{"start":{"line":211,"column":6},"end":{"line":213,"column":7}},"48":{"start":{"line":212,"column":8},"end":{"line":212,"column":19}},"49":{"start":{"line":216,"column":6},"end":{"line":218,"column":7}},"50":{"start":{"line":217,"column":8},"end":{"line":217,"column":19}},"51":{"start":{"line":221,"column":6},"end":{"line":221,"column":17}},"52":{"start":{"line":224,"column":6},"end":{"line":224,"column":17}},"53":{"start":{"line":235,"column":4},"end":{"line":237,"column":5}},"54":{"start":{"line":236,"column":6},"end":{"line":236,"column":15}},"55":{"start":{"line":240,"column":4},"end":{"line":242,"column":5}},"56":{"start":{"line":241,"column":6},"end":{"line":241,"column":17}},"57":{"start":{"line":245,"column":28},"end":{"line":254,"column":6}},"58":{"start":{"line":257,"column":23},"end":{"line":257,"column":53}},"59":{"start":{"line":258,"column":4},"end":{"line":260,"column":5}},"60":{"start":{"line":258,"column":39},"end":{"line":258,"column":66}},"61":{"start":{"line":259,"column":6},"end":{"line":259,"column":17}},"62":{"start":{"line":262,"column":4},"end":{"line":262,"column":15}}},"fnMap":{"0":{"name":"(anonymous_0)","decl":{"start":{"line":16,"column":2},"end":{"line":16,"column":7}},"loc":{"start":{"line":16,"column":63},"end":{"line":187,"column":3}}},"1":{"name":"(anonymous_1)","decl":{"start":{"line":64,"column":30},"end":{"line":64,"column":36}},"loc":{"start":{"line":64,"column":39},"end":{"line":68,"column":7}}},"2":{"name":"(anonymous_2)","decl":{"start":{"line":74,"column":35},"end":{"line":74,"column":41}},"loc":{"start":{"line":74,"column":44},"end":{"line":78,"column":7}}},"3":{"name":"(anonymous_3)","decl":{"start":{"line":194,"column":2},"end":{"line":194,"column":26}},"loc":{"start":{"line":194,"column":49},"end":{"line":226,"column":3}}},"4":{"name":"(anonymous_4)","decl":{"start":{"line":233,"column":2},"end":{"line":233,"column":21}},"loc":{"start":{"line":233,"column":44},"end":{"line":263,"column":3}}},"5":{"name":"(anonymous_5)","decl":{"start":{"line":258,"column":29},"end":{"line":258,"column":35}},"loc":{"start":{"line":258,"column":39},"end":{"line":258,"column":66}}}},"branchMap":{"0":{"loc":{"start":{"line":32,"column":6},"end":{"line":38,"column":7}},"type":"if","locations":[{"start":{"line":32,"column":6},"end":{"line":38,"column":7}}]},"1":{"loc":{"start":{"line":42,"column":6},"end":{"line":48,"column":7}},"type":"if","locations":[{"start":{"line":42,"column":6},"end":{"line":48,"column":7}}]},"2":{"loc":{"start":{"line":52,"column":6},"end":{"line":58,"column":7}},"type":"if","locations":[{"start":{"line":52,"column":6},"end":{"line":58,"column":7}}]},"3":{"loc":{"start":{"line":65,"column":8},"end":{"line":67,"column":9}},"type":"if","locations":[{"start":{"line":65,"column":8},"end":{"line":67,"column":9}}]},"4":{"loc":{"start":{"line":75,"column":8},"end":{"line":77,"column":9}},"type":"if","locations":[{"start":{"line":75,"column":8},"end":{"line":77,"column":9}}]},"5":{"loc":{"start":{"line":90,"column":20},"end":{"line":92,"column":57}},"type":"cond-expr","locations":[{"start":{"line":90,"column":35},"end":{"line":90,"column":53}},{"start":{"line":91,"column":8},"end":{"line":92,"column":57}}]},"6":{"loc":{"start":{"line":91,"column":8},"end":{"line":92,"column":57}},"type":"cond-expr","locations":[{"start":{"line":91,"column":23},"end":{"line":91,"column":37}},{"start":{"line":92,"column":10},"end":{"line":92,"column":57}}]},"7":{"loc":{"start":{"line":92,"column":10},"end":{"line":92,"column":57}},"type":"cond-expr","locations":[{"start":{"line":92,"column":25},"end":{"line":92,"column":41}},{"start":{"line":92,"column":44},"end":{"line":92,"column":57}}]},"8":{"loc":{"start":{"line":95,"column":21},"end":{"line":97,"column":43}},"type":"cond-expr","locations":[{"start":{"line":95,"column":36},"end":{"line":95,"column":43}},{"start":{"line":96,"column":8},"end":{"line":97,"column":43}}]},"9":{"loc":{"start":{"line":96,"column":8},"end":{"line":97,"column":43}},"type":"cond-expr","locations":[{"start":{"line":96,"column":23},"end":{"line":96,"column":30}},{"start":{"line":97,"column":10},"end":{"line":97,"column":43}}]},"10":{"loc":{"start":{"line":97,"column":10},"end":{"line":97,"column":43}},"type":"cond-expr","locations":[{"start":{"line":97,"column":25},"end":{"line":97,"column":34}},{"start":{"line":97,"column":37},"end":{"line":97,"column":43}}]},"11":{"loc":{"start":{"line":107,"column":21},"end":{"line":108,"column":71}},"type":"cond-expr","locations":[{"start":{"line":107,"column":66},"end":{"line":107,"column":82}},{"start":{"line":108,"column":20},"end":{"line":108,"column":71}}]},"12":{"loc":{"start":{"line":108,"column":20},"end":{"line":108,"column":71}},"type":"cond-expr","locations":[{"start":{"line":108,"column":55},"end":{"line":108,"column":60}},{"start":{"line":108,"column":63},"end":{"line":108,"column":71}}]},"13":{"loc":{"start":{"line":152,"column":15},"end":{"line":152,"column":69}},"type":"cond-expr","locations":[{"start":{"line":152,"column":40},"end":{"line":152,"column":53}},{"start":{"line":152,"column":56},"end":{"line":152,"column":69}}]},"14":{"loc":{"start":{"line":195,"column":4},"end":{"line":195,"column":31}},"type":"if","locations":[{"start":{"line":195,"column":4},"end":{"line":195,"column":31}}]},"15":{"loc":{"start":{"line":201,"column":6},"end":{"line":203,"column":7}},"type":"if","locations":[{"start":{"line":201,"column":6},"end":{"line":203,"column":7}}]},"16":{"loc":{"start":{"line":206,"column":6},"end":{"line":208,"column":7}},"type":"if","locations":[{"start":{"line":206,"column":6},"end":{"line":208,"column":7}}]},"17":{"loc":{"start":{"line":211,"column":6},"end":{"line":213,"column":7}},"type":"if","locations":[{"start":{"line":211,"column":6},"end":{"line":213,"column":7}}]},"18":{"loc":{"start":{"line":216,"column":6},"end":{"line":218,"column":7}},"type":"if","locations":[{"start":{"line":216,"column":6},"end":{"line":218,"column":7}}]},"19":{"loc":{"start":{"line":235,"column":4},"end":{"line":237,"column":5}},"type":"if","locations":[{"start":{"line":235,"column":4},"end":{"line":237,"column":5}}]},"20":{"loc":{"start":{"line":240,"column":4},"end":{"line":242,"column":5}},"type":"if","locations":[{"start":{"line":240,"column":4},"end":{"line":242,"column":5}}]},"21":{"loc":{"start":{"line":258,"column":4},"end":{"line":260,"column":5}},"type":"if","locations":[{"start":{"line":258,"column":4},"end":{"line":260,"column":5}}]}},"s":{"0":2,"1":2,"2":2,"3":2,"4":2,"5":2,"6":8,"7":8,"8":8,"9":8,"10":8,"11":8,"12":8,"13":2,"14":2,"15":8,"16":8,"17":2,"18":2,"19":8,"20":8,"21":1,"22":1,"23":8,"24":8,"25":10,"26":10,"27":8,"28":8,"29":8,"30":8,"31":8,"32":8,"33":8,"34":8,"35":8,"36":8,"37":0,"38":0,"39":8,"40":0,"41":8,"42":8,"43":7,"44":0,"45":7,"46":2,"47":5,"48":0,"49":5,"50":0,"51":5,"52":1,"53":8,"54":6,"55":2,"56":0,"57":2,"58":2,"59":2,"60":2,"61":2,"62":0},"f":{"0":8,"1":10,"2":8,"3":8,"4":8,"5":2},"b":{"0":[2],"1":[2],"2":[1],"3":[10],"4":[8],"5":[0,8],"6":[1,7],"7":[1,6],"8":[0,8],"9":[1,7],"10":[1,6],"11":[1,7],"12":[0,7],"13":[0,0],"14":[0],"15":[0],"16":[2],"17":[0],"18":[0],"19":[6],"20":[0],"21":[2]}}
,"/Users/mastershy/ChainIntelAI/ChainIntelAI/backend/src/analyzer/riskRules.ts": {"path":"/Users/mastershy/ChainIntelAI/ChainIntelAI/backend/src/analyzer/riskRules.ts","statementMap":{"0":{"start":{"line":4,"column":13},"end":{"line":44,"column":2}},"1":{"start":{"line":47,"column":13},"end":{"line":72,"column":2}},"2":{"start":{"line":75,"column":13},"end":{"line":107,"column":2}},"3":{"start":{"line":110,"column":13},"end":{"line":131,"column":2}},"4":{"start":{"line":134,"column":13},"end":{"line":155,"column":2}},"5":{"start":{"line":158,"column":13},"end":{"line":174,"column":2}}},"fnMap":{},"branchMap":{},"s":{"0":0,"1":0,"2":0,"3":0,"4":0,"5":0},"f":{},"b":{}}
,"/Users/mastershy/ChainIntelAI/ChainIntelAI/backend/src/config/default.ts": {"path":"/Users/mastershy/ChainIntelAI/ChainIntelAI/backend/src/config/default.ts","statementMap":{"0":{"start":{"line":92,"column":0},"end":{"line":92,"column":16}},"1":{"start":{"line":1,"column":0},"end":{"line":1,"column":24}},"2":{"start":{"line":3,"column":0},"end":{"line":3,"column":44}},"3":{"start":{"line":5,"column":21},"end":{"line":43,"column":2}},"4":{"start":{"line":47,"column":13},"end":{"line":90,"column":2}},"5":{"start":{"line":93,"column":2},"end":{"line":103,"column":3}},"6":{"start":{"line":94,"column":4},"end":{"line":94,"column":31}},"7":{"start":{"line":96,"column":4},"end":{"line":101,"column":5}},"8":{"start":{"line":97,"column":21},"end":{"line":99,"column":18}},"9":{"start":{"line":98,"column":8},"end":{"line":98,"column":47}},"10":{"start":{"line":100,"column":6},"end":{"line":100,"column":59}},"11":{"start":{"line":102,"column":4},"end":{"line":102,"column":16}}},"fnMap":{"0":{"name":"validateConfig","decl":{"start":{"line":92,"column":16},"end":{"line":92,"column":30}},"loc":{"start":{"line":92,"column":45},"end":{"line":104,"column":1}}},"1":{"name":"(anonymous_1)","decl":{"start":{"line":97,"column":38},"end":{"line":97,"column":41}},"loc":{"start":{"line":98,"column":8},"end":{"line":98,"column":47}}}},"branchMap":{"0":{"loc":{"start":{"line":49,"column":10},"end":{"line":49,"column":48}},"type":"binary-expr","locations":[{"start":{"line":49,"column":10},"end":{"line":49,"column":30}},{"start":{"line":49,"column":34},"end":{"line":49,"column":48}}]},"1":{"loc":{"start":{"line":50,"column":13},"end":{"line":50,"column":47}},"type":"binary-expr","locations":[{"start":{"line":50,"column":13},"end":{"line":50,"column":36}},{"start":{"line":50,"column":40},"end":{"line":50,"column":47}}]},"2":{"loc":{"start":{"line":51,"column":17},"end":{"line":51,"column":54}},"type":"binary-expr","locations":[{"start":{"line":51,"column":17},"end":{"line":51,"column":37}},{"start":{"line":51,"column":41},"end":{"line":51,"column":54}}]},"3":{"loc":{"start":{"line":54,"column":19},"end":{"line":54,"column":52}},"type":"binary-expr","locations":[{"start":{"line":54,"column":19},"end":{"line":54,"column":42}},{"start":{"line":54,"column":46},"end":{"line":54,"column":52}}]},"4":{"loc":{"start":{"line":55,"column":10},"end":{"line":55,"column":48}},"type":"binary-expr","locations":[{"start":{"line":55,"column":10},"end":{"line":55,"column":33}},{"start":{"line":55,"column":37},"end":{"line":55,"column":48}}]},"5":{"loc":{"start":{"line":58,"column":10},"end":{"line":58,"column":44}},"type":"binary-expr","locations":[{"start":{"line":58,"column":10},"end":{"line":58,"column":29}},{"start":{"line":58,"column":33},"end":{"line":58,"column":44}}]},"6":{"loc":{"start":{"line":59,"column":19},"end":{"line":59,"column":48}},"type":"binary-expr","locations":[{"start":{"line":59,"column":19},"end":{"line":59,"column":38}},{"start":{"line":59,"column":42},"end":{"line":59,"column":48}}]},"7":{"loc":{"start":{"line":60,"column":14},"end":{"line":60,"column":51}},"type":"binary-expr","locations":[{"start":{"line":60,"column":14},"end":{"line":60,"column":37}},{"start":{"line":60,"column":41},"end":{"line":60,"column":51}}]},"8":{"loc":{"start":{"line":61,"column":14},"end":{"line":61,"column":51}},"type":"binary-expr","locations":[{"start":{"line":61,"column":14},"end":{"line":61,"column":37}},{"start":{"line":61,"column":41},"end":{"line":61,"column":51}}]},"9":{"loc":{"start":{"line":62,"column":14},"end":{"line":62,"column":49}},"type":"binary-expr","locations":[{"start":{"line":62,"column":14},"end":{"line":62,"column":33}},{"start":{"line":62,"column":37},"end":{"line":62,"column":49}}]},"10":{"loc":{"start":{"line":65,"column":10},"end":{"line":65,"column":47}},"type":"binary-expr","locations":[{"start":{"line":65,"column":10},"end":{"line":65,"column":32}},{"start":{"line":65,"column":36},"end":{"line":65,"column":47}}]},"11":{"loc":{"start":{"line":66,"column":19},"end":{"line":66,"column":51}},"type":"binary-expr","locations":[{"start":{"line":66,"column":19},"end":{"line":66,"column":41}},{"start":{"line":66,"column":45},"end":{"line":66,"column":51}}]},"12":{"loc":{"start":{"line":68,"column":17},"end":{"line":68,"column":44}},"type":"binary-expr","locations":[{"start":{"line":68,"column":17},"end":{"line":68,"column":37}},{"start":{"line":68,"column":41},"end":{"line":68,"column":44}}]},"13":{"loc":{"start":{"line":73,"column":21},"end":{"line":73,"column":58}},"type":"binary-expr","locations":[{"start":{"line":73,"column":21},"end":{"line":73,"column":48}},{"start":{"line":73,"column":52},"end":{"line":73,"column":58}}]},"14":{"loc":{"start":{"line":76,"column":13},"end":{"line":76,"column":44}},"type":"binary-expr","locations":[{"start":{"line":76,"column":13},"end":{"line":76,"column":34}},{"start":{"line":76,"column":38},"end":{"line":76,"column":44}}]},"15":{"loc":{"start":{"line":77,"column":14},"end":{"line":77,"column":46}},"type":"binary-expr","locations":[{"start":{"line":77,"column":14},"end":{"line":77,"column":36}},{"start":{"line":77,"column":40},"end":{"line":77,"column":46}}]},"16":{"loc":{"start":{"line":96,"column":4},"end":{"line":101,"column":5}},"type":"if","locations":[{"start":{"line":96,"column":4},"end":{"line":101,"column":5}}]}},"s":{"0":0,"1":0,"2":0,"3":0,"4":0,"5":0,"6":0,"7":0,"8":0,"9":0,"10":0,"11":0},"f":{"0":0,"1":0},"b":{"0":[0,0],"1":[0,0],"2":[0,0],"3":[0,0],"4":[0,0],"5":[0,0],"6":[0,0],"7":[0,0],"8":[0,0],"9":[0,0],"10":[0,0],"11":[0,0],"12":[0,0],"13":[0,0],"14":[0,0],"15":[0,0],"16":[0]}}
,"/Users/mastershy/ChainIntelAI/ChainIntelAI/backend/src/config/development.ts": {"path":"/Users/mastershy/ChainIntelAI/ChainIntelAI/backend/src/config/development.ts","statementMap":{"0":{"start":{"line":3,"column":13},"end":{"line":26,"column":2}}},"fnMap":{},"branchMap":{},"s":{"0":0},"f":{},"b":{}}
,"/Users/mastershy/ChainIntelAI/ChainIntelAI/backend/src/config/index.ts": {"path":"/Users/mastershy/ChainIntelAI/ChainIntelAI/backend/src/config/index.ts","statementMap":{"0":{"start":{"line":69,"column":0},"end":{"line":69,"column":7}},"1":{"start":{"line":7,"column":0},"end":{"line":7,"column":42}},"2":{"start":{"line":8,"column":0},"end":{"line":8,"column":50}},"3":{"start":{"line":9,"column":0},"end":{"line":9,"column":48}},"4":{"start":{"line":11,"column":0},"end":{"line":11,"column":44}},"5":{"start":{"line":55,"column":13},"end":{"line":67,"column":2}},"6":{"start":{"line":70,"column":2},"end":{"line":76,"column":3}},"7":{"start":{"line":71,"column":4},"end":{"line":71,"column":44}},"8":{"start":{"line":72,"column":4},"end":{"line":72,"column":18}},"9":{"start":{"line":74,"column":4},"end":{"line":74,"column":60}},"10":{"start":{"line":75,"column":4},"end":{"line":75,"column":16}}},"fnMap":{"0":{"name":"loadConfig","decl":{"start":{"line":69,"column":22},"end":{"line":69,"column":32}},"loc":{"start":{"line":69,"column":48},"end":{"line":77,"column":1}}}},"branchMap":{"0":{"loc":{"start":{"line":57,"column":6},"end":{"line":57,"column":82}},"type":"cond-expr","locations":[{"start":{"line":57,"column":46},"end":{"line":57,"column":62}},{"start":{"line":57,"column":65},"end":{"line":57,"column":82}}]}},"s":{"0":0,"1":0,"2":0,"3":0,"4":0,"5":0,"6":0,"7":0,"8":0,"9":0,"10":0},"f":{"0":0},"b":{"0":[0,0]}}
,"/Users/mastershy/ChainIntelAI/ChainIntelAI/backend/src/config/pipelineConfig.ts": {"path":"/Users/mastershy/ChainIntelAI/ChainIntelAI/backend/src/config/pipelineConfig.ts","statementMap":{"0":{"start":{"line":5,"column":0},"end":{"line":5,"column":33}},"1":{"start":{"line":8,"column":0},"end":{"line":8,"column":16}},"2":{"start":{"line":10,"column":38},"end":{"line":28,"column":2}},"3":{"start":{"line":30,"column":0},"end":{"line":30,"column":29}}},"fnMap":{},"branchMap":{"0":{"loc":{"start":{"line":12,"column":14},"end":{"line":12,"column":59}},"type":"binary-expr","locations":[{"start":{"line":12,"column":14},"end":{"line":12,"column":51}},{"start":{"line":12,"column":55},"end":{"line":12,"column":59}}]},"1":{"loc":{"start":{"line":13,"column":18},"end":{"line":13,"column":68}},"type":"binary-expr","locations":[{"start":{"line":13,"column":18},"end":{"line":13,"column":59}},{"start":{"line":13,"column":63},"end":{"line":13,"column":68}}]},"2":{"loc":{"start":{"line":14,"column":18},"end":{"line":14,"column":64}},"type":"binary-expr","locations":[{"start":{"line":14,"column":18},"end":{"line":14,"column":59}},{"start":{"line":14,"column":63},"end":{"line":14,"column":64}}]},"3":{"loc":{"start":{"line":15,"column":19},"end":{"line":15,"column":70}},"type":"binary-expr","locations":[{"start":{"line":15,"column":19},"end":{"line":15,"column":62}},{"start":{"line":15,"column":66},"end":{"line":15,"column":70}}]},"4":{"loc":{"start":{"line":16,"column":19},"end":{"line":16,"column":70}},"type":"binary-expr","locations":[{"start":{"line":16,"column":19},"end":{"line":16,"column":62}},{"start":{"line":16,"column":66},"end":{"line":16,"column":70}}]},"5":{"loc":{"start":{"line":17,"column":15},"end":{"line":17,"column":60}},"type":"binary-expr","locations":[{"start":{"line":17,"column":15},"end":{"line":17,"column":53}},{"start":{"line":17,"column":57},"end":{"line":17,"column":60}}]},"6":{"loc":{"start":{"line":24,"column":12},"end":{"line":24,"column":43}},"type":"binary-expr","locations":[{"start":{"line":24,"column":12},"end":{"line":24,"column":33}},{"start":{"line":24,"column":37},"end":{"line":24,"column":43}}]},"7":{"loc":{"start":{"line":25,"column":13},"end":{"line":25,"column":45}},"type":"binary-expr","locations":[{"start":{"line":25,"column":13},"end":{"line":25,"column":35}},{"start":{"line":25,"column":39},"end":{"line":25,"column":45}}]}},"s":{"0":0,"1":0,"2":0,"3":0},"f":{},"b":{"0":[0,0],"1":[0,0],"2":[0,0],"3":[0,0],"4":[0,0],"5":[0,0],"6":[0,0],"7":[0,0]}}
,"/Users/mastershy/ChainIntelAI/ChainIntelAI/backend/src/config/production.ts": {"path":"/Users/mastershy/ChainIntelAI/ChainIntelAI/backend/src/config/production.ts","statementMap":{"0":{"start":{"line":3,"column":13},"end":{"line":27,"column":2}}},"fnMap":{},"branchMap":{"0":{"loc":{"start":{"line":5,"column":10},"end":{"line":5,"column":44}},"type":"binary-expr","locations":[{"start":{"line":5,"column":10},"end":{"line":5,"column":29}},{"start":{"line":5,"column":33},"end":{"line":5,"column":44}}]},"1":{"loc":{"start":{"line":6,"column":19},"end":{"line":6,"column":49}},"type":"binary-expr","locations":[{"start":{"line":6,"column":19},"end":{"line":6,"column":38}},{"start":{"line":6,"column":42},"end":{"line":6,"column":49}}]},"2":{"loc":{"start":{"line":7,"column":14},"end":{"line":7,"column":43}},"type":"binary-expr","locations":[{"start":{"line":7,"column":14},"end":{"line":7,"column":37}},{"start":{"line":7,"column":41},"end":{"line":7,"column":43}}]},"3":{"loc":{"start":{"line":8,"column":14},"end":{"line":8,"column":43}},"type":"binary-expr","locations":[{"start":{"line":8,"column":14},"end":{"line":8,"column":37}},{"start":{"line":8,"column":41},"end":{"line":8,"column":43}}]},"4":{"loc":{"start":{"line":9,"column":14},"end":{"line":9,"column":54}},"type":"binary-expr","locations":[{"start":{"line":9,"column":14},"end":{"line":9,"column":33}},{"start":{"line":9,"column":37},"end":{"line":9,"column":54}}]},"5":{"loc":{"start":{"line":12,"column":10},"end":{"line":12,"column":47}},"type":"binary-expr","locations":[{"start":{"line":12,"column":10},"end":{"line":12,"column":32}},{"start":{"line":12,"column":36},"end":{"line":12,"column":47}}]},"6":{"loc":{"start":{"line":13,"column":19},"end":{"line":13,"column":51}},"type":"binary-expr","locations":[{"start":{"line":13,"column":19},"end":{"line":13,"column":41}},{"start":{"line":13,"column":45},"end":{"line":13,"column":51}}]},"7":{"loc":{"start":{"line":15,"column":17},"end":{"line":15,"column":44}},"type":"binary-expr","locations":[{"start":{"line":15,"column":17},"end":{"line":15,"column":37}},{"start":{"line":15,"column":41},"end":{"line":15,"column":44}}]},"8":{"loc":{"start":{"line":20,"column":21},"end":{"line":20,"column":58}},"type":"binary-expr","locations":[{"start":{"line":20,"column":21},"end":{"line":20,"column":48}},{"start":{"line":20,"column":52},"end":{"line":20,"column":58}}]},"9":{"loc":{"start":{"line":23,"column":13},"end":{"line":23,"column":44}},"type":"binary-expr","locations":[{"start":{"line":23,"column":13},"end":{"line":23,"column":34}},{"start":{"line":23,"column":38},"end":{"line":23,"column":44}}]},"10":{"loc":{"start":{"line":24,"column":14},"end":{"line":24,"column":46}},"type":"binary-expr","locations":[{"start":{"line":24,"column":14},"end":{"line":24,"column":36}},{"start":{"line":24,"column":40},"end":{"line":24,"column":46}}]}},"s":{"0":0},"f":{},"b":{"0":[0,0],"1":[0,0],"2":[0,0],"3":[0,0],"4":[0,0],"5":[0,0],"6":[0,0],"7":[0,0],"8":[0,0],"9":[0,0],"10":[0,0]}}
,"/Users/mastershy/ChainIntelAI/ChainIntelAI/backend/src/database/index.ts": {"path":"/Users/mastershy/ChainIntelAI/ChainIntelAI/backend/src/database/index.ts","statementMap":{"0":{"start":{"line":12,"column":0},"end":{"line":12,"column":7}},"1":{"start":{"line":22,"column":0},"end":{"line":22,"column":7}},"2":{"start":{"line":1,"column":0},"end":{"line":1,"column":62}},"3":{"start":{"line":2,"column":0},"end":{"line":2,"column":32}},"4":{"start":{"line":4,"column":0},"end":{"line":4,"column":37}},"5":{"start":{"line":5,"column":0},"end":{"line":5,"column":40}},"6":{"start":{"line":6,"column":0},"end":{"line":6,"column":38}},"7":{"start":{"line":7,"column":0},"end":{"line":7,"column":31}},"8":{"start":{"line":8,"column":0},"end":{"line":8,"column":40}},"9":{"start":{"line":9,"column":0},"end":{"line":9,"column":38}},"10":{"start":{"line":10,"column":0},"end":{"line":10,"column":24}},"11":{"start":{"line":13,"column":2},"end":{"line":19,"column":3}},"12":{"start":{"line":14,"column":4},"end":{"line":14,"column":27}},"13":{"start":{"line":17,"column":4},"end":{"line":17,"column":60}},"14":{"start":{"line":18,"column":4},"end":{"line":18,"column":16}},"15":{"start":{"line":23,"column":2},"end":{"line":31,"column":3}},"16":{"start":{"line":24,"column":4},"end":{"line":27,"column":7}},"17":{"start":{"line":29,"column":4},"end":{"line":29,"column":53}},"18":{"start":{"line":30,"column":4},"end":{"line":30,"column":16}}},"fnMap":{"0":{"name":"initializeDatabase","decl":{"start":{"line":12,"column":22},"end":{"line":12,"column":40}},"loc":{"start":{"line":12,"column":40},"end":{"line":20,"column":1}}},"1":{"name":"closeDatabase","decl":{"start":{"line":22,"column":22},"end":{"line":22,"column":35}},"loc":{"start":{"line":22,"column":35},"end":{"line":32,"column":1}}}},"branchMap":{},"s":{"0":0,"1":0,"2":0,"3":0,"4":0,"5":0,"6":0,"7":0,"8":0,"9":0,"10":0,"11":0,"12":0,"13":0,"14":0,"15":0,"16":0,"17":0,"18":0},"f":{"0":0,"1":0},"b":{}}
,"/Users/mastershy/ChainIntelAI/ChainIntelAI/backend/src/database/mongodb.ts": {"path":"/Users/mastershy/ChainIntelAI/ChainIntelAI/backend/src/database/mongodb.ts","statementMap":{"0":{"start":{"line":11,"column":0},"end":{"line":11,"column":7}},"1":{"start":{"line":22,"column":0},"end":{"line":22,"column":7}},"2":{"start":{"line":1,"column":0},"end":{"line":1,"column":32}},"3":{"start":{"line":2,"column":0},"end":{"line":2,"column":58}},"4":{"start":{"line":3,"column":0},"end":{"line":3,"column":47}},"5":{"start":{"line":5,"column":15},"end":{"line":9,"column":2}},"6":{"start":{"line":12,"column":2},"end":{"line":19,"column":3}},"7":{"start":{"line":13,"column":29},"end":{"line":13,"column":51}},"8":{"start":{"line":14,"column":4},"end":{"line":14,"column":41}},"9":{"start":{"line":15,"column":4},"end":{"line":15,"column":50}},"10":{"start":{"line":17,"column":4},"end":{"line":17,"column":56}},"11":{"start":{"line":18,"column":4},"end":{"line":18,"column":16}},"12":{"start":{"line":23,"column":2},"end":{"line":29,"column":3}},"13":{"start":{"line":24,"column":4},"end":{"line":24,"column":32}},"14":{"start":{"line":25,"column":4},"end":{"line":25,"column":53}},"15":{"start":{"line":27,"column":4},"end":{"line":27,"column":59}},"16":{"start":{"line":28,"column":4},"end":{"line":28,"column":16}},"17":{"start":{"line":33,"column":0},"end":{"line":35,"column":3}},"18":{"start":{"line":34,"column":2},"end":{"line":34,"column":54}},"19":{"start":{"line":37,"column":0},"end":{"line":39,"column":3}},"20":{"start":{"line":38,"column":2},"end":{"line":38,"column":38}},"21":{"start":{"line":41,"column":0},"end":{"line":43,"column":3}},"22":{"start":{"line":42,"column":2},"end":{"line":42,"column":37}}},"fnMap":{"0":{"name":"connectMongoDB","decl":{"start":{"line":11,"column":22},"end":{"line":11,"column":36}},"loc":{"start":{"line":11,"column":36},"end":{"line":20,"column":1}}},"1":{"name":"disconnectMongoDB","decl":{"start":{"line":22,"column":22},"end":{"line":22,"column":39}},"loc":{"
[...]
99,"column":2},"end":{"line":299,"column":20}},"loc":{"start":{"line":299,"column":20},"end":{"line":310,"column":3}}},"20":{"name":"(anonymous_21)","decl":{"start":{"line":306,"column":33},"end":{"line":306,"column":34}},"loc":{"start":{"line":306,"column":50},"end":{"line":308,"column":5}}},"21":{"name":"(anonymous_22)","decl":{"start":{"line":312,"column":2},"end":{"line":312,"column":17}},"loc":{"start":{"line":312,"column":33},"end":{"line":314,"column":3}}},"22":{"name":"(anonymous_23)","decl":{"start":{"line":316,"column":2},"end":{"line":316,"column":15}},"loc":{"start":{"line":316,"column":31},"end":{"line":323,"column":3}}},"23":{"name":"(anonymous_24)","decl":{"start":{"line":325,"column":2},"end":{"line":325,"column":19}},"loc":{"start":{"line":325,"column":35},"end":{"line":327,"column":3}}},"24":{"name":"(anonymous_25)","decl":{"start":{"line":329,"column":2},"end":{"line":329,"column":26}},"loc":{"start":{"line":329,"column":26},"end":{"line":333,"column":3}}},"25":{"name":"(anonymous_26)","decl":{"start":{"line":332,"column":24},"end":{"line":332,"column":25}},"loc":{"start":{"line":332,"column":34},"end":{"line":332,"column":39}}},"26":{"name":"(anonymous_27)","decl":{"start":{"line":335,"column":2},"end":{"line":335,"column":7}},"loc":{"start":{"line":335,"column":7},"end":{"line":341,"column":3}}}},"branchMap":{"0":{"loc":{"start":{"line":147,"column":8},"end":{"line":149,"column":9}},"type":"if","locations":[{"start":{"line":147,"column":8},"end":{"line":149,"column":9}}]},"1":{"loc":{"start":{"line":154,"column":4},"end":{"line":156,"column":5}},"type":"if","locations":[{"start":{"line":154,"column":4},"end":{"line":156,"column":5}}]},"2":{"loc":{"start":{"line":163,"column":32},"end":{"line":163,"column":63}},"type":"binary-expr","locations":[{"start":{"line":163,"column":32},"end":{"line":163,"column":58}},{"start":{"line":163,"column":62},"end":{"line":163,"column":63}}]},"3":{"loc":{"start":{"line":168,"column":33},"end":{"line":168,"column":65}},"type":"binary-expr","locations":[{"start":{"line":168,"column":33},"end":{"line":168,"column":60}},{"start":{"line":168,"column":64},"end":{"line":168,"column":65}}]},"4":{"loc":{"start":{"line":172,"column":4},"end":{"line":174,"column":5}},"type":"if","locations":[{"start":{"line":172,"column":4},"end":{"line":174,"column":5}}]},"5":{"loc":{"start":{"line":172,"column":8},"end":{"line":172,"column":37}},"type":"binary-expr","locations":[{"start":{"line":172,"column":8},"end":{"line":172,"column":19}},{"start":{"line":172,"column":23},"end":{"line":172,"column":37}}]},"6":{"loc":{"start":{"line":179,"column":4},"end":{"line":181,"column":5}},"type":"if","locations":[{"start":{"line":179,"column":4},"end":{"line":181,"column":5}}]},"7":{"loc":{"start":{"line":179,"column":8},"end":{"line":179,"column":37}},"type":"binary-expr","locations":[{"start":{"line":179,"column":8},"end":{"line":179,"column":19}},{"start":{"line":179,"column":23},"end":{"line":179,"column":37}}]},"8":{"loc":{"start":{"line":186,"column":4},"end":{"line":188,"column":5}},"type":"if","locations":[{"start":{"line":186,"column":4},"end":{"line":188,"column":5}}]},"9":{"loc":{"start":{"line":186,"column":8},"end":{"line":186,"column":37}},"type":"binary-expr","locations":[{"start":{"line":186,"column":8},"end":{"line":186,"column":19}},{"start":{"line":186,"column":23},"end":{"line":186,"column":37}}]},"10":{"loc":{"start":{"line":193,"column":4},"end":{"line":195,"column":5}},"type":"if","locations":[{"start":{"line":193,"column":4},"end":{"line":195,"column":5}}]},"11":{"loc":{"start":{"line":193,"column":8},"end":{"line":193,"column":37}},"type":"binary-expr","locations":[{"start":{"line":193,"column":8},"end":{"line":193,"column":19}},{"start":{"line":193,"column":23},"end":{"line":193,"column":37}}]},"12":{"loc":{"start":{"line":201,"column":37},"end":{"line":201,"column":73}},"type":"binary-expr","locations":[{"start":{"line":201,"column":37},"end":{"line":201,"column":68}},{"start":{"line":201,"column":72},"end":{"line":201,"column":73}}]},"13":{"loc":{"start":{"line":226,"column":15},"end":{"line":226,"column":71}},"type":"cond-expr","locations":[{"start":{"line":226,"column":40},"end":{"line":226,"column":53}},{"start":{"line":226,"column":56},"end":{"line":226,"column":71}}]},"14":{"loc":{"start":{"line":232,"column":4},"end":{"line":235,"column":5}},"type":"if","locations":[{"start":{"line":232,"column":4},"end":{"line":235,"column":5}}]},"15":{"loc":{"start":{"line":249,"column":6},"end":{"line":252,"column":7}},"type":"if","locations":[{"start":{"line":249,"column":6},"end":{"line":252,"column":7}}]},"16":{"loc":{"start":{"line":260,"column":4},"end":{"line":265,"column":5}},"type":"if","locations":[{"start":{"line":260,"column":4},"end":{"line":265,"column":5}}]},"17":{"loc":{"start":{"line":269,"column":4},"end":{"line":274,"column":5}},"type":"if","locations":[{"start":{"line":269,"column":4},"end":{"line":274,"column":5}}]},"18":{"loc":{"start":{"line":292,"column":11},"end":{"line":292,"column":42}},"type":"binary-expr","locations":[{"start":{"line":292,"column":11},"end":{"line":292,"column":37}},{"start":{"line":292,"column":41},"end":{"line":292,"column":42}}]},"19":{"loc":{"start":{"line":296,"column":11},"end":{"line":296,"column":43}},"type":"binary-expr","locations":[{"start":{"line":296,"column":11},"end":{"line":296,"column":38}},{"start":{"line":296,"column":42},"end":{"line":296,"column":43}}]},"20":{"loc":{"start":{"line":318,"column":4},"end":{"line":322,"column":5}},"type":"if","locations":[{"start":{"line":318,"column":4},"end":{"line":322,"column":5}}]},"21":{"loc":{"start":{"line":326,"column":11},"end":{"line":326,"column":49}},"type":"binary-expr","locations":[{"start":{"line":326,"column":11},"end":{"line":326,"column":44}},{"start":{"line":326,"column":48},"end":{"line":326,"column":49}}]},"22":{"loc":{"start":{"line":331,"column":4},"end":{"line":331,"column":37}},"type":"if","locations":[{"start":{"line":331,"column":4},"end":{"line":331,"column":37}}]}},"s":{"0":3,"1":3,"2":3,"3":3,"4":0,"5":36,"6":36,"7":36,"8":36,"9":36,"10":36,"11":36,"12":36,"13":36,"14":36,"15":36,"16":36,"17":36,"18":36,"19":36,"20":36,"21":36,"22":36,"23":36,"24":36,"25":36,"26":36,"27":0,"28":0,"29":0,"30":0,"31":0,"32":36,"33":33,"34":36,"35":36,"36":16,"37":16,"38":9,"39":9,"40":4,"41":2,"42":2,"43":3,"44":1,"45":2,"46":3,"47":1,"48":2,"49":4,"50":2,"51":2,"52":11,"53":11,"54":4,"55":8,"56":8,"57":8,"58":8,"59":2,"60":8,"61":3,"62":3,"63":5,"64":5,"65":5,"66":5,"67":3,"68":2,"69":2,"70":8,"71":4,"72":8,"73":3,"74":8,"75":15,"76":8,"77":5,"78":2,"79":2,"80":2,"81":2,"82":3,"83":3,"84":3,"85":3,"86":3,"87":3,"88":1,"89":1,"90":1,"91":0,"92":1,"93":2,"94":1,"95":1,"96":1,"97":1,"98":1,"99":3},"f":{"0":0,"1":36,"2":0,"3":16,"4":9,"5":4,"6":3,"7":3,"8":4,"9":11,"10":4,"11":8,"12":8,"13":8,"14":8,"15":8,"16":15,"17":8,"18":5,"19":2,"20":2,"21":3,"22":3,"23":1,"24":1,"25":2,"26":1},"b":{"0":[0],"1":[33],"2":[16,12],"3":[9,8],"4":[2],"5":[4,2],"6":[1],"7":[3,2],"8":[1],"9":[3,2],"10":[2],"11":[4,3],"12":[11,9],"13":[2,0],"14":[3],"15":[5],"16":[4],"17":[3],"18":[8,2],"19":[5,1],"20":[3],"21":[1,0],"22":[0]}}
,"/Users/mastershy/ChainIntelAI/ChainIntelAI/backend/src/profiling/addressProfiler.ts": {"path":"/Users/mastershy/ChainIntelAI/ChainIntelAI/backend/src/profiling/addressProfiler.ts","statementMap":{"0":{"start":{"line":1,"column":0},"end":{"line":1,"column":47}},"1":{"start":{"line":2,"column":0},"end":{"line":2,"column":67}},"2":{"start":{"line":4,"column":15},"end":{"line":8,"column":2}},"3":{"start":{"line":10,"column":13},"end":{"line":33,"column":2}},"4":{"start":{"line":12,"column":4},"end":{"line":31,"column":5}},"5":{"start":{"line":15,"column":18},"end":{"line":15,"column":42}},"6":{"start":{"line":16,"column":6},"end":{"line":27,"column":8}},"7":{"start":{"line":29,"column":6},"end":{"line":29,"column":51}},"8":{"start":{"line":30,"column":6},"end":{"line":30,"column":18}}},"fnMap":{"0":{"name":"(anonymous_0)","decl":{"start":{"line":11,"column":2},"end":{"line":11,"column":7}},"loc":{"start":{"line":11,"column":34},"end":{"line":32,"column":3}}}},"branchMap":{},"s":{"0":2,"1":2,"2":2,"3":2,"4":0,"5":0,"6":0,"7":0,"8":0},"f":{"0":0},"b":{}}
,"/Users/mastershy/ChainIntelAI/ChainIntelAI/backend/src/types/events.ts": {"path":"/Users/mastershy/ChainIntelAI/ChainIntelAI/backend/src/types/events.ts","statementMap":{"0":{"start":{"line":7,"column":0},"end":{"line":7,"column":null}},"1":{"start":{"line":8,"column":2},"end":{"line":8,"column":null}},"2":{"start":{"line":9,"column":2},"end":{"line":9,"column":null}},"3":{"start":{"line":10,"column":2},"end":{"line":10,"column":null}},"4":{"start":{"line":11,"column":2},"end":{"line":11,"column":null}},"5":{"start":{"line":12,"column":2},"end":{"line":12,"column":null}},"6":{"start":{"line":13,"column":2},"end":{"line":13,"column":null}},"7":{"start":{"line":14,"column":2},"end":{"line":14,"column":null}},"8":{"start":{"line":15,"column":2},"end":{"line":15,"column":null}},"9":{"start":{"line":79,"column":0},"end":{"line":79,"column":null}},"10":{"start":{"line":80,"column":2},"end":{"line":80,"column":null}},"11":{"start":{"line":81,"column":2},"end":{"line":81,"column":null}},"12":{"start":{"line":82,"column":2},"end":{"line":82,"column":null}},"13":{"start":{"line":83,"column":2},"end":{"line":83,"column":null}},"14":{"start":{"line":99,"column":0},"end":{"line":99,"column":null}},"15":{"start":{"line":100,"column":2},"end":{"line":100,"column":null}},"16":{"start":{"line":101,"column":2},"end":{"line":101,"column":null}},"17":{"start":{"line":102,"column":2},"end":{"line":102,"column":null}},"18":{"start":{"line":103,"column":2},"end":{"line":103,"column":null}}},"fnMap":{"0":{"name":"(anonymous_0)","decl":{"start":{"line":7,"column":0},"end":{"line":7,"column":12}},"loc":{"start":{"line":7,"column":21},"end":{"line":16,"column":1}}},"1":{"name":"(anonymous_1)","decl":{"start":{"line":79,"column":0},"end":{"line":79,"column":12}},"loc":{"start":{"line":79,"column":21},"end":{"line":84,"column":1}}},"2":{"name":"(anonymous_2)","decl":{"start":{"line":99,"column":0},"end":{"line":99,"column":12}},"loc":{"start":{"line":99,"column":23},"end":{"line":104,"column":1}}}},"branchMap":{"0":{"loc":{"start":{"line":7,"column":12},"end":{"line":7,"column":null}},"type":"binary-expr","locations":[{"start":{"line":7,"column":12},"end":{"line":7,"column":21}},{"start":{"line":7,"column":21},"end":{"line":7,"column":null}}]},"1":{"loc":{"start":{"line":79,"column":12},"end":{"line":79,"column":null}},"type":"binary-expr","locations":[{"start":{"line":79,"column":12},"end":{"line":79,"column":21}},{"start":{"line":79,"column":21},"end":{"line":79,"column":null}}]},"2":{"loc":{"start":{"line":99,"column":12},"end":{"line":99,"column":null}},"type":"binary-expr","locations":[{"start":{"line":99,"column":12},"end":{"line":99,"column":23}},{"start":{"line":99,"column":23},"end":{"line":99,"column":null}}]}},"s":{"0":17,"1":17,"2":17,"3":17,"4":17,"5":17,"6":17,"7":17,"8":17,"9":17,"10":17,"11":17,"12":17,"13":17,"14":17,"15":17,"16":17,"17":17,"18":17},"f":{"0":17,"1":17,"2":17},"b":{"0":[17,17],"1":[17,17],"2":[17,17]}}
,"/Users/mastershy/ChainIntelAI/ChainIntelAI/backend/src/types/profile.ts": {"path":"/Users/mastershy/ChainIntelAI/ChainIntelAI/backend/src/types/profile.ts","statementMap":{"0":{"start":{"line":1,"column":0},"end":{"line":1,"column":null}},"1":{"start":{"line":2,"column":2},"end":{"line":2,"column":null}},"2":{"start":{"line":3,"column":2},"end":{"line":3,"column":null}},"3":{"start":{"line":4,"column":2},"end":{"line":4,"column":null}},"4":{"start":{"line":5,"column":2},"end":{"line":5,"column":null}},"5":{"start":{"line":6,"column":2},"end":{"line":6,"column":null}},"6":{"start":{"line":7,"column":2},"end":{"line":7,"column":null}},"7":{"start":{"line":8,"column":2},"end":{"line":8,"column":null}}},"fnMap":{"0":{"name":"(anonymous_0)","decl":{"start":{"line":1,"column":0},"end":{"line":1,"column":12}},"loc":{"start":{"line":1,"column":27},"end":{"line":9,"column":1}}}},"branchMap":{"0":{"loc":{"start":{"line":1,"column":12},"end":{"line":1,"column":null}},"type":"binary-expr","locations":[{"start":{"line":1,"column":12},"end":{"line":1,"column":27}},{"start":{"line":1,"column":27},"end":{"line":1,"column":null}}]}},"s":{"0":5,"1":5,"2":5,"3":5,"4":5,"5":5,"6":5,"7":5},"f":{"0":5},"b":{"0":[5,5]}}
,"/Users/mastershy/ChainIntelAI/ChainIntelAI/backend/src/types/riskAnalysis.ts": {"path":"/Users/mastershy/ChainIntelAI/ChainIntelAI/backend/src/types/riskAnalysis.ts","statementMap":{"0":{"start":{"line":1,"column":0},"end":{"line":1,"column":9}},"1":{"start":{"line":3,"column":9},"end":{"line":1,"column":51}}},"fnMap":{"0":{"name":"(anonymous_0)","decl":{"start":{"line":3,"column":9},"end":{"line":3,"column":18}},"loc":{"start":{"line":3,"column":9},"end":{"line":1,"column":51}}}},"branchMap":{},"s":{"0":0,"1":0},"f":{"0":0},"b":{}}
,"/Users/mastershy/ChainIntelAI/ChainIntelAI/backend/src/utils/logger.ts": {"path":"/Users/mastershy/ChainIntelAI/ChainIntelAI/backend/src/utils/logger.ts","statementMap":{"0":{"start":{"line":36,"column":4},"end":{"line":36,"column":22}},"1":{"start":{"line":37,"column":4},"end":{"line":37,"column":29}},"2":{"start":{"line":41,"column":4},"end":{"line":41,"column":97}},"3":{"start":{"line":45,"column":4},"end":{"line":45,"column":100}},"4":{"start":{"line":49,"column":4},"end":{"line":49,"column":98}},"5":{"start":{"line":53,"column":4},"end":{"line":53,"column":100}},"6":{"start":{"line":57,"column":4},"end":{"line":57,"column":24}},"7":{"start":{"line":61,"column":4},"end":{"line":61,"column":27}},"8":{"start":{"line":65,"column":4},"end":{"line":65,"column":34}},"9":{"start":{"line":69,"column":4},"end":{"line":69,"column":67}},"10":{"start":{"line":31,"column":0},"end":{"line":31,"column":13}},"11":{"start":{"line":73,"column":13},"end":{"line":73,"column":35}},"12":{"start":{"line":81,"column":4},"end":{"line":81,"column":26}},"13":{"start":{"line":82,"column":4},"end":{"line":82,"column":22}},"14":{"start":{"line":83,"column":4},"end":{"line":83,"column":29}},"15":{"start":{"line":87,"column":4},"end":{"line":87,"column":90}},"16":{"start":{"line":91,"column":4},"end":{"line":91,"column":91}},"17":{"start":{"line":95,"column":4},"end":{"line":95,"column":90}},"18":{"start":{"line":99,"column":4},"end":{"line":99,"column":91}},"19":{"start":{"line":103,"column":4},"end":{"line":103,"column":24}},"20":{"start":{"line":107,"column":4},"end":{"line":107,"column":27}},"21":{"start":{"line":111,"column":4},"end":{"line":111,"column":34}},"22":{"start":{"line":115,"column":4},"end":{"line":115,"column":67}},"23":{"start":{"line":75,"column":0},"end":{"line":75,"column":13}},"24":{"start":{"line":119,"column":28},"end":{"line":121,"column":1}},"25":{"start":{"line":120,"column":2},"end":{"line":120,"column":22}},"26":{"start":{"line":119,"column":13},"end":{"line":119,"column":28}}},"fnMap":{"0":{"name":"(anonymous_0)","decl":{"start":{"line":35,"column":2},"end":{"line":35,"column":null}},"loc":{"start":{"line":35,"column":2},"end":{"line":38,"column":3}}},"1":{"name":"(anonymous_1)","decl":{"start":{"line":40,"column":2},"end":{"line":40,"column":6}},"loc":{"start":{"line":40,"column":57},"end":{"line":42,"column":3}}},"2":{"name":"(anonymous_2)","decl":{"start":{"line":44,"column":2},"end":{"line":44,"column":7}},"loc":{"start":{"line":44,"column":58},"end":{"line":46,"column":3}}},"3":{"name":"(anonymous_3)","decl":{"start":{"line":48,"column":2},"end":{"line":48,"column":6}},"loc":{"start":{"line":48,"column":57},"end":{"line":50,"column":3}}},"4":{"name":"(anonymous_4)","decl":{"start":{"line":52,"column":2},"end":{"line":52,"column":7}},"loc":{"start":{"line":52,"column":58},"end":{"line":54,"column":3}}},"5":{"name":"(anonymous_5)","decl":{"start":{"line":56,"column":2},"end":{"line":56,"column":12}},"loc":{"start":{"line":56,"column":12},"end":{"line":58,"column":3}}},"6":{"name":"(anonymous_6)","decl":{"start":{"line":60,"column":2},"end":{"line":60,"column":12}},"loc":{"start":{"line":60,"column":28},"end":{"line":62,"column":3}}},"7":{"name":"(anonymous_7)","decl":{"start":{"line":64,"column":2},"end":{"line":64,"column":19}},"loc":{"start":{"line":64,"column":52},"end":{"line":66,"column":3}}},"8":{"name":"(anonymous_8)","decl":{"start":{"line":68,"column":10},"end":{"line":68,"column":23}},"loc":{"start":{"line":68,"column":39},"end":{"line":70,"column":3}}},"9":{"name":"(anonymous_9)","decl":{"start":{"line":80,"column":2},"end":{"line":80,"column":null}},"loc":{"start":{"line":80,"column":2},"end":{"line":84,"column":3}}},"10":{"name":"(anonymous_10)","decl":{"start":{"line":86,"column":2},"end":{"line":86,"column":6}},"loc":{"start":{"line":86,"column":57},"end":{"line":88,"column":3}}},"11":{"name":"(anonymous_11)","decl":{"start":{"line":90,"column":2},"end":{"line":90,"column":7}},"loc":{"start":{"line":90,"column":58},"end":{"line":92,"column":3}}},"12":{"name":"(anonymous_12)","decl":{"start":{"line":94,"column":2},"end":{"line":94,"column":6}},"loc":{"start":{"line":94,"column":57},"end":{"line":96,"column":3}}},"13":{"name":"(anonymous_13)","decl":{"start":{"line":98,"column":2},"end":{"line":98,"column":7}},"loc":{"start":{"line":98,"column":58},"end":{"line":100,"column":3}}},"14":{"name":"(anonymous_14)","decl":{"start":{"line":102,"column":2},"end":{"line":102,"column":12}},"loc":{"start":{"line":102,"column":12},"end":{"line":104,"column":3}}},"15":{"name":"(anonymous_15)","decl":{"start":{"line":106,"column":2},"end":{"line":106,"column":12}},"loc":{"start":{"line":106,"column":28},"end":{"line":108,"column":3}}},"16":{"name":"(anonymous_16)","decl":{"start":{"line":110,"column":2},"end":{"line":110,"column":19}},"loc":{"start":{"line":110,"column":52},"end":{"line":112,"column":3}}},"17":{"name":"(anonymous_17)","decl":{"start":{"line":114,"column":10},"end":{"line":114,"column":23}},"loc":{"start":{"line":114,"column":39},"end":{"line":116,"column":3}}},"18":{"name":"(anonymous_18)","decl":{"start":{"line":119,"column":28},"end":{"line":119,"column":29}},"loc":{"start":{"line":119,"column":62},"end":{"line":121,"column":1}}}},"branchMap":{"0":{"loc":{"start":{"line":69,"column":11},"end":{"line":69,"column":66}},"type":"cond-expr","locations":[{"start":{"line":69,"column":26},"end":{"line":69,"column":56}},{"start":{"line":69,"column":59},"end":{"line":69,"column":66}}]},"1":{"loc":{"start":{"line":115,"column":11},"end":{"line":115,"column":66}},"type":"cond-expr","locations":[{"start":{"line":115,"column":26},"end":{"line":115,"column":56}},{"start":{"line":115,"column":59},"end":{"line":115,"column":66}}]}},"s":{"0":18,"1":18,"2":0,"3":3,"4":0,"5":0,"6":0,"7":0,"8":0,"9":3,"10":11,"11":11,"12":0,"13":0,"14":0,"15":0,"16":0,"17":0,"18":0,"19":0,"20":0,"21":0,"22":0,"23":11,"24":11,"25":7,"26":11},"f":{"0":18,"1":0,"2":3,"3":0,"4":0,"5":0,"6":0,"7":0,"8":3,"9":0,"10":0,"11":0,"12":0,"13":0,"14":0,"15":0,"16":0,"17":0,"18":7},"b":{"0":[0,3],"1":[0,0]}}
,"/Users/mastershy/ChainIntelAI/ChainIntelAI/backend/src/utils/traceId.ts": {"path":"/Users/mastershy/ChainIntelAI/ChainIntelAI/backend/src/utils/traceId.ts","statementMap":{"0":{"start":{"line":3,"column":0},"end":{"line":3,"column":16}},"1":{"start":{"line":7,"column":0},"end":{"line":7,"column":16}},"2":{"start":{"line":1,"column":0},"end":{"line":1,"column":37}},"3":{"start":{"line":4,"column":2},"end":{"line":4,"column":41}},"4":{"start":{"line":8,"column":2},"end":{"line":8,"column":40}}},"fnMap":{"0":{"name":"generateTraceId","decl":{"start":{"line":3,"column":16},"end":{"line":3,"column":31}},"loc":{"start":{"line":3,"column":31},"end":{"line":5,"column":1}}},"1":{"name":"isValidTraceId","decl":{"start":{"line":7,"column":16},"end":{"line":7,"column":30}},"loc":{"start":{"line":7,"column":46},"end":{"line":9,"column":1}}}},"branchMap":{},"s":{"0":1,"1":1,"2":1,"3":2,"4":0},"f":{"0":2,"1":0},"b":{}}
}
