TN:
SF:src/analyzer/MEVDetector.ts
FN:31,(anonymous_0)
FN:82,(anonymous_1)
FN:83,(anonymous_2)
FN:93,(anonymous_3)
FN:94,(anonymous_4)
FN:106,(anonymous_5)
FN:111,(anonymous_6)
FN:147,(anonymous_7)
FN:151,(anonymous_8)
FN:156,(anonymous_9)
FNF:10
FNH:0
FNDA:0,(anonymous_0)
FNDA:0,(anonymous_1)
FNDA:0,(anonymous_2)
FNDA:0,(anonymous_3)
FNDA:0,(anonymous_4)
FNDA:0,(anonymous_5)
FNDA:0,(anonymous_6)
FNDA:0,(anonymous_7)
FNDA:0,(anonymous_8)
FNDA:0,(anonymous_9)
DA:1,3
DA:2,3
DA:8,3
DA:10,3
DA:19,3
DA:32,0
DA:34,0
DA:35,0
DA:39,0
DA:43,0
DA:44,0
DA:48,0
DA:52,0
DA:53,0
DA:56,0
DA:60,0
DA:61,0
DA:64,0
DA:67,0
DA:69,0
DA:73,0
DA:83,0
DA:84,0
DA:94,0
DA:95,0
DA:107,0
DA:109,0
DA:111,0
DA:114,0
DA:115,0
DA:116,0
DA:117,0
DA:120,0
DA:126,0
DA:127,0
DA:129,0
DA:130,0
DA:135,0
DA:137,0
DA:148,0
DA:151,0
DA:154,0
DA:156,0
DA:159,0
DA:162,0
DA:163,0
DA:167,0
LF:47
LH:5
BRDA:34,0,0,0
BRDA:43,1,0,0
BRDA:43,2,0,0
BRDA:43,2,1,0
BRDA:52,3,0,0
BRDA:52,4,0,0
BRDA:52,4,1,0
BRDA:60,5,0,0
BRDA:71,6,0,0
BRDA:71,6,1,0
BRDA:107,7,0,0
BRDA:107,8,0,0
BRDA:107,8,1,0
BRDA:120,9,0,0
BRDA:120,10,0,0
BRDA:120,10,1,0
BRDA:120,10,2,0
BRDA:120,10,3,0
BRDA:129,11,0,0
BRDA:129,12,0,0
BRDA:129,12,1,0
BRDA:148,13,0,0
BRDA:154,14,0,0
BRDA:162,15,0,0
BRDA:162,16,0,0
BRDA:162,16,1,0
BRF:26
BRH:0
end_of_record
TN:
SF:src/analyzer/MLModel.ts
FN:23,(anonymous_0)
FN:107,(anonymous_1)
FN:134,(anonymous_2)
FN:150,(anonymous_3)
FN:156,(anonymous_4)
FN:193,(anonymous_5)
FN:211,(anonymous_6)
FN:245,(anonymous_7)
FNF:8
FNH:8
FNDA:6,(anonymous_0)
FNDA:5,(anonymous_1)
FNDA:5,(anonymous_2)
FNDA:5,(anonymous_3)
FNDA:6,(anonymous_4)
FNDA:5,(anonymous_5)
FNDA:5,(anonymous_6)
FNDA:5,(anonymous_7)
DA:1,2
DA:2,2
DA:3,2
DA:4,2
DA:17,2
DA:24,6
DA:25,6
DA:31,6
DA:34,5
DA:37,5
DA:40,5
DA:44,5
DA:51,5
DA:54,5
DA:60,5
DA:61,1
DA:65,5
DA:66,0
DA:70,5
DA:72,5
DA:80,5
DA:87,1
DA:93,1
DA:108,5
DA:110,5
DA:113,5
DA:115,5
DA:116,5
DA:119,5
DA:121,5
DA:124,5
DA:125,5
DA:126,5
DA:128,5
DA:129,1
DA:130,1
DA:134,5
DA:135,1
DA:136,1
DA:140,0
DA:141,0
DA:145,5
DA:147,5
DA:150,5
DA:151,1
DA:152,1
DA:156,6
DA:157,0
DA:158,0
DA:162,0
DA:163,0
DA:167,5
DA:169,5
DA:175,0
DA:180,0
DA:194,5
DA:195,5
DA:198,5
DA:199,1
DA:203,4
DA:212,5
DA:214,5
DA:215,5
DA:218,5
DA:219,0
DA:223,5
DA:224,2
DA:228,3
DA:229,0
DA:233,3
DA:236,0
DA:246,5
DA:247,5
DA:248,5
DA:249,3
LF:75
LH:63
BRDA:60,0,0,1
BRDA:65,1,0,0
BRDA:89,2,0,1
BRDA:89,2,1,0
BRDA:119,3,0,5
BRDA:119,3,1,0
BRDA:128,4,0,1
BRDA:134,5,0,1
BRDA:134,6,0,5
BRDA:134,6,1,4
BRDA:145,7,0,5
BRDA:145,7,1,0
BRDA:150,8,0,1
BRDA:150,9,0,5
BRDA:150,9,1,4
BRDA:156,10,0,0
BRDA:172,11,0,5
BRDA:172,11,1,0
BRDA:172,12,0,5
BRDA:172,12,1,5
BRDA:177,13,0,0
BRDA:177,13,1,0
BRDA:198,14,0,1
BRDA:198,15,0,5
BRDA:198,15,1,5
BRDA:212,16,0,0
BRDA:218,17,0,0
BRDA:223,18,0,2
BRDA:228,19,0,0
BRDA:246,20,0,0
BRDA:247,21,0,0
BRDA:248,22,0,2
BRF:32
BRH:19
end_of_record
TN:
SF:src/analyzer/RiskPatternAnalyzer.ts
FN:18,(anonymous_0)
FN:108,(anonymous_1)
FN:114,(anonymous_2)
FN:130,(anonymous_3)
FN:139,(anonymous_4)
FN:140,(anonymous_5)
FN:148,(anonymous_6)
FN:177,(anonymous_7)
FN:183,(anonymous_8)
FN:184,(anonymous_9)
FN:189,(anonymous_10)
FN:221,(anonymous_11)
FN:225,(anonymous_12)
FN:239,(anonymous_13)
FNF:14
FNH:13
FNDA:9,(anonymous_0)
FNDA:9,(anonymous_1)
FNDA:70,(anonymous_2)
FNDA:9,(anonymous_3)
FNDA:70,(anonymous_4)
FNDA:63,(anonymous_5)
FNDA:63,(anonymous_6)
FNDA:9,(anonymous_7)
FNDA:70,(anonymous_8)
FNDA:70,(anonymous_9)
FNDA:70,(anonymous_10)
FNDA:9,(anonymous_11)
FNDA:70,(anonymous_12)
FNDA:0,(anonymous_13)
DA:1,3
DA:2,3
DA:3,3
DA:4,3
DA:5,3
DA:6,3
DA:12,3
DA:19,9
DA:20,9
DA:26,9
DA:29,9
DA:30,9
DA:33,9
DA:34,9
DA:35,2
DA:36,2
DA:40,9
DA:41,9
DA:42,1
DA:43,1
DA:47,9
DA:48,9
DA:49,2
DA:50,2
DA:54,9
DA:55,9
DA:56,2
DA:57,2
DA:61,9
DA:62,7
DA:63,7
DA:64,2
DA:65,2
DA:70,9
DA:73,9
DA:75,9
DA:82,9
DA:88,0
DA:94,0
DA:109,9
DA:112,9
DA:114,70
DA:116,1
DA:120,1
DA:131,9
DA:133,7
DA:135,7
DA:138,7
DA:139,70
DA:140,63
DA:143,7
DA:144,7
DA:145,63
DA:148,63
DA:151,7
DA:152,2
DA:156,5
DA:157,0
DA:161,5
DA:162,0
DA:165,5
DA:167,0
DA:178,9
DA:180,7
DA:182,7
DA:183,70
DA:184,70
DA:186,7
DA:189,70
DA:190,7
DA:193,7
DA:196,7
DA:197,1
DA:201,6
DA:202,0
DA:206,6
DA:207,0
DA:210,6
DA:212,0
DA:222,9
DA:225,70
DA:226,7
DA:229,7
DA:230,2
DA:234,5
DA:235,0
DA:239,5
DA:240,5
DA:243,5
DA:244,0
DA:248,5
DA:249,0
DA:252,5
LF:93
LH:82
BRDA:34,0,0,2
BRDA:41,1,0,1
BRDA:48,2,0,2
BRDA:55,3,0,2
BRDA:61,4,0,7
BRDA:63,5,0,2
BRDA:90,6,0,0
BRDA:90,6,1,0
BRDA:114,7,0,8
BRDA:114,7,1,0
BRDA:118,8,0,1
BRDA:118,8,1,0
BRDA:131,9,0,2
BRDA:151,10,0,2
BRDA:156,11,0,0
BRDA:161,12,0,0
BRDA:161,13,0,5
BRDA:161,13,1,5
BRDA:161,13,2,0
BRDA:178,14,0,2
BRDA:178,15,0,9
BRDA:178,15,1,9
BRDA:184,16,0,70
BRDA:184,16,1,0
BRDA:186,17,0,0
BRDA:196,18,0,1
BRDA:201,19,0,0
BRDA:206,20,0,0
BRDA:222,21,0,2
BRDA:229,22,0,2
BRDA:234,23,0,0
BRDA:243,24,0,0
BRDA:248,25,0,0
BRDA:248,26,0,5
BRDA:248,26,1,0
BRF:35
BRH:20
end_of_record
TN:
SF:src/analyzer/TimeSeriesAnalyzer.ts
FN:14,(anonymous_0)
FN:20,(anonymous_1)
FN:21,(anonymous_2)
FN:46,(anonymous_3)
FN:75,(anonymous_4)
FN:77,(anonymous_5)
FN:86,(anonymous_6)
FN:89,(anonymous_7)
FN:90,(anonymous_8)
FN:99,(anonymous_9)
FN:134,(anonymous_10)
FN:154,(anonymous_11)
FN:160,(anonymous_12)
FN:166,(anonymous_13)
FN:174,(anonymous_14)
FNF:15
FNH:0
FNDA:0,(anonymous_0)
FNDA:0,(anonymous_1)
FNDA:0,(anonymous_2)
FNDA:0,(anonymous_3)
FNDA:0,(anonymous_4)
FNDA:0,(anonymous_5)
FNDA:0,(anonymous_6)
FNDA:0,(anonymous_7)
FNDA:0,(anonymous_8)
FNDA:0,(anonymous_9)
FNDA:0,(anonymous_10)
FNDA:0,(anonymous_11)
FNDA:0,(anonymous_12)
FNDA:0,(anonymous_13)
FNDA:0,(anonymous_14)
DA:2,3
DA:8,3
DA:15,0
DA:17,0
DA:19,0
DA:20,0
DA:21,0
DA:24,0
DA:25,0
DA:26,0
DA:30,0
DA:31,0
DA:34,0
DA:37,0
DA:40,0
DA:41,0
DA:45,0
DA:46,0
DA:47,0
DA:49,0
DA:50,0
DA:54,0
DA:55,0
DA:58,0
DA:59,0
DA:61,0
DA:63,0
DA:66,0
DA:76,0
DA:77,0
DA:87,0
DA:89,0
DA:90,0
DA:91,0
DA:100,0
DA:103,0
DA:104,0
DA:106,0
DA:107,0
DA:108,0
DA:111,0
DA:112,0
DA:113,0
DA:118,0
DA:119,0
DA:121,0
DA:122,0
DA:123,0
DA:125,0
DA:135,0
DA:137,0
DA:139,0
DA:140,0
DA:141,0
DA:142,0
DA:146,0
DA:155,0
DA:158,0
DA:160,0
DA:161,0
DA:162,0
DA:166,0
DA:169,0
DA:170,0
DA:174,0
DA:175,0
DA:177,0
DA:178,0
DA:181,0
LF:69
LH:2
BRDA:15,0,0,0
BRDA:40,1,0,0
BRDA:40,2,0,0
BRDA:40,2,1,0
BRDA:49,3,0,0
BRDA:49,4,0,0
BRDA:49,4,1,0
BRDA:64,5,0,0
BRDA:64,5,1,0
BRDA:76,6,0,0
BRDA:87,7,0,0
BRDA:100,8,0,0
BRDA:112,9,0,0
BRDA:121,10,0,0
BRDA:122,11,0,0
BRDA:123,12,0,0
BRDA:135,13,0,0
BRDA:141,14,0,0
BRDA:141,15,0,0
BRDA:141,15,1,0
BRDA:155,16,0,0
BRDA:169,17,0,0
BRDA:169,18,0,0
BRDA:169,18,1,0
BRDA:177,19,0,0
BRDA:177,20,0,0
BRDA:177,20,1,0
BRF:27
BRH:0
end_of_record
TN:
SF:src/analyzer/riskAnalyzer.ts
FN:16,(anonymous_0)
FN:64,(anonymous_1)
FN:74,(anonymous_2)
FN:194,(anonymous_3)
FN:233,(anonymous_4)
FN:258,(anonymous_5)
FNF:6
FNH:6
FNDA:8,(anonymous_0)
FNDA:10,(anonymous_1)
FNDA:8,(anonymous_2)
FNDA:8,(anonymous_3)
FNDA:8,(anonymous_4)
FNDA:2,(anonymous_5)
DA:1,2
DA:4,2
DA:5,2
DA:6,2
DA:7,2
DA:9,2
DA:17,8
DA:18,8
DA:24,8
DA:25,8
DA:28,8
DA:31,8
DA:32,8
DA:33,2
DA:34,2
DA:41,8
DA:42,8
DA:43,2
DA:44,2
DA:51,8
DA:52,8
DA:53,1
DA:54,1
DA:61,8
DA:64,8
DA:65,10
DA:66,10
DA:71,8
DA:74,8
DA:75,8
DA:76,8
DA:82,8
DA:90,8
DA:95,8
DA:100,8
DA:141,8
DA:148,8
DA:150,0
DA:156,0
DA:195,8
DA:197,8
DA:198,8
DA:201,7
DA:202,0
DA:206,7
DA:207,2
DA:211,5
DA:212,0
DA:216,5
DA:217,0
DA:221,5
DA:224,1
DA:235,8
DA:236,6
DA:240,2
DA:241,0
DA:245,2
DA:257,2
DA:258,2
DA:259,2
DA:262,0
LF:61
LH:54
BRDA:32,0,0,2
BRDA:42,1,0,2
BRDA:52,2,0,1
BRDA:65,3,0,10
BRDA:75,4,0,8
BRDA:90,5,0,0
BRDA:90,5,1,8
BRDA:91,6,0,1
BRDA:91,6,1,7
BRDA:92,7,0,1
BRDA:92,7,1,6
BRDA:95,8,0,0
BRDA:95,8,1,8
BRDA:96,9,0,1
BRDA:96,9,1,7
BRDA:97,10,0,1
BRDA:97,10,1,6
BRDA:107,11,0,1
BRDA:107,11,1,7
BRDA:108,12,0,0
BRDA:108,12,1,7
BRDA:152,13,0,0
BRDA:152,13,1,0
BRDA:195,14,0,0
BRDA:201,15,0,0
BRDA:206,16,0,2
BRDA:211,17,0,0
BRDA:216,18,0,0
BRDA:235,19,0,6
BRDA:240,20,0,0
BRDA:258,21,0,2
BRF:31
BRH:21
end_of_record
TN:
SF:src/analyzer/riskRules.ts
FNF:0
FNH:0
DA:4,0
DA:47,0
DA:75,0
DA:110,0
DA:134,0
DA:158,0
LF:6
LH:0
BRF:0
BRH:0
end_of_record
TN:
SF:src/config/default.ts
FN:92,validateConfig
FN:97,(anonymous_1)
FNF:2
FNH:0
FNDA:0,validateConfig
FNDA:0,(anonymous_1)
DA:1,0
DA:3,0
DA:5,0
DA:47,0
DA:92,0
DA:93,0
DA:94,0
DA:96,0
DA:97,0
DA:98,0
DA:100,0
DA:102,0
LF:12
LH:0
BRDA:49,0,0,0
BRDA:49,0,1,0
BRDA:50,1,0,0
BRDA:50,1,1,0
BRDA:51,2,0,0
BRDA:51,2,1,0
BRDA:54,3,0,0
BRDA:54,3,1,0
BRDA:55,4,0,0
BRDA:55,4,1,0
BRDA:58,5,0,0
BRDA:58,5,1,0
BRDA:59,6,0,0
BRDA:59,6,1,0
BRDA:60,7,0,0
BRDA:60,7,1,0
BRDA:61,8,0,0
BRDA:61,8,1,0
BRDA:62,9,0,0
BRDA:62,9,1,0
BRDA:65,10,0,0
BRDA:65,10,1,0
BRDA:66,11,0,0
BRDA:66,11,1,0
BRDA:68,12,0,0
BRDA:68,12,1,0
BRDA:73,13,0,0
BRDA:73,13,1,0
BRDA:76,14,0,0
BRDA:76,14,1,0
BRDA:77,15,0,0
BRDA:77,15,1,0
BRDA:96,16,0,0
BRF:33
BRH:0
end_of_record
TN:
SF:src/config/development.ts
FNF:0
FNH:0
DA:3,0
LF:1
LH:0
BRF:0
BRH:0
end_of_record
TN:
SF:src/config/index.ts
FN:69,loadConfig
FNF:1
FNH:0
FNDA:0,loadConfig
DA:7,0
DA:8,0
DA:9,0
DA:11,0
DA:55,0
DA:69,0
DA:70,0
DA:71,0
DA:72,0
DA:74,0
DA:75,0
LF:11
LH:0
BRDA:57,0,0,0
BRDA:57,0,1,0
BRF:2
BRH:0
end_of_record
TN:
SF:src/config/pipelineConfig.ts
FNF:0
FNH:0
DA:5,0
DA:8,0
DA:10,0
DA:30,0
LF:4
LH:0
BRDA:12,0,0,0
BRDA:12,0,1,0
BRDA:13,1,0,0
BRDA:13,1,1,0
BRDA:14,2,0,0
BRDA:14,2,1,0
BRDA:15,3,0,0
BRDA:15,3,1,0
BRDA:16,4,0,0
BRDA:16,4,1,0
BRDA:17,5,0,0
BRDA:17,5,1,0
BRDA:24,6,0,0
BRDA:24,6,1,0
BRDA:25,7,0,0
BRDA:25,7,1,0
BRF:16
BRH:0
end_of_record
TN:
SF:src/config/production.ts
FNF:0
FNH:0
DA:3,0
LF:1
LH:0
BRDA:5,0,0,0
BRDA:5,0,1,0
BRDA:6,1,0,0
BRDA:6,1,1,0
BRDA:7,2,0,0
BRDA:7,2,1,0
BRDA:8,3,0,0
BRDA:8,3,1,0
BRDA:9,4,0,0
BRDA:9,4,1,0
BRDA:12,5,0,0
BRDA:12,5,1,0
BRDA:13,6,0,0
BRDA:13,6,1,0
BRDA:15,7,0,0
BRDA:15,7,1,0
BRDA:20,8,0,0
BRDA:20,8,1,0
BRDA:23,9,0,0
BRDA:23,9,1,0
BRDA:24,10,0,0
BRDA:24,10,1,0
BRF:22
BRH:0
end_of_record
TN:
SF:src/database/index.ts
FN:12,initializeDatabase
FN:22,closeDatabase
FNF:2
FNH:0
FNDA:0,initializeDatabase
FNDA:0,closeDatabase
DA:1,0
DA:2,0
DA:4,0
DA:5,0
DA:6,0
DA:7,0
DA:8,0
DA:9,0
DA:10,0
DA:12,0
DA:13,0
DA:14,0
DA:17,0
DA:18,0
DA:22,0
DA:23,0
DA:24,0
DA:29,0
DA:30,0
LF:19
LH:0
BRF:0
BRH:0
end_of_record
TN:
SF:src/database/mongodb.ts
FN:11,connectMongoDB
FN:22,disconnectMongoDB
FN:33,(anonymous_3)
FN:37,(anonymous_4)
FN:41,(anonymous_5)
FNF:5
FNH:0
FNDA:0,connectMongoDB
FNDA:0,disconnectMongoDB
FNDA:0,(anonymous_3)
FNDA:0,(anonymous_4)
FNDA:0,(anonymous_5)
DA:1,0
DA:2,0
DA:3,0
DA:5,0
DA:11,0
DA:12,0
DA:13,0
DA:14,0
DA:15,0
DA:17,0
DA:18,0
DA:22,0
DA:23,0
DA:24,0
DA:25,0
DA:27,0
DA:28,0
DA:33,0
DA:34,0
DA:37,0
DA:38,0
DA:41,0
DA:42,0
LF:23
LH:0
BRF:0
BRH:0
end_of_record
TN:
SF:src/database/redis.ts
FN:21,(anonymous_1)
FN:25,(anonymous_2)
FN:29,(anonymous_3)
FN:33,(anonymous_4)
FN:39,(anonymous_5)
FN:49,(anonymous_6)
FN:61,(anonymous_7)
FN:69,(anonymous_8)
FNF:8
FNH:0
FNDA:0,(anonymous_1)
FNDA:0,(anonymous_2)
FNDA:0,(anonymous_3)
FNDA:0,(anonymous_4)
FNDA:0,(anonymous_5)
FNDA:0,(anonymous_6)
FNDA:0,(anonymous_7)
FNDA:0,(anonymous_8)
DA:1,0
DA:2,0
DA:3,0
DA:6,0
DA:12,0
DA:21,0
DA:22,0
DA:25,0
DA:26,0
DA:29,0
DA:30,0
DA:33,0
DA:34,0
DA:38,0
DA:40,0
DA:41,0
DA:42,0
DA:44,0
DA:45,0
DA:50,0
DA:51,0
DA:52,0
DA:54,0
DA:57,0
DA:62,0
DA:63,0
DA:65,0
DA:70,0
DA:71,0
DA:73,0
DA:74,0
LF:31
LH:0
BRDA:42,0,0,0
BRDA:42,0,1,0
BRDA:51,1,0,0
BRDA:51,1,1,0
BRF:4
BRH:0
end_of_record
TN:
SF:src/database/config/database.config.ts
FNF:0
FNH:0
DA:1,0
DA:22,0
LF:2
LH:0
BRDA:24,0,0,0
BRDA:24,0,1,0
BRDA:33,1,0,0
BRDA:33,1,1,0
BRDA:34,2,0,0
BRDA:34,2,1,0
BRDA:36,3,0,0
BRDA:36,3,1,0
BRF:8
BRH:0
end_of_record
TN:
SF:src/database/dao/AddressProfileDAO.ts
FN:14,(anonymous_0)
FN:25,(anonymous_1)
FN:45,(anonymous_2)
FN:62,(anonymous_3)
FN:79,(anonymous_4)
FN:96,(anonymous_5)
FN:113,(anonymous_6)
FNF:7
FNH:7
FNDA:2,(anonymous_0)
FNDA:2,(anonymous_1)
FNDA:1,(anonymous_2)
FNDA:1,(anonymous_3)
FNDA:1,(anonymous_4)
FNDA:1,(anonymous_5)
FNDA:2,(anonymous_6)
DA:2,4
DA:3,4
DA:4,4
DA:6,4
DA:11,4
DA:13,4
DA:15,2
DA:16,2
DA:17,1
DA:18,1
DA:20,1
DA:21,1
DA:26,2
DA:28,2
DA:29,2
DA:30,1
DA:34,1
DA:35,1
DA:36,1
DA:38,1
DA:40,0
DA:41,0
DA:46,1
DA:47,1
DA:52,1
DA:53,1
DA:55,1
DA:57,0
DA:58,0
DA:63,1
DA:64,1
DA:69,1
DA:70,1
DA:72,1
DA:74,0
DA:75,0
DA:80,1
DA:81,1
DA:86,1
DA:87,1
DA:89,1
DA:91,0
DA:92,0
DA:97,1
DA:98,1
DA:103,1
DA:104,1
DA:106,1
DA:108,0
DA:109,0
DA:114,2
DA:115,2
DA:116,2
DA:117,2
DA:119,0
DA:120,0
LF:56
LH:44
BRDA:29,0,0,1
BRDA:35,1,0,1
BRDA:52,2,0,1
BRDA:69,3,0,1
BRDA:86,4,0,1
BRDA:103,5,0,1
BRF:6
BRH:6
end_of_record
TN:
SF:src/database/dao/EventDAO.ts
FN:14,(anonymous_0)
FN:25,(anonymous_1)
FN:45,(anonymous_2)
FN:54,(anonymous_3)
FN:71,(anonymous_4)
FN:91,(anonymous_5)
FN:102,(anonymous_6)
FN:118,(anonymous_7)
FNF:8
FNH:7
FNDA:2,(anonymous_0)
FNDA:3,(anonymous_1)
FNDA:1,(anonymous_2)
FNDA:1,(anonymous_3)
FNDA:1,(anonymous_4)
FNDA:2,(anonymous_5)
FNDA:2,(anonymous_6)
FNDA:0,(anonymous_7)
DA:2,4
DA:3,4
DA:4,4
DA:6,4
DA:11,4
DA:13,4
DA:15,2
DA:16,2
DA:17,1
DA:18,1
DA:20,1
DA:21,1
DA:26,3
DA:28,3
DA:29,3
DA:30,1
DA:34,2
DA:35,2
DA:36,1
DA:38,2
DA:40,0
DA:41,0
DA:46,1
DA:47,1
DA:49,0
DA:50,0
DA:55,1
DA:56,1
DA:61,1
DA:62,1
DA:64,1
DA:66,0
DA:67,0
DA:75,1
DA:76,1
DA:81,1
DA:82,1
DA:84,1
DA:86,0
DA:87,0
DA:92,2
DA:93,2
DA:94,2
DA:95,2
DA:97,0
DA:98,0
DA:103,2
DA:104,2
DA:105,2
DA:107,0
DA:108,0
DA:119,0
DA:121,0
DA:130,0
DA:132,0
DA:133,0
LF:56
LH:39
BRDA:29,0,0,1
BRDA:35,1,0,1
BRDA:61,2,0,1
BRDA:81,3,0,1
BRDA:102,4,0,0
BRDA:118,5,0,0
BRF:6
BRH:4
end_of_record
TN:
SF:src/database/dao/RiskAnalysisDAO.ts
FN:14,(anonymous_0)
FN:25,(anonymous_1)
FN:45,(anonymous_2)
FN:62,(anonymous_3)
FN:73,(anonymous_4)
FNF:5
FNH:5
FNDA:2,(anonymous_0)
FNDA:2,(anonymous_1)
FNDA:1,(anonymous_2)
FNDA:2,(anonymous_3)
FNDA:2,(anonymous_4)
DA:2,1
DA:3,1
DA:4,1
DA:6,1
DA:11,1
DA:13,1
DA:15,2
DA:16,2
DA:17,1
DA:18,1
DA:20,1
DA:21,1
DA:26,2
DA:28,2
DA:29,2
DA:30,1
DA:34,1
DA:35,1
DA:36,1
DA:38,1
DA:40,0
DA:41,0
DA:46,1
DA:47,1
DA:52,1
DA:53,1
DA:55,1
DA:57,0
DA:58,0
DA:63,2
DA:64,2
DA:65,2
DA:66,2
DA:68,0
DA:69,0
DA:74,2
DA:75,2
DA:79,0
DA:80,0
LF:39
LH:31
BRDA:29,0,0,1
BRDA:35,1,0,1
BRDA:52,2,0,1
BRDA:73,3,0,0
BRF:4
BRH:3
end_of_record
TN:
SF:src/database/models/AddressProfile.ts
FN:31,(anonymous_0)
FNF:1
FNH:0
FNDA:0,(anonymous_0)
DA:1,3
DA:9,3
DA:25,3
DA:26,3
DA:27,3
DA:28,3
DA:31,3
DA:32,0
DA:33,0
DA:36,3
LF:10
LH:8
BRF:0
BRH:0
end_of_record
TN:
SF:src/database/models/EventRecord.ts
FN:46,(anonymous_0)
FNF:1
FNH:0
FNDA:0,(anonymous_0)
DA:1,3
DA:18,3
DA:40,3
DA:41,3
DA:42,3
DA:43,3
DA:46,3
DA:47,0
DA:48,0
DA:51,3
LF:10
LH:8
BRF:0
BRH:0
end_of_record
TN:
SF:src/database/models/RiskAnalysis.ts
FN:27,(anonymous_0)
FNF:1
FNH:0
FNDA:0,(anonymous_0)
DA:1,0
DA:11,0
DA:22,0
DA:23,0
DA:24,0
DA:27,0
DA:28,0
DA:29,0
DA:32,0
LF:9
LH:0
BRF:0
BRH:0
end_of_record
TN:
SF:src/monitoring/pipelineMonitor.ts
FN:21,(anonymous_0)
FN:49,(anonymous_1)
FN:83,(anonymous_2)
FN:88,(anonymous_3)
FN:93,(anonymous_4)
FN:98,(anonymous_5)
FN:103,(anonymous_6)
FN:108,(anonymous_7)
FN:113,(anonymous_8)
FNF:9
FNH:0
FNDA:0,(anonymous_0)
FNDA:0,(anonymous_1)
FNDA:0,(anonymous_2)
FNDA:0,(anonymous_3)
FNDA:0,(anonymous_4)
FNDA:0,(anonymous_5)
FNDA:0,(anonymous_6)
FNDA:0,(anonymous_7)
FNDA:0,(anonymous_8)
DA:1,0
DA:4,0
DA:22,0
DA:23,0
DA:26,0
DA:33,0
DA:39,0
DA:45,0
DA:50,0
DA:51,0
DA:52,0
DA:54,0
DA:55,0
DA:60,0
DA:67,0
DA:74,0
DA:84,0
DA:89,0
DA:94,0
DA:99,0
DA:104,0
DA:109,0
DA:114,0
LF:23
LH:0
BRDA:54,0,0,0
BRF:1
BRH:0
end_of_record
TN:
SF:src/notifier/dingtalk.ts
FN:4,(anonymous_1)
FN:6,(anonymous_2)
FNF:2
FNH:0
FNDA:0,(anonymous_1)
FNDA:0,(anonymous_2)
DA:1,0
DA:3,0
DA:4,0
DA:7,0
DA:8,0
DA:12,0
DA:13,0
DA:16,0
DA:17,0
LF:9
LH:0
BRDA:12,0,0,0
BRF:1
BRH:0
end_of_record
TN:
SF:src/notifier/feishu.ts
FN:4,(anonymous_1)
FN:6,(anonymous_2)
FNF:2
FNH:0
FNDA:0,(anonymous_1)
FNDA:0,(anonymous_2)
DA:1,0
DA:3,0
DA:4,0
DA:7,0
DA:8,0
DA:12,0
DA:13,0
DA:16,0
DA:17,0
LF:9
LH:0
BRDA:12,0,0,0
BRF:1
BRH:0
end_of_record
TN:
SF:src/notifier/notificationRouter.ts
FN:13,(anonymous_0)
FN:65,(anonymous_1)
FN:70,(anonymous_2)
FNF:3
FNH:2
FNDA:6,(anonymous_0)
FNDA:2,(anonymous_1)
FNDA:0,(anonymous_2)
DA:3,2
DA:12,2
DA:14,6
DA:16,6
DA:18,6
DA:19,1
DA:20,1
DA:24,5
DA:25,1
DA:30,1
DA:34,4
DA:37,4
DA:38,1
DA:43,1
DA:47,3
DA:49,2
DA:57,1
DA:61,1
DA:67,2
DA:72,0
LF:20
LH:19
BRDA:18,0,0,1
BRDA:24,1,0,1
BRDA:34,2,0,4
BRDA:34,2,1,4
BRDA:37,3,0,1
BRDA:59,4,0,1
BRDA:59,4,1,0
BRF:7
BRH:6
end_of_record
TN:
SF:src/notifier/slack.ts
FN:4,(anonymous_0)
FNF:1
FNH:0
FNDA:0,(anonymous_0)
DA:1,0
DA:3,0
DA:5,0
LF:3
LH:0
BRF:0
BRH:0
end_of_record
TN:
SF:src/pipeline/eventNormalizer.ts
FN:5,(anonymous_0)
FN:19,(anonymous_1)
FN:23,(anonymous_2)
FN:47,(anonymous_3)
FN:76,(anonymous_4)
FN:135,(anonymous_5)
FN:171,(anonymous_6)
FN:175,(anonymous_7)
FNF:8
FNH:6
FNDA:1,(anonymous_0)
FNDA:16,(anonymous_1)
FNDA:0,(anonymous_2)
FNDA:0,(anonymous_3)
FNDA:14,(anonymous_4)
FNDA:4,(anonymous_5)
FNDA:11,(anonymous_6)
FNDA:5,(anonymous_7)
DA:3,4
DA:5,5
DA:11,4
DA:13,16
DA:20,16
DA:24,0
DA:25,0
DA:28,0
DA:48,0
DA:49,0
DA:52,0
DA:53,0
DA:55,0
DA:77,14
DA:79,14
DA:80,2
DA:84,12
DA:85,6
DA:89,6
DA:90,1
DA:94,5
DA:95,1
DA:99,4
DA:102,4
DA:120,4
DA:125,4
DA:127,10
DA:131,10
DA:140,4
DA:141,4
DA:148,0
DA:150,0
DA:155,0
DA:163,0
DA:167,0
DA:172,11
DA:176,5
LF:37
LH:24
BRDA:24,0,0,0
BRDA:48,1,0,0
BRDA:53,2,0,0
BRDA:53,2,1,0
BRDA:79,3,0,2
BRDA:84,4,0,6
BRDA:84,5,0,12
BRDA:84,5,1,8
BRDA:84,5,2,8
BRDA:89,6,0,1
BRDA:89,7,0,6
BRDA:89,7,1,5
BRDA:94,8,0,1
BRDA:94,9,0,5
BRDA:94,9,1,5
BRDA:109,10,0,4
BRDA:109,10,1,0
BRDA:128,11,0,10
BRDA:128,11,1,0
BRDA:140,12,0,4
BRDA:140,13,0,4
BRDA:140,13,1,2
BRDA:164,14,0,0
BRDA:164,14,1,0
BRF:24
BRH:16
end_of_record
TN:
SF:src/pipeline/eventPipeline.ts
FN:17,(anonymous_0)
FN:24,(anonymous_1)
FN:97,(anonymous_2)
FN:102,(anonymous_3)
FN:106,(anonymous_4)
FNF:5
FNH:2
FNDA:2,(anonymous_0)
FNDA:2,(anonymous_1)
FNDA:0,(anonymous_2)
FNDA:0,(anonymous_3)
FNDA:0,(anonymous_4)
DA:2,1
DA:3,1
DA:4,1
DA:5,1
DA:7,1
DA:8,1
DA:9,1
DA:11,1
DA:18,2
DA:19,2
DA:20,2
DA:21,2
DA:25,2
DA:26,2
DA:28,2
DA:29,2
DA:30,1
DA:34,1
DA:35,1
DA:36,1
DA:38,0
DA:39,0
DA:43,1
DA:44,1
DA:45,1
DA:46,1
DA:47,1
DA:52,0
DA:53,0
DA:54,0
DA:55,0
DA:57,0
DA:58,0
DA:63,0
DA:64,0
DA:65,0
DA:66,0
DA:67,0
DA:69,0
DA:70,0
DA:74,0
DA:77,0
DA:78,0
DA:79,0
DA:80,0
DA:81,0
DA:83,0
DA:87,0
DA:92,1
DA:93,1
DA:98,0
DA:99,0
DA:103,0
DA:107,0
DA:108,0
DA:110,0
DA:111,0
DA:113,0
DA:114,0
DA:116,0
LF:60
LH:27
BRDA:29,0,0,2
BRDA:29,0,1,0
BRDA:35,1,0,1
BRDA:35,1,1,0
BRDA:43,2,0,1
BRDA:103,3,0,0
BRDA:103,3,1,0
BRDA:107,4,0,0
BRDA:110,5,0,0
BRDA:113,6,0,0
BRF:10
BRH:3
end_of_record
TN:
SF:src/pipeline/pipelineConfig.ts
FN:108,getRiskLevel
FN:121,getNotificationChannels
FN:126,validateConfig
FN:131,(anonymous_3)
FN:140,loadConfig
FN:151,(anonymous_5)
FNF:6
FNH:4
FNDA:17,getRiskLevel
FNDA:8,getNotificationChannels
FNDA:4,validateConfig
FNDA:5,(anonymous_3)
FNDA:0,loadConfig
FNDA:0,(anonymous_5)
DA:1,2
DA:3,2
DA:5,2
DA:60,2
DA:108,2
DA:109,17
DA:110,5
DA:112,12
DA:113,4
DA:115,8
DA:116,4
DA:118,4
DA:121,2
DA:122,8
DA:123,8
DA:126,2
DA:127,4
DA:128,4
DA:130,2
DA:131,2
DA:132,5
DA:134,2
DA:136,0
DA:140,2
DA:141,0
DA:143,0
DA:151,0
DA:199,0
DA:205,0
DA:207,0
DA:210,0
DA:212,0
DA:215,0
LF:33
LH:23
BRDA:83,0,0,2
BRDA:83,0,1,2
BRDA:109,1,0,5
BRDA:112,2,0,4
BRDA:115,3,0,4
BRDA:123,4,0,8
BRDA:123,4,1,0
BRDA:130,5,0,2
BRDA:146,6,0,0
BRDA:146,6,1,0
BRDA:147,7,0,0
BRDA:147,7,1,0
BRDA:148,8,0,0
BRDA:148,8,1,0
BRDA:149,9,0,0
BRDA:149,9,1,0
BRDA:160,10,0,0
BRDA:160,10,1,0
BRDA:161,11,0,0
BRDA:161,11,1,0
BRDA:162,12,0,0
BRDA:162,12,1,0
BRDA:165,13,0,0
BRDA:165,13,1,0
BRDA:166,14,0,0
BRDA:166,14,1,0
BRDA:167,15,0,0
BRDA:167,15,1,0
BRDA:168,16,0,0
BRDA:168,16,1,0
BRDA:172,17,0,0
BRDA:172,17,1,0
BRDA:173,18,0,0
BRDA:173,18,1,0
BRDA:174,19,0,0
BRDA:174,19,1,0
BRDA:175,20,0,0
BRDA:175,20,1,0
BRDA:176,21,0,0
BRDA:176,21,1,0
BRDA:177,22,0,0
BRDA:177,22,1,0
BRDA:178,23,0,0
BRDA:178,23,1,0
BRDA:179,24,0,0
BRDA:179,24,1,0
BRDA:182,25,0,0
BRDA:182,25,1,0
BRDA:183,26,0,0
BRDA:183,26,1,0
BRDA:184,27,0,0
BRDA:184,27,1,0
BRDA:185,28,0,0
BRDA:185,28,1,0
BRDA:186,29,0,0
BRDA:186,29,1,0
BRDA:190,30,0,0
BRDA:190,30,1,0
BRDA:191,31,0,0
BRDA:191,31,1,0
BRDA:192,32,0,0
BRDA:192,32,1,0
BRDA:194,33,0,0
BRDA:194,33,1,0
BRDA:195,34,0,0
BRDA:195,34,1,0
BRDA:213,35,0,0
BRDA:213,35,1,0
BRF:68
BRH:7
end_of_record
TN:
SF:src/pipeline/pipelineMonitor.ts
FN:45,(anonymous_1)
FN:49,(anonymous_2)
FN:142,(anonymous_3)
FN:161,(anonymous_4)
FN:166,(anonymous_5)
FN:171,(anonymous_6)
FN:178,(anonymous_7)
FN:185,(anonymous_8)
FN:192,(anonymous_9)
FN:199,(anonymous_10)
FN:204,(anonymous_11)
FN:209,(anonymous_12)
FN:231,(anonymous_13)
FN:259,(anonymous_14)
FN:268,(anonymous_15)
FN:277,(anonymous_16)
FN:287,(anonymous_17)
FN:291,(anonymous_18)
FN:295,(anonymous_19)
FN:299,(anonymous_20)
FN:306,(anonymous_21)
FN:312,(anonymous_22)
FN:316,(anonymous_23)
FN:325,(anonymous_24)
FN:329,(anonymous_25)
FN:332,(anonymous_26)
FN:335,(anonymous_27)
FNF:27
FNH:25
FNDA:0,(anonymous_1)
FNDA:36,(anonymous_2)
FNDA:0,(anonymous_3)
FNDA:16,(anonymous_4)
FNDA:9,(anonymous_5)
FNDA:4,(anonymous_6)
FNDA:3,(anonymous_7)
FNDA:3,(anonymous_8)
FNDA:4,(anonymous_9)
FNDA:11,(anonymous_10)
FNDA:4,(anonymous_11)
FNDA:8,(anonymous_12)
FNDA:8,(anonymous_13)
FNDA:8,(anonymous_14)
FNDA:8,(anonymous_15)
FNDA:8,(anonymous_16)
FNDA:15,(anonymous_17)
FNDA:8,(anonymous_18)
FNDA:5,(anonymous_19)
FNDA:2,(anonymous_20)
FNDA:2,(anonymous_21)
FNDA:3,(anonymous_22)
FNDA:3,(anonymous_23)
FNDA:1,(anonymous_24)
FNDA:1,(anonymous_25)
FNDA:2,(anonymous_26)
FNDA:1,(anonymous_27)
DA:1,3
DA:3,3
DA:7,3
DA:8,3
DA:12,3
DA:46,0
DA:50,36
DA:51,36
DA:52,36
DA:55,36
DA:56,36
DA:59,36
DA:60,36
DA:61,36
DA:62,36
DA:63,36
DA:66,36
DA:67,36
DA:74,36
DA:81,36
DA:89,36
DA:97,36
DA:104,36
DA:111,36
DA:118,36
DA:126,36
DA:132,36
DA:138,36
DA:143,0
DA:144,0
DA:145,0
DA:147,0
DA:148,0
DA:154,36
DA:155,33
DA:157,36
DA:158,36
DA:162,16
DA:163,16
DA:167,9
DA:168,9
DA:172,4
DA:173,2
DA:175,2
DA:179,3
DA:180,1
DA:182,2
DA:186,3
DA:187,1
DA:189,2
DA:193,4
DA:194,2
DA:196,2
DA:200,11
DA:201,11
DA:205,4
DA:210,8
DA:212,8
DA:218,8
DA:219,8
DA:225,2
DA:232,8
DA:233,3
DA:234,3
DA:237,5
DA:238,5
DA:249,5
DA:250,5
DA:251,3
DA:254,2
DA:255,2
DA:260,8
DA:261,4
DA:269,8
DA:270,3
DA:278,8
DA:287,15
DA:292,8
DA:296,5
DA:300,2
DA:306,2
DA:307,2
DA:309,2
DA:313,3
DA:317,3
DA:318,3
DA:319,3
DA:320,3
DA:321,3
DA:326,1
DA:330,1
DA:331,1
DA:332,2
DA:336,1
DA:337,1
DA:338,1
DA:339,1
DA:340,1
LF:98
LH:92
BRDA:147,0,0,0
BRDA:154,1,0,33
BRDA:163,2,0,16
BRDA:163,2,1,12
BRDA:168,3,0,9
BRDA:168,3,1,8
BRDA:172,4,0,2
BRDA:172,5,0,4
BRDA:172,5,1,2
BRDA:179,6,0,1
BRDA:179,7,0,3
BRDA:179,7,1,2
BRDA:186,8,0,1
BRDA:186,9,0,3
BRDA:186,9,1,2
BRDA:193,10,0,2
BRDA:193,11,0,4
BRDA:193,11,1,3
BRDA:201,12,0,11
BRDA:201,12,1,9
BRDA:226,13,0,2
BRDA:226,13,1,0
BRDA:232,14,0,3
BRDA:249,15,0,5
BRDA:260,16,0,4
BRDA:269,17,0,3
BRDA:292,18,0,8
BRDA:292,18,1,2
BRDA:296,19,0,5
BRDA:296,19,1,1
BRDA:318,20,0,3
BRDA:326,21,0,1
BRDA:326,21,1,0
BRDA:331,22,0,0
BRF:34
BRH:30
end_of_record
TN:
SF:src/profiling/addressProfiler.ts
FN:11,(anonymous_0)
FNF:1
FNH:0
FNDA:0,(anonymous_0)
DA:1,2
DA:2,2
DA:4,2
DA:10,2
DA:12,0
DA:15,0
DA:16,0
DA:29,0
DA:30,0
LF:9
LH:4
BRF:0
BRH:0
end_of_record
TN:
SF:src/types/events.ts
FN:7,(anonymous_0)
FN:79,(anonymous_1)
FN:99,(anonymous_2)
FNF:3
FNH:3
FNDA:17,(anonymous_0)
FNDA:17,(anonymous_1)
FNDA:17,(anonymous_2)
DA:7,17
DA:8,17
DA:9,17
DA:10,17
DA:11,17
DA:12,17
DA:13,17
DA:14,17
DA:15,17
DA:79,17
DA:80,17
DA:81,17
DA:82,17
DA:83,17
DA:99,17
DA:100,17
DA:101,17
DA:102,17
DA:103,17
LF:19
LH:19
BRDA:7,0,0,17
BRDA:7,0,1,17
BRDA:79,1,0,17
BRDA:79,1,1,17
BRDA:99,2,0,17
BRDA:99,2,1,17
BRF:6
BRH:6
end_of_record
TN:
SF:src/types/profile.ts
FN:1,(anonymous_0)
FNF:1
FNH:1
FNDA:5,(anonymous_0)
DA:1,5
DA:2,5
DA:3,5
DA:4,5
DA:5,5
DA:6,5
DA:7,5
DA:8,5
LF:8
LH:8
BRDA:1,0,0,5
BRDA:1,0,1,5
BRF:2
BRH:2
end_of_record
TN:
SF:src/types/riskAnalysis.ts
FN:3,(anonymous_0)
FNF:1
FNH:0
FNDA:0,(anonymous_0)
DA:1,0
DA:3,0
LF:2
LH:0
BRF:0
BRH:0
end_of_record
TN:
SF:src/utils/logger.ts
FN:35,(anonymous_0)
FN:40,(anonymous_1)
FN:44,(anonymous_2)
FN:48,(anonymous_3)
FN:52,(anonymous_4)
FN:56,(anonymous_5)
FN:60,(anonymous_6)
FN:64,(anonymous_7)
FN:68,(anonymous_8)
FN:80,(anonymous_9)
FN:86,(anonymous_10)
FN:90,(anonymous_11)
FN:94,(anonymous_12)
FN:98,(anonymous_13)
FN:102,(anonymous_14)
FN:106,(anonymous_15)
FN:110,(anonymous_16)
FN:114,(anonymous_17)
FN:119,(anonymous_18)
FNF:19
FNH:4
FNDA:18,(anonymous_0)
FNDA:0,(anonymous_1)
FNDA:3,(anonymous_2)
FNDA:0,(anonymous_3)
FNDA:0,(anonymous_4)
FNDA:0,(anonymous_5)
FNDA:0,(anonymous_6)
FNDA:0,(anonymous_7)
FNDA:3,(anonymous_8)
FNDA:0,(anonymous_9)
FNDA:0,(anonymous_10)
FNDA:0,(anonymous_11)
FNDA:0,(anonymous_12)
FNDA:0,(anonymous_13)
FNDA:0,(anonymous_14)
FNDA:0,(anonymous_15)
FNDA:0,(anonymous_16)
FNDA:0,(anonymous_17)
FNDA:7,(anonymous_18)
DA:31,11
DA:36,18
DA:37,18
DA:41,0
DA:45,3
DA:49,0
DA:53,0
DA:57,0
DA:61,0
DA:65,0
DA:69,3
DA:73,11
DA:75,11
DA:81,0
DA:82,0
DA:83,0
DA:87,0
DA:91,0
DA:95,0
DA:99,0
DA:103,0
DA:107,0
DA:111,0
DA:115,0
DA:119,11
DA:120,7
LF:26
LH:9
BRDA:69,0,0,0
BRDA:69,0,1,3
BRDA:115,1,0,0
BRDA:115,1,1,0
BRF:4
BRH:1
end_of_record
TN:
SF:src/utils/traceId.ts
FN:3,generateTraceId
FN:7,isValidTraceId
FNF:2
FNH:1
FNDA:2,generateTraceId
FNDA:0,isValidTraceId
DA:1,1
DA:3,1
DA:4,2
DA:7,1
DA:8,0
LF:5
LH:4
BRF:0
BRH:0
end_of_record
